{"/home/abishur/code/sel-programming-challenge/web/src/components/CSVDownload.tsx": {"path":"/home/abishur/code/sel-programming-challenge/web/src/components/CSVDownload.tsx","statementMap":{"0":{"start":{"line":7,"column":6},"end":{"line":45,"column":null}},"1":{"start":{"line":8,"column":20},"end":{"line":8,"column":null}},"2":{"start":{"line":9,"column":32},"end":{"line":9,"column":null}},"3":{"start":{"line":11,"column":10},"end":{"line":34,"column":null}},"4":{"start":{"line":13,"column":26},"end":{"line":18,"column":null}},"5":{"start":{"line":15,"column":78},"end":{"line":15,"column":146}},"6":{"start":{"line":17,"column":24},"end":{"line":17,"column":37}},"7":{"start":{"line":21,"column":21},"end":{"line":21,"column":null}},"8":{"start":{"line":24,"column":20},"end":{"line":24,"column":null}},"9":{"start":{"line":25,"column":21},"end":{"line":25,"column":null}},"10":{"start":{"line":26,"column":8},"end":{"line":26,"column":null}},"11":{"start":{"line":27,"column":8},"end":{"line":27,"column":null}},"12":{"start":{"line":28,"column":8},"end":{"line":28,"column":41}},"13":{"start":{"line":28,"column":41},"end":{"line":28,"column":null}},"14":{"start":{"line":29,"column":8},"end":{"line":29,"column":null}},"15":{"start":{"line":30,"column":8},"end":{"line":30,"column":null}},"16":{"start":{"line":31,"column":8},"end":{"line":31,"column":null}},"17":{"start":{"line":33,"column":8},"end":{"line":33,"column":null}},"18":{"start":{"line":36,"column":4},"end":{"line":44,"column":null}},"19":{"start":{"line":39,"column":16},"end":{"line":39,"column":null}},"20":{"start":{"line":39,"column":49},"end":{"line":39,"column":54}},"21":{"start":{"line":42,"column":112},"end":{"line":42,"column":144}}},"fnMap":{"0":{"name":"(anonymous_0)","decl":{"start":{"line":7,"column":6},"end":{"line":7,"column":19}},"loc":{"start":{"line":7,"column":115},"end":{"line":45,"column":null}},"line":7},"1":{"name":"(anonymous_1)","decl":{"start":{"line":11,"column":10},"end":{"line":11,"column":30}},"loc":{"start":{"line":11,"column":30},"end":{"line":34,"column":null}},"line":11},"2":{"name":"(anonymous_2)","decl":{"start":{"line":15,"column":20},"end":{"line":15,"column":25}},"loc":{"start":{"line":15,"column":78},"end":{"line":15,"column":146}},"line":15},"3":{"name":"(anonymous_3)","decl":{"start":{"line":17,"column":13},"end":{"line":17,"column":17}},"loc":{"start":{"line":17,"column":24},"end":{"line":17,"column":37}},"line":17},"4":{"name":"(anonymous_4)","decl":{"start":{"line":38,"column":20},"end":{"line":38,"column":35}},"loc":{"start":{"line":38,"column":35},"end":{"line":40,"column":15}},"line":38},"5":{"name":"(anonymous_5)","decl":{"start":{"line":39,"column":16},"end":{"line":39,"column":40}},"loc":{"start":{"line":39,"column":49},"end":{"line":39,"column":54}},"line":39},"6":{"name":"(anonymous_6)","decl":{"start":{"line":42,"column":96},"end":{"line":42,"column":112}},"loc":{"start":{"line":42,"column":112},"end":{"line":42,"column":144}},"line":42}},"branchMap":{"0":{"loc":{"start":{"line":27,"column":24},"end":{"line":27,"column":null}},"type":"binary-expr","locations":[{"start":{"line":27,"column":24},"end":{"line":27,"column":36}},{"start":{"line":27,"column":36},"end":{"line":27,"column":null}}],"line":27},"1":{"loc":{"start":{"line":42,"column":16},"end":{"line":44,"column":null}},"type":"binary-expr","locations":[{"start":{"line":42,"column":16},"end":{"line":42,"column":39}},{"start":{"line":42,"column":39},"end":{"line":44,"column":null}}],"line":42}},"s":{"0":1,"1":15,"2":15,"3":15,"4":0,"5":0,"6":0,"7":0,"8":0,"9":0,"10":0,"11":0,"12":0,"13":0,"14":0,"15":0,"16":0,"17":0,"18":15,"19":0,"20":0,"21":0},"f":{"0":15,"1":0,"2":0,"3":0,"4":0,"5":0,"6":0},"b":{"0":[0,0],"1":[15,0]},"meta":{"lastBranch":2,"lastFunction":7,"lastStatement":22,"seen":{"s:7:6:45:Infinity":0,"f:7:6:7:19":0,"s:8:20:8:Infinity":1,"s:9:32:9:Infinity":2,"s:11:10:34:Infinity":3,"f:11:10:11:30":1,"s:13:26:18:Infinity":4,"f:15:20:15:25":2,"s:15:78:15:146":5,"f:17:13:17:17":3,"s:17:24:17:37":6,"s:21:21:21:Infinity":7,"s:24:20:24:Infinity":8,"s:25:21:25:Infinity":9,"s:26:8:26:Infinity":10,"s:27:8:27:Infinity":11,"b:27:24:27:36:27:36:27:Infinity":0,"s:28:8:28:41":12,"s:28:41:28:Infinity":13,"s:29:8:29:Infinity":14,"s:30:8:30:Infinity":15,"s:31:8:31:Infinity":16,"s:33:8:33:Infinity":17,"s:36:4:44:Infinity":18,"f:38:20:38:35":4,"s:39:16:39:Infinity":19,"f:39:16:39:40":5,"s:39:49:39:54":20,"b:42:16:42:39:42:39:44:Infinity":1,"f:42:96:42:112":6,"s:42:112:42:144":21}}}
,"/home/abishur/code/sel-programming-challenge/web/src/components/ConfirmDialog.tsx": {"path":"/home/abishur/code/sel-programming-challenge/web/src/components/ConfirmDialog.tsx","statementMap":{"0":{"start":{"line":6,"column":4},"end":{"line":29,"column":null}},"1":{"start":{"line":8,"column":12},"end":{"line":8,"column":null}},"2":{"start":{"line":8,"column":23},"end":{"line":8,"column":null}},"3":{"start":{"line":17,"column":24},"end":{"line":17,"column":null}},"4":{"start":{"line":18,"column":24},"end":{"line":23,"column":null}}},"fnMap":{"0":{"name":"ConfirmDialog","decl":{"start":{"line":5,"column":24},"end":{"line":5,"column":38}},"loc":{"start":{"line":5,"column":138},"end":{"line":31,"column":null}},"line":5},"1":{"name":"(anonymous_1)","decl":{"start":{"line":7,"column":28},"end":{"line":7,"column":43}},"loc":{"start":{"line":7,"column":52},"end":{"line":9,"column":null}},"line":7},"2":{"name":"(anonymous_2)","decl":{"start":{"line":16,"column":28},"end":{"line":16,"column":43}},"loc":{"start":{"line":16,"column":43},"end":{"line":24,"column":23}},"line":16},"3":{"name":"(anonymous_3)","decl":{"start":{"line":21,"column":32},"end":{"line":21,"column":47}},"loc":{"start":{"line":21,"column":47},"end":{"line":21,"column":null}},"line":21}},"branchMap":{"0":{"loc":{"start":{"line":8,"column":12},"end":{"line":8,"column":null}},"type":"if","locations":[{"start":{"line":8,"column":12},"end":{"line":8,"column":null}},{"start":{},"end":{}}],"line":8}},"s":{"0":0,"1":0,"2":0,"3":0,"4":0},"f":{"0":0,"1":0,"2":0,"3":0},"b":{"0":[0,0]},"meta":{"lastBranch":1,"lastFunction":4,"lastStatement":5,"seen":{"f:5:24:5:38":0,"s:6:4:29:Infinity":0,"f:7:28:7:43":1,"b:8:12:8:Infinity:undefined:undefined:undefined:undefined":0,"s:8:12:8:Infinity":1,"s:8:23:8:Infinity":2,"f:16:28:16:43":2,"s:17:24:17:Infinity":3,"s:18:24:23:Infinity":4,"f:21:32:21:47":3}}}
,"/home/abishur/code/sel-programming-challenge/web/src/components/ConnectionStatus.tsx": {"path":"/home/abishur/code/sel-programming-challenge/web/src/components/ConnectionStatus.tsx","statementMap":{"0":{"start":{"line":15,"column":22},"end":{"line":15,"column":null}},"1":{"start":{"line":16,"column":11},"end":{"line":19,"column":null}},"2":{"start":{"line":21,"column":24},"end":{"line":21,"column":null}},"3":{"start":{"line":23,"column":8},"end":{"line":23,"column":null}},"4":{"start":{"line":24,"column":8},"end":{"line":24,"column":null}},"5":{"start":{"line":27,"column":4},"end":{"line":81,"column":null}},"6":{"start":{"line":72,"column":57},"end":{"line":72,"column":null}},"7":{"start":{"line":76,"column":57},"end":{"line":76,"column":null}}},"fnMap":{"0":{"name":"ConnectionStatus","decl":{"start":{"line":14,"column":24},"end":{"line":14,"column":43}},"loc":{"start":{"line":14,"column":43},"end":{"line":83,"column":null}},"line":14},"1":{"name":"logout","decl":{"start":{"line":22,"column":19},"end":{"line":22,"column":28}},"loc":{"start":{"line":22,"column":28},"end":{"line":25,"column":null}},"line":22},"2":{"name":"(anonymous_2)","decl":{"start":{"line":72,"column":42},"end":{"line":72,"column":57}},"loc":{"start":{"line":72,"column":57},"end":{"line":72,"column":null}},"line":72},"3":{"name":"(anonymous_3)","decl":{"start":{"line":76,"column":42},"end":{"line":76,"column":57}},"loc":{"start":{"line":76,"column":57},"end":{"line":76,"column":null}},"line":76}},"branchMap":{"0":{"loc":{"start":{"line":17,"column":14},"end":{"line":17,"column":null}},"type":"binary-expr","locations":[{"start":{"line":17,"column":14},"end":{"line":17,"column":55}},{"start":{"line":17,"column":55},"end":{"line":17,"column":null}}],"line":17},"1":{"loc":{"start":{"line":18,"column":17},"end":{"line":18,"column":null}},"type":"binary-expr","locations":[{"start":{"line":18,"column":17},"end":{"line":18,"column":94}},{"start":{"line":18,"column":94},"end":{"line":18,"column":null}}],"line":18},"2":{"loc":{"start":{"line":40,"column":75},"end":{"line":40,"column":null}},"type":"cond-expr","locations":[{"start":{"line":40,"column":106},"end":{"line":40,"column":137}},{"start":{"line":40,"column":137},"end":{"line":40,"column":null}}],"line":40},"3":{"loc":{"start":{"line":44,"column":41},"end":{"line":44,"column":null}},"type":"cond-expr","locations":[{"start":{"line":44,"column":72},"end":{"line":44,"column":86}},{"start":{"line":44,"column":86},"end":{"line":44,"column":null}}],"line":44},"4":{"loc":{"start":{"line":50,"column":37},"end":{"line":50,"column":null}},"type":"cond-expr","locations":[{"start":{"line":50,"column":68},"end":{"line":50,"column":96}},{"start":{"line":50,"column":96},"end":{"line":50,"column":null}}],"line":50}},"s":{"0":5,"1":5,"2":5,"3":1,"4":1,"5":5,"6":1,"7":1},"f":{"0":5,"1":1,"2":1,"3":1},"b":{"0":[5,0],"1":[5,0],"2":[4,1],"3":[4,1],"4":[4,1]},"meta":{"lastBranch":5,"lastFunction":4,"lastStatement":8,"seen":{"f:14:24:14:43":0,"s:15:22:15:Infinity":0,"s:16:11:19:Infinity":1,"b:17:14:17:55:17:55:17:Infinity":0,"b:18:17:18:94:18:94:18:Infinity":1,"s:21:24:21:Infinity":2,"f:22:19:22:28":1,"s:23:8:23:Infinity":3,"s:24:8:24:Infinity":4,"s:27:4:81:Infinity":5,"b:40:106:40:137:40:137:40:Infinity":2,"b:44:72:44:86:44:86:44:Infinity":3,"b:50:68:50:96:50:96:50:Infinity":4,"f:72:42:72:57":2,"s:72:57:72:Infinity":6,"f:76:42:76:57":3,"s:76:57:76:Infinity":7}}}
,"/home/abishur/code/sel-programming-challenge/web/src/components/DataTableComponent.tsx": {"path":"/home/abishur/code/sel-programming-challenge/web/src/components/DataTableComponent.tsx","statementMap":{"0":{"start":{"line":54,"column":20},"end":{"line":54,"column":null}},"1":{"start":{"line":55,"column":26},"end":{"line":57,"column":null}},"2":{"start":{"line":58,"column":22},"end":{"line":58,"column":null}},"3":{"start":{"line":60,"column":10},"end":{"line":79,"column":null}},"4":{"start":{"line":81,"column":4},"end":{"line":83,"column":null}},"5":{"start":{"line":82,"column":8},"end":{"line":82,"column":null}},"6":{"start":{"line":85,"column":22},"end":{"line":85,"column":null}},"7":{"start":{"line":86,"column":21},"end":{"line":86,"column":null}},"8":{"start":{"line":87,"column":29},"end":{"line":87,"column":null}},"9":{"start":{"line":88,"column":27},"end":{"line":88,"column":null}},"10":{"start":{"line":90,"column":21},"end":{"line":90,"column":null}},"11":{"start":{"line":92,"column":4},"end":{"line":241,"column":null}},"12":{"start":{"line":102,"column":62},"end":{"line":102,"column":null}},"13":{"start":{"line":119,"column":28},"end":{"line":119,"column":null}},"14":{"start":{"line":126,"column":24},"end":{"line":126,"column":null}},"15":{"start":{"line":127,"column":24},"end":{"line":132,"column":null}},"16":{"start":{"line":143,"column":28},"end":{"line":156,"column":null}},"17":{"start":{"line":145,"column":36},"end":{"line":153,"column":null}},"18":{"start":{"line":162,"column":32},"end":{"line":172,"column":null}},"19":{"start":{"line":165,"column":51},"end":{"line":165,"column":null}},"20":{"start":{"line":168,"column":40},"end":{"line":170,"column":null}},"21":{"start":{"line":194,"column":43},"end":{"line":194,"column":null}},"22":{"start":{"line":204,"column":43},"end":{"line":204,"column":null}},"23":{"start":{"line":214,"column":43},"end":{"line":214,"column":null}},"24":{"start":{"line":224,"column":43},"end":{"line":224,"column":null}},"25":{"start":{"line":233,"column":42},"end":{"line":233,"column":null}},"26":{"start":{"line":234,"column":34},"end":{"line":234,"column":null}},"27":{"start":{"line":235,"column":28},"end":{"line":235,"column":null}}},"fnMap":{"0":{"name":"DataTableComponent","decl":{"start":{"line":46,"column":16},"end":{"line":46,"column":50}},"loc":{"start":{"line":52,"column":34},"end":{"line":243,"column":null}},"line":52},"1":{"name":"(anonymous_1)","decl":{"start":{"line":81,"column":4},"end":{"line":81,"column":20}},"loc":{"start":{"line":81,"column":20},"end":{"line":83,"column":7}},"line":81},"2":{"name":"(anonymous_2)","decl":{"start":{"line":102,"column":28},"end":{"line":102,"column":44}},"loc":{"start":{"line":102,"column":62},"end":{"line":102,"column":null}},"line":102},"3":{"name":"(anonymous_3)","decl":{"start":{"line":118,"column":24},"end":{"line":118,"column":35}},"loc":{"start":{"line":119,"column":28},"end":{"line":119,"column":null}},"line":119},"4":{"name":"(anonymous_4)","decl":{"start":{"line":125,"column":28},"end":{"line":125,"column":43}},"loc":{"start":{"line":125,"column":43},"end":{"line":133,"column":null}},"line":125},"5":{"name":"(anonymous_5)","decl":{"start":{"line":130,"column":32},"end":{"line":130,"column":47}},"loc":{"start":{"line":130,"column":47},"end":{"line":130,"column":null}},"line":130},"6":{"name":"(anonymous_6)","decl":{"start":{"line":142,"column":49},"end":{"line":142,"column":54}},"loc":{"start":{"line":143,"column":28},"end":{"line":156,"column":null}},"line":143},"7":{"name":"(anonymous_7)","decl":{"start":{"line":144,"column":53},"end":{"line":144,"column":58}},"loc":{"start":{"line":144,"column":69},"end":{"line":155,"column":33}},"line":144},"8":{"name":"(anonymous_8)","decl":{"start":{"line":161,"column":53},"end":{"line":161,"column":58}},"loc":{"start":{"line":162,"column":32},"end":{"line":172,"column":null}},"line":162},"9":{"name":"(anonymous_9)","decl":{"start":{"line":165,"column":36},"end":{"line":165,"column":51}},"loc":{"start":{"line":165,"column":51},"end":{"line":165,"column":null}},"line":165},"10":{"name":"(anonymous_10)","decl":{"start":{"line":167,"column":59},"end":{"line":167,"column":64}},"loc":{"start":{"line":168,"column":40},"end":{"line":170,"column":null}},"line":168},"11":{"name":"(anonymous_11)","decl":{"start":{"line":194,"column":28},"end":{"line":194,"column":43}},"loc":{"start":{"line":194,"column":43},"end":{"line":194,"column":null}},"line":194},"12":{"name":"(anonymous_12)","decl":{"start":{"line":204,"column":28},"end":{"line":204,"column":43}},"loc":{"start":{"line":204,"column":43},"end":{"line":204,"column":null}},"line":204},"13":{"name":"(anonymous_13)","decl":{"start":{"line":214,"column":28},"end":{"line":214,"column":43}},"loc":{"start":{"line":214,"column":43},"end":{"line":214,"column":null}},"line":214},"14":{"name":"(anonymous_14)","decl":{"start":{"line":224,"column":28},"end":{"line":224,"column":43}},"loc":{"start":{"line":224,"column":43},"end":{"line":224,"column":null}},"line":224},"15":{"name":"(anonymous_15)","decl":{"start":{"line":232,"column":29},"end":{"line":232,"column":34}},"loc":{"start":{"line":232,"column":42},"end":{"line":236,"column":25}},"line":232}},"branchMap":{"0":{"loc":{"start":{"line":117,"column":32},"end":{"line":117,"column":null}},"type":"binary-expr","locations":[{"start":{"line":117,"column":32},"end":{"line":117,"column":94}},{"start":{"line":117,"column":94},"end":{"line":117,"column":null}}],"line":117},"1":{"loc":{"start":{"line":127,"column":33},"end":{"line":127,"column":147}},"type":"cond-expr","locations":[{"start":{"line":127,"column":61},"end":{"line":127,"column":129}},{"start":{"line":127,"column":129},"end":{"line":127,"column":147}}],"line":127},"2":{"loc":{"start":{"line":134,"column":25},"end":{"line":134,"column":null}},"type":"cond-expr","locations":[{"start":{"line":134,"column":52},"end":{"line":134,"column":69}},{"start":{"line":134,"column":69},"end":{"line":134,"column":null}}],"line":134},"3":{"loc":{"start":{"line":147,"column":45},"end":{"line":152,"column":null}},"type":"cond-expr","locations":[{"start":{"line":148,"column":50},"end":{"line":148,"column":null}},{"start":{"line":148,"column":50},"end":{"line":152,"column":null}}],"line":147},"4":{"loc":{"start":{"line":160,"column":25},"end":{"line":181,"column":null}},"type":"cond-expr","locations":[{"start":{"line":161,"column":28},"end":{"line":173,"column":null}},{"start":{"line":175,"column":28},"end":{"line":181,"column":null}}],"line":160},"5":{"loc":{"start":{"line":164,"column":48},"end":{"line":164,"column":null}},"type":"binary-expr","locations":[{"start":{"line":164,"column":48},"end":{"line":164,"column":71}},{"start":{"line":164,"column":71},"end":{"line":164,"column":null}}],"line":164},"6":{"loc":{"start":{"line":234,"column":59},"end":{"line":234,"column":91}},"type":"binary-expr","locations":[{"start":{"line":234,"column":59},"end":{"line":234,"column":80}},{"start":{"line":234,"column":80},"end":{"line":234,"column":91}}],"line":234}},"s":{"0":15,"1":15,"2":15,"3":15,"4":15,"5":6,"6":15,"7":15,"8":15,"9":15,"10":15,"11":15,"12":0,"13":1,"14":0,"15":0,"16":15,"17":75,"18":44,"19":1,"20":220,"21":0,"22":0,"23":1,"24":0,"25":65,"26":65,"27":65},"f":{"0":15,"1":6,"2":0,"3":1,"4":0,"5":0,"6":15,"7":75,"8":44,"9":1,"10":220,"11":0,"12":0,"13":1,"14":0,"15":65},"b":{"0":[15,14],"1":[0,0],"2":[0,15],"3":[0,75],"4":[15,0],"5":[44,0],"6":[65,0]},"meta":{"lastBranch":7,"lastFunction":16,"lastStatement":28,"seen":{"f:46:16:46:50":0,"s:54:20:54:Infinity":0,"s:55:26:57:Infinity":1,"s:58:22:58:Infinity":2,"s:60:10:79:Infinity":3,"s:81:4:83:Infinity":4,"f:81:4:81:20":1,"s:82:8:82:Infinity":5,"s:85:22:85:Infinity":6,"s:86:21:86:Infinity":7,"s:87:29:87:Infinity":8,"s:88:27:88:Infinity":9,"s:90:21:90:Infinity":10,"s:92:4:241:Infinity":11,"f:102:28:102:44":2,"s:102:62:102:Infinity":12,"b:117:32:117:94:117:94:117:Infinity":0,"f:118:24:118:35":3,"s:119:28:119:Infinity":13,"f:125:28:125:43":4,"s:126:24:126:Infinity":14,"s:127:24:132:Infinity":15,"b:127:61:127:129:127:129:127:147":1,"f:130:32:130:47":5,"b:134:52:134:69:134:69:134:Infinity":2,"f:142:49:142:54":6,"s:143:28:156:Infinity":16,"f:144:53:144:58":7,"s:145:36:153:Infinity":17,"b:148:50:148:Infinity:148:50:152:Infinity":3,"b:161:28:173:Infinity:175:28:181:Infinity":4,"f:161:53:161:58":8,"s:162:32:172:Infinity":18,"b:164:48:164:71:164:71:164:Infinity":5,"f:165:36:165:51":9,"s:165:51:165:Infinity":19,"f:167:59:167:64":10,"s:168:40:170:Infinity":20,"f:194:28:194:43":11,"s:194:43:194:Infinity":21,"f:204:28:204:43":12,"s:204:43:204:Infinity":22,"f:214:28:214:43":13,"s:214:43:214:Infinity":23,"f:224:28:224:43":14,"s:224:43:224:Infinity":24,"f:232:29:232:34":15,"s:233:42:233:Infinity":25,"s:234:34:234:Infinity":26,"b:234:59:234:80:234:80:234:91":6,"s:235:28:235:Infinity":27}}}
,"/home/abishur/code/sel-programming-challenge/web/src/components/ErrorDialog.tsx": {"path":"/home/abishur/code/sel-programming-challenge/web/src/components/ErrorDialog.tsx","statementMap":{"0":{"start":{"line":27,"column":4},"end":{"line":50,"column":null}},"1":{"start":{"line":28,"column":49},"end":{"line":28,"column":null}}},"fnMap":{"0":{"name":"ErrorDialog","decl":{"start":{"line":19,"column":24},"end":{"line":19,"column":36}},"loc":{"start":{"line":26,"column":21},"end":{"line":52,"column":null}},"line":26},"1":{"name":"(anonymous_1)","decl":{"start":{"line":28,"column":28},"end":{"line":28,"column":43}},"loc":{"start":{"line":28,"column":49},"end":{"line":28,"column":null}},"line":28}},"branchMap":{"0":{"loc":{"start":{"line":28,"column":49},"end":{"line":28,"column":null}},"type":"binary-expr","locations":[{"start":{"line":28,"column":49},"end":{"line":28,"column":55}},{"start":{"line":28,"column":55},"end":{"line":28,"column":null}}],"line":28},"1":{"loc":{"start":{"line":35,"column":21},"end":{"line":40,"column":null}},"type":"binary-expr","locations":[{"start":{"line":35,"column":21},"end":{"line":35,"column":null}},{"start":{"line":36,"column":24},"end":{"line":40,"column":null}}],"line":35},"2":{"loc":{"start":{"line":40,"column":21},"end":{"line":45,"column":null}},"type":"binary-expr","locations":[{"start":{"line":40,"column":21},"end":{"line":40,"column":null}},{"start":{"line":41,"column":24},"end":{"line":45,"column":null}}],"line":40}},"s":{"0":12,"1":0},"f":{"0":12,"1":0},"b":{"0":[0,0],"1":[12,0],"2":[12,12]},"meta":{"lastBranch":3,"lastFunction":2,"lastStatement":2,"seen":{"f:19:24:19:36":0,"s:27:4:50:Infinity":0,"f:28:28:28:43":1,"s:28:49:28:Infinity":1,"b:28:49:28:55:28:55:28:Infinity":0,"b:35:21:35:Infinity:36:24:40:Infinity":1,"b:40:21:40:Infinity:41:24:45:Infinity":2}}}
,"/home/abishur/code/sel-programming-challenge/web/src/components/SymbolDetailView.tsx": {"path":"/home/abishur/code/sel-programming-challenge/web/src/components/SymbolDetailView.tsx","statementMap":{"0":{"start":{"line":14,"column":4},"end":{"line":18,"column":null}},"1":{"start":{"line":23,"column":64},"end":{"line":23,"column":null}},"2":{"start":{"line":24,"column":20},"end":{"line":24,"column":null}},"3":{"start":{"line":25,"column":18},"end":{"line":25,"column":null}},"4":{"start":{"line":26,"column":19},"end":{"line":26,"column":null}},"5":{"start":{"line":26,"column":37},"end":{"line":26,"column":52}},"6":{"start":{"line":28,"column":4},"end":{"line":53,"column":null}},"7":{"start":{"line":29,"column":8},"end":{"line":51,"column":null}},"8":{"start":{"line":45,"column":51},"end":{"line":45,"column":67}},"9":{"start":{"line":55,"column":4},"end":{"line":122,"column":null}},"10":{"start":{"line":112,"column":40},"end":{"line":114,"column":null}},"11":{"start":{"line":131,"column":22},"end":{"line":134,"column":null}},"12":{"start":{"line":131,"column":73},"end":{"line":134,"column":6}},"13":{"start":{"line":137,"column":24},"end":{"line":142,"column":null}},"14":{"start":{"line":144,"column":29},"end":{"line":144,"column":null}},"15":{"start":{"line":145,"column":25},"end":{"line":145,"column":null}},"16":{"start":{"line":146,"column":25},"end":{"line":146,"column":null}},"17":{"start":{"line":148,"column":10},"end":{"line":148,"column":null}},"18":{"start":{"line":149,"column":4},"end":{"line":153,"column":null}},"19":{"start":{"line":150,"column":8},"end":{"line":152,"column":null}},"20":{"start":{"line":151,"column":12},"end":{"line":151,"column":null}},"21":{"start":{"line":155,"column":4},"end":{"line":155,"column":null}},"22":{"start":{"line":157,"column":4},"end":{"line":193,"column":null}},"23":{"start":{"line":177,"column":28},"end":{"line":177,"column":null}}},"fnMap":{"0":{"name":"DetailRow","decl":{"start":{"line":13,"column":9},"end":{"line":13,"column":19}},"loc":{"start":{"line":13,"column":80},"end":{"line":20,"column":null}},"line":13},"1":{"name":"SymbolDetailView","decl":{"start":{"line":22,"column":24},"end":{"line":22,"column":41}},"loc":{"start":{"line":22,"column":69},"end":{"line":124,"column":null}},"line":22},"2":{"name":"(anonymous_2)","decl":{"start":{"line":26,"column":27},"end":{"line":26,"column":32}},"loc":{"start":{"line":26,"column":37},"end":{"line":26,"column":52}},"line":26},"3":{"name":"(anonymous_3)","decl":{"start":{"line":45,"column":36},"end":{"line":45,"column":51}},"loc":{"start":{"line":45,"column":51},"end":{"line":45,"column":67}},"line":45},"4":{"name":"(anonymous_4)","decl":{"start":{"line":111,"column":126},"end":{"line":111,"column":131}},"loc":{"start":{"line":112,"column":40},"end":{"line":114,"column":null}},"line":112},"5":{"name":"SymbolDetailViewChart","decl":{"start":{"line":126,"column":16},"end":{"line":126,"column":38}},"loc":{"start":{"line":126,"column":98},"end":{"line":195,"column":null}},"line":126},"6":{"name":"(anonymous_6)","decl":{"start":{"line":131,"column":37},"end":{"line":131,"column":42}},"loc":{"start":{"line":131,"column":73},"end":{"line":134,"column":6}},"line":131},"7":{"name":"(anonymous_7)","decl":{"start":{"line":149,"column":4},"end":{"line":149,"column":20}},"loc":{"start":{"line":149,"column":20},"end":{"line":153,"column":7}},"line":149},"8":{"name":"(anonymous_8)","decl":{"start":{"line":176,"column":24},"end":{"line":176,"column":40}},"loc":{"start":{"line":177,"column":28},"end":{"line":177,"column":null}},"line":177}},"branchMap":{"0":{"loc":{"start":{"line":28,"column":4},"end":{"line":53,"column":null}},"type":"if","locations":[{"start":{"line":28,"column":4},"end":{"line":53,"column":null}},{"start":{},"end":{}}],"line":28},"1":{"loc":{"start":{"line":40,"column":29},"end":{"line":42,"column":null}},"type":"cond-expr","locations":[{"start":{"line":41,"column":34},"end":{"line":41,"column":null}},{"start":{"line":42,"column":34},"end":{"line":42,"column":null}}],"line":40},"2":{"loc":{"start":{"line":44,"column":25},"end":{"line":47,"column":null}},"type":"binary-expr","locations":[{"start":{"line":44,"column":25},"end":{"line":44,"column":null}},{"start":{"line":45,"column":28},"end":{"line":47,"column":null}}],"line":44},"3":{"loc":{"start":{"line":76,"column":32},"end":{"line":78,"column":null}},"type":"cond-expr","locations":[{"start":{"line":77,"column":38},"end":{"line":77,"column":null}},{"start":{"line":78,"column":38},"end":{"line":78,"column":null}}],"line":76},"4":{"loc":{"start":{"line":99,"column":62},"end":{"line":99,"column":90}},"type":"binary-expr","locations":[{"start":{"line":99,"column":62},"end":{"line":99,"column":85}},{"start":{"line":99,"column":85},"end":{"line":99,"column":90}}],"line":99},"5":{"loc":{"start":{"line":110,"column":34},"end":{"line":115,"column":null}},"type":"binary-expr","locations":[{"start":{"line":110,"column":34},"end":{"line":110,"column":null}},{"start":{"line":111,"column":36},"end":{"line":115,"column":null}}],"line":110},"6":{"loc":{"start":{"line":112,"column":65},"end":{"line":112,"column":null}},"type":"cond-expr","locations":[{"start":{"line":112,"column":74},"end":{"line":112,"column":95}},{"start":{"line":112,"column":95},"end":{"line":112,"column":null}}],"line":112},"7":{"loc":{"start":{"line":131,"column":22},"end":{"line":134,"column":null}},"type":"binary-expr","locations":[{"start":{"line":131,"column":22},"end":{"line":134,"column":11}},{"start":{"line":134,"column":11},"end":{"line":134,"column":null}}],"line":131},"8":{"loc":{"start":{"line":150,"column":8},"end":{"line":152,"column":null}},"type":"if","locations":[{"start":{"line":150,"column":8},"end":{"line":152,"column":null}},{"start":{},"end":{}}],"line":150},"9":{"loc":{"start":{"line":161,"column":27},"end":{"line":161,"column":null}},"type":"cond-expr","locations":[{"start":{"line":161,"column":42},"end":{"line":161,"column":51}},{"start":{"line":161,"column":51},"end":{"line":161,"column":null}}],"line":161},"10":{"loc":{"start":{"line":162,"column":23},"end":{"line":162,"column":null}},"type":"cond-expr","locations":[{"start":{"line":162,"column":38},"end":{"line":162,"column":83}},{"start":{"line":162,"column":83},"end":{"line":162,"column":null}}],"line":162}},"s":{"0":7,"1":5,"2":5,"3":5,"4":5,"5":5,"6":5,"7":4,"8":1,"9":1,"10":2,"11":1,"12":1,"13":1,"14":1,"15":1,"16":1,"17":1,"18":1,"19":1,"20":1,"21":1,"22":1,"23":2},"f":{"0":7,"1":5,"2":5,"3":1,"4":2,"5":1,"6":1,"7":1,"8":2},"b":{"0":[4,1],"1":[1,3],"2":[4,3],"3":[1,0],"4":[5,0],"5":[5,1],"6":[0,2],"7":[1,0],"8":[1,0],"9":[0,1],"10":[0,1]},"meta":{"lastBranch":11,"lastFunction":9,"lastStatement":24,"seen":{"f:13:9:13:19":0,"s:14:4:18:Infinity":0,"f:22:24:22:41":1,"s:23:64:23:Infinity":1,"s:24:20:24:Infinity":2,"s:25:18:25:Infinity":3,"s:26:19:26:Infinity":4,"f:26:27:26:32":2,"s:26:37:26:52":5,"b:28:4:53:Infinity:undefined:undefined:undefined:undefined":0,"s:28:4:53:Infinity":6,"s:29:8:51:Infinity":7,"b:41:34:41:Infinity:42:34:42:Infinity":1,"b:44:25:44:Infinity:45:28:47:Infinity":2,"f:45:36:45:51":3,"s:45:51:45:67":8,"s:55:4:122:Infinity":9,"b:77:38:77:Infinity:78:38:78:Infinity":3,"b:99:62:99:85:99:85:99:90":4,"b:110:34:110:Infinity:111:36:115:Infinity":5,"f:111:126:111:131":4,"s:112:40:114:Infinity":10,"b:112:74:112:95:112:95:112:Infinity":6,"f:126:16:126:38":5,"s:131:22:134:Infinity":11,"b:131:22:134:11:134:11:134:Infinity":7,"f:131:37:131:42":6,"s:131:73:134:6":12,"s:137:24:142:Infinity":13,"s:144:29:144:Infinity":14,"s:145:25:145:Infinity":15,"s:146:25:146:Infinity":16,"s:148:10:148:Infinity":17,"s:149:4:153:Infinity":18,"f:149:4:149:20":7,"b:150:8:152:Infinity:undefined:undefined:undefined:undefined":8,"s:150:8:152:Infinity":19,"s:151:12:151:Infinity":20,"s:155:4:155:Infinity":21,"s:157:4:193:Infinity":22,"b:161:42:161:51:161:51:161:Infinity":9,"b:162:38:162:83:162:83:162:Infinity":10,"f:176:24:176:40":8,"s:177:28:177:Infinity":23}}}
,"/home/abishur/code/sel-programming-challenge/web/src/components/SymbolsDashboard.tsx": {"path":"/home/abishur/code/sel-programming-challenge/web/src/components/SymbolsDashboard.tsx","statementMap":{"0":{"start":{"line":28,"column":8},"end":{"line":29,"column":null}},"1":{"start":{"line":31,"column":29},"end":{"line":31,"column":null}},"2":{"start":{"line":32,"column":27},"end":{"line":32,"column":null}},"3":{"start":{"line":34,"column":4},"end":{"line":38,"column":null}},"4":{"start":{"line":35,"column":8},"end":{"line":37,"column":null}},"5":{"start":{"line":36,"column":12},"end":{"line":36,"column":null}},"6":{"start":{"line":40,"column":4},"end":{"line":42,"column":null}},"7":{"start":{"line":41,"column":8},"end":{"line":41,"column":null}},"8":{"start":{"line":41,"column":51},"end":{"line":41,"column":null}},"9":{"start":{"line":44,"column":30},"end":{"line":54,"column":null}},"10":{"start":{"line":45,"column":22},"end":{"line":45,"column":null}},"11":{"start":{"line":46,"column":8},"end":{"line":53,"column":null}},"12":{"start":{"line":56,"column":4},"end":{"line":58,"column":null}},"13":{"start":{"line":57,"column":8},"end":{"line":57,"column":null}},"14":{"start":{"line":60,"column":4},"end":{"line":85,"column":null}},"15":{"start":{"line":66,"column":41},"end":{"line":66,"column":null}},"16":{"start":{"line":68,"column":43},"end":{"line":68,"column":null}},"17":{"start":{"line":73,"column":31},"end":{"line":73,"column":null}},"18":{"start":{"line":80,"column":31},"end":{"line":80,"column":null}},"19":{"start":{"line":89,"column":47},"end":{"line":168,"column":null}},"20":{"start":{"line":93,"column":12},"end":{"line":99,"column":null}},"21":{"start":{"line":95,"column":31},"end":{"line":95,"column":null}},"22":{"start":{"line":105,"column":12},"end":{"line":111,"column":null}},"23":{"start":{"line":107,"column":31},"end":{"line":107,"column":null}},"24":{"start":{"line":114,"column":22},"end":{"line":114,"column":null}},"25":{"start":{"line":115,"column":12},"end":{"line":115,"column":null}},"26":{"start":{"line":121,"column":12},"end":{"line":127,"column":null}},"27":{"start":{"line":123,"column":31},"end":{"line":123,"column":null}},"28":{"start":{"line":129,"column":27},"end":{"line":129,"column":null}},"29":{"start":{"line":134,"column":12},"end":{"line":140,"column":null}},"30":{"start":{"line":136,"column":31},"end":{"line":136,"column":null}},"31":{"start":{"line":143,"column":32},"end":{"line":143,"column":null}},"32":{"start":{"line":144,"column":12},"end":{"line":144,"column":null}},"33":{"start":{"line":144,"column":30},"end":{"line":144,"column":null}},"34":{"start":{"line":145,"column":31},"end":{"line":145,"column":null}},"35":{"start":{"line":146,"column":12},"end":{"line":149,"column":null}},"36":{"start":{"line":156,"column":12},"end":{"line":158,"column":null}},"37":{"start":{"line":161,"column":32},"end":{"line":161,"column":null}},"38":{"start":{"line":162,"column":12},"end":{"line":162,"column":null}},"39":{"start":{"line":162,"column":30},"end":{"line":162,"column":null}},"40":{"start":{"line":163,"column":12},"end":{"line":164,"column":null}}},"fnMap":{"0":{"name":"SymbolsDashboard","decl":{"start":{"line":19,"column":24},"end":{"line":19,"column":41}},"loc":{"start":{"line":19,"column":83},"end":{"line":87,"column":null}},"line":19},"1":{"name":"(anonymous_1)","decl":{"start":{"line":34,"column":4},"end":{"line":34,"column":20}},"loc":{"start":{"line":34,"column":20},"end":{"line":38,"column":7}},"line":34},"2":{"name":"(anonymous_2)","decl":{"start":{"line":40,"column":4},"end":{"line":40,"column":20}},"loc":{"start":{"line":40,"column":20},"end":{"line":42,"column":7}},"line":40},"3":{"name":"(anonymous_3)","decl":{"start":{"line":44,"column":38},"end":{"line":44,"column":43}},"loc":{"start":{"line":44,"column":49},"end":{"line":54,"column":5}},"line":44},"4":{"name":"(anonymous_4)","decl":{"start":{"line":66,"column":20},"end":{"line":66,"column":33}},"loc":{"start":{"line":66,"column":41},"end":{"line":66,"column":null}},"line":66},"5":{"name":"(anonymous_5)","decl":{"start":{"line":68,"column":20},"end":{"line":68,"column":35}},"loc":{"start":{"line":68,"column":43},"end":{"line":68,"column":null}},"line":68},"6":{"name":"(anonymous_6)","decl":{"start":{"line":73,"column":16},"end":{"line":73,"column":31}},"loc":{"start":{"line":73,"column":31},"end":{"line":73,"column":null}},"line":73},"7":{"name":"(anonymous_7)","decl":{"start":{"line":80,"column":16},"end":{"line":80,"column":31}},"loc":{"start":{"line":80,"column":31},"end":{"line":80,"column":null}},"line":80},"8":{"name":"(anonymous_8)","decl":{"start":{"line":92,"column":8},"end":{"line":92,"column":17}},"loc":{"start":{"line":93,"column":12},"end":{"line":99,"column":null}},"line":93},"9":{"name":"(anonymous_9)","decl":{"start":{"line":95,"column":16},"end":{"line":95,"column":31}},"loc":{"start":{"line":95,"column":31},"end":{"line":95,"column":null}},"line":95},"10":{"name":"(anonymous_10)","decl":{"start":{"line":104,"column":8},"end":{"line":104,"column":17}},"loc":{"start":{"line":105,"column":12},"end":{"line":111,"column":null}},"line":105},"11":{"name":"(anonymous_11)","decl":{"start":{"line":107,"column":16},"end":{"line":107,"column":31}},"loc":{"start":{"line":107,"column":31},"end":{"line":107,"column":null}},"line":107},"12":{"name":"(anonymous_12)","decl":{"start":{"line":113,"column":8},"end":{"line":113,"column":15}},"loc":{"start":{"line":113,"column":27},"end":{"line":116,"column":null}},"line":113},"13":{"name":"(anonymous_13)","decl":{"start":{"line":120,"column":8},"end":{"line":120,"column":17}},"loc":{"start":{"line":121,"column":12},"end":{"line":127,"column":null}},"line":121},"14":{"name":"(anonymous_14)","decl":{"start":{"line":123,"column":16},"end":{"line":123,"column":31}},"loc":{"start":{"line":123,"column":31},"end":{"line":123,"column":null}},"line":123},"15":{"name":"(anonymous_15)","decl":{"start":{"line":129,"column":8},"end":{"line":129,"column":15}},"loc":{"start":{"line":129,"column":27},"end":{"line":129,"column":null}},"line":129},"16":{"name":"(anonymous_16)","decl":{"start":{"line":133,"column":8},"end":{"line":133,"column":17}},"loc":{"start":{"line":134,"column":12},"end":{"line":140,"column":null}},"line":134},"17":{"name":"(anonymous_17)","decl":{"start":{"line":136,"column":16},"end":{"line":136,"column":31}},"loc":{"start":{"line":136,"column":31},"end":{"line":136,"column":null}},"line":136},"18":{"name":"(anonymous_18)","decl":{"start":{"line":142,"column":8},"end":{"line":142,"column":15}},"loc":{"start":{"line":142,"column":27},"end":{"line":151,"column":null}},"line":142},"19":{"name":"(anonymous_19)","decl":{"start":{"line":155,"column":8},"end":{"line":155,"column":null}},"loc":{"start":{"line":156,"column":12},"end":{"line":158,"column":null}},"line":156},"20":{"name":"(anonymous_20)","decl":{"start":{"line":160,"column":8},"end":{"line":160,"column":15}},"loc":{"start":{"line":160,"column":27},"end":{"line":166,"column":null}},"line":160}},"branchMap":{"0":{"loc":{"start":{"line":35,"column":8},"end":{"line":37,"column":null}},"type":"if","locations":[{"start":{"line":35,"column":8},"end":{"line":37,"column":null}},{"start":{},"end":{}}],"line":35},"1":{"loc":{"start":{"line":35,"column":12},"end":{"line":35,"column":72}},"type":"binary-expr","locations":[{"start":{"line":35,"column":12},"end":{"line":35,"column":24}},{"start":{"line":35,"column":24},"end":{"line":35,"column":48}},{"start":{"line":35,"column":48},"end":{"line":35,"column":72}}],"line":35},"2":{"loc":{"start":{"line":41,"column":8},"end":{"line":41,"column":null}},"type":"if","locations":[{"start":{"line":41,"column":8},"end":{"line":41,"column":null}},{"start":{},"end":{}}],"line":41},"3":{"loc":{"start":{"line":56,"column":4},"end":{"line":58,"column":null}},"type":"if","locations":[{"start":{"line":56,"column":4},"end":{"line":58,"column":null}},{"start":{},"end":{}}],"line":56},"4":{"loc":{"start":{"line":56,"column":8},"end":{"line":56,"column":38}},"type":"binary-expr","locations":[{"start":{"line":56,"column":8},"end":{"line":56,"column":19}},{"start":{"line":56,"column":19},"end":{"line":56,"column":38}}],"line":56},"5":{"loc":{"start":{"line":68,"column":43},"end":{"line":68,"column":null}},"type":"cond-expr","locations":[{"start":{"line":68,"column":48},"end":{"line":68,"column":65}},{"start":{"line":68,"column":65},"end":{"line":68,"column":null}}],"line":68},"6":{"loc":{"start":{"line":75,"column":25},"end":{"line":75,"column":null}},"type":"binary-expr","locations":[{"start":{"line":75,"column":25},"end":{"line":75,"column":51}},{"start":{"line":75,"column":51},"end":{"line":75,"column":null}}],"line":75},"7":{"loc":{"start":{"line":82,"column":25},"end":{"line":82,"column":null}},"type":"binary-expr","locations":[{"start":{"line":82,"column":25},"end":{"line":82,"column":43}},{"start":{"line":82,"column":43},"end":{"line":82,"column":null}}],"line":82},"8":{"loc":{"start":{"line":115,"column":25},"end":{"line":115,"column":39}},"type":"binary-expr","locations":[{"start":{"line":115,"column":25},"end":{"line":115,"column":30}},{"start":{"line":115,"column":30},"end":{"line":115,"column":39}}],"line":115},"9":{"loc":{"start":{"line":129,"column":33},"end":{"line":129,"column":60}},"type":"binary-expr","locations":[{"start":{"line":129,"column":33},"end":{"line":129,"column":51}},{"start":{"line":129,"column":51},"end":{"line":129,"column":60}}],"line":129},"10":{"loc":{"start":{"line":144,"column":12},"end":{"line":144,"column":null}},"type":"if","locations":[{"start":{"line":144,"column":12},"end":{"line":144,"column":null}},{"start":{},"end":{}}],"line":144},"11":{"loc":{"start":{"line":162,"column":12},"end":{"line":162,"column":null}},"type":"if","locations":[{"start":{"line":162,"column":12},"end":{"line":162,"column":null}},{"start":{},"end":{}}],"line":162}},"s":{"0":7,"1":7,"2":7,"3":7,"4":7,"5":0,"6":7,"7":7,"8":0,"9":7,"10":23,"11":23,"12":7,"13":1,"14":6,"15":1,"16":0,"17":0,"18":0,"19":1,"20":15,"21":1,"22":15,"23":0,"24":44,"25":44,"26":15,"27":0,"28":44,"29":15,"30":0,"31":44,"32":44,"33":0,"34":44,"35":44,"36":15,"37":44,"38":44,"39":0,"40":44},"f":{"0":7,"1":7,"2":7,"3":23,"4":1,"5":0,"6":0,"7":0,"8":15,"9":1,"10":15,"11":0,"12":44,"13":15,"14":0,"15":44,"16":15,"17":0,"18":44,"19":15,"20":44},"b":{"0":[0,7],"1":[7,6,0],"2":[0,7],"3":[1,6],"4":[7,1],"5":[0,0],"6":[6,6],"7":[7,6],"8":[44,0],"9":[44,0],"10":[0,44],"11":[0,44]},"meta":{"lastBranch":12,"lastFunction":21,"lastStatement":41,"seen":{"f:19:24:19:41":0,"s:28:8:29:Infinity":0,"s:31:29:31:Infinity":1,"s:32:27:32:Infinity":2,"s:34:4:38:Infinity":3,"f:34:4:34:20":1,"b:35:8:37:Infinity:undefined:undefined:undefined:undefined":0,"s:35:8:37:Infinity":4,"b:35:12:35:24:35:24:35:48:35:48:35:72":1,"s:36:12:36:Infinity":5,"s:40:4:42:Infinity":6,"f:40:4:40:20":2,"b:41:8:41:Infinity:undefined:undefined:undefined:undefined":2,"s:41:8:41:Infinity":7,"s:41:51:41:Infinity":8,"s:44:30:54:Infinity":9,"f:44:38:44:43":3,"s:45:22:45:Infinity":10,"s:46:8:53:Infinity":11,"b:56:4:58:Infinity:undefined:undefined:undefined:undefined":3,"s:56:4:58:Infinity":12,"b:56:8:56:19:56:19:56:38":4,"s:57:8:57:Infinity":13,"s:60:4:85:Infinity":14,"f:66:20:66:33":4,"s:66:41:66:Infinity":15,"f:68:20:68:35":5,"s:68:43:68:Infinity":16,"b:68:48:68:65:68:65:68:Infinity":5,"f:73:16:73:31":6,"s:73:31:73:Infinity":17,"b:75:25:75:51:75:51:75:Infinity":6,"f:80:16:80:31":7,"s:80:31:80:Infinity":18,"b:82:25:82:43:82:43:82:Infinity":7,"s:89:47:168:Infinity":19,"f:92:8:92:17":8,"s:93:12:99:Infinity":20,"f:95:16:95:31":9,"s:95:31:95:Infinity":21,"f:104:8:104:17":10,"s:105:12:111:Infinity":22,"f:107:16:107:31":11,"s:107:31:107:Infinity":23,"f:113:8:113:15":12,"s:114:22:114:Infinity":24,"s:115:12:115:Infinity":25,"b:115:25:115:30:115:30:115:39":8,"f:120:8:120:17":13,"s:121:12:127:Infinity":26,"f:123:16:123:31":14,"s:123:31:123:Infinity":27,"f:129:8:129:15":15,"s:129:27:129:Infinity":28,"b:129:33:129:51:129:51:129:60":9,"f:133:8:133:17":16,"s:134:12:140:Infinity":29,"f:136:16:136:31":17,"s:136:31:136:Infinity":30,"f:142:8:142:15":18,"s:143:32:143:Infinity":31,"b:144:12:144:Infinity:undefined:undefined:undefined:undefined":10,"s:144:12:144:Infinity":32,"s:144:30:144:Infinity":33,"s:145:31:145:Infinity":34,"s:146:12:149:Infinity":35,"f:155:8:155:Infinity":19,"s:156:12:158:Infinity":36,"f:160:8:160:15":20,"s:161:32:161:Infinity":37,"b:162:12:162:Infinity:undefined:undefined:undefined:undefined":11,"s:162:12:162:Infinity":38,"s:162:30:162:Infinity":39,"s:163:12:164:Infinity":40}}}
,"/home/abishur/code/sel-programming-challenge/web/src/components/UserMenu.tsx": {"path":"/home/abishur/code/sel-programming-challenge/web/src/components/UserMenu.tsx","statementMap":{"0":{"start":{"line":16,"column":21},"end":{"line":16,"column":null}},"1":{"start":{"line":16,"column":60},"end":{"line":16,"column":96}},"2":{"start":{"line":17,"column":4},"end":{"line":17,"column":null}},"3":{"start":{"line":18,"column":46},"end":{"line":18,"column":null}},"4":{"start":{"line":20,"column":4},"end":{"line":27,"column":null}},"5":{"start":{"line":21,"column":8},"end":{"line":21,"column":null}},"6":{"start":{"line":22,"column":8},"end":{"line":26,"column":null}},"7":{"start":{"line":23,"column":12},"end":{"line":23,"column":null}},"8":{"start":{"line":25,"column":12},"end":{"line":25,"column":null}},"9":{"start":{"line":29,"column":10},"end":{"line":37,"column":null}},"10":{"start":{"line":30,"column":8},"end":{"line":34,"column":null}},"11":{"start":{"line":35,"column":8},"end":{"line":35,"column":null}},"12":{"start":{"line":36,"column":8},"end":{"line":36,"column":null}},"13":{"start":{"line":39,"column":4},"end":{"line":70,"column":null}},"14":{"start":{"line":61,"column":24},"end":{"line":61,"column":null}},"15":{"start":{"line":62,"column":24},"end":{"line":67,"column":null}},"16":{"start":{"line":75,"column":12},"end":{"line":75,"column":null}},"17":{"start":{"line":77,"column":4},"end":{"line":98,"column":null}},"18":{"start":{"line":81,"column":16},"end":{"line":81,"column":null}},"19":{"start":{"line":81,"column":48},"end":{"line":81,"column":79}},"20":{"start":{"line":82,"column":16},"end":{"line":82,"column":null}},"21":{"start":{"line":103,"column":12},"end":{"line":103,"column":null}},"22":{"start":{"line":104,"column":4},"end":{"line":128,"column":null}},"23":{"start":{"line":108,"column":16},"end":{"line":108,"column":null}},"24":{"start":{"line":108,"column":48},"end":{"line":108,"column":95}},"25":{"start":{"line":109,"column":16},"end":{"line":109,"column":null}},"26":{"start":{"line":133,"column":26},"end":{"line":133,"column":null}},"27":{"start":{"line":134,"column":4},"end":{"line":154,"column":null}},"28":{"start":{"line":138,"column":16},"end":{"line":142,"column":null}},"29":{"start":{"line":139,"column":20},"end":{"line":139,"column":null}},"30":{"start":{"line":141,"column":20},"end":{"line":141,"column":null}},"31":{"start":{"line":143,"column":16},"end":{"line":143,"column":null}},"32":{"start":{"line":143,"column":48},"end":{"line":143,"column":90}}},"fnMap":{"0":{"name":"UserMenu","decl":{"start":{"line":15,"column":24},"end":{"line":15,"column":35}},"loc":{"start":{"line":15,"column":35},"end":{"line":72,"column":null}},"line":15},"1":{"name":"(anonymous_1)","decl":{"start":{"line":16,"column":35},"end":{"line":16,"column":60}},"loc":{"start":{"line":16,"column":60},"end":{"line":16,"column":96}},"line":16},"2":{"name":"(anonymous_2)","decl":{"start":{"line":20,"column":4},"end":{"line":20,"column":20}},"loc":{"start":{"line":20,"column":20},"end":{"line":27,"column":7}},"line":20},"3":{"name":"(anonymous_3)","decl":{"start":{"line":29,"column":10},"end":{"line":29,"column":25}},"loc":{"start":{"line":29,"column":25},"end":{"line":37,"column":null}},"line":29},"4":{"name":"(anonymous_4)","decl":{"start":{"line":60,"column":20},"end":{"line":60,"column":35}},"loc":{"start":{"line":60,"column":35},"end":{"line":68,"column":23}},"line":60},"5":{"name":"(anonymous_5)","decl":{"start":{"line":65,"column":32},"end":{"line":65,"column":47}},"loc":{"start":{"line":65,"column":47},"end":{"line":65,"column":null}},"line":65},"6":{"name":"ThemeSelector","decl":{"start":{"line":74,"column":16},"end":{"line":74,"column":30}},"loc":{"start":{"line":74,"column":71},"end":{"line":100,"column":null}},"line":74},"7":{"name":"(anonymous_7)","decl":{"start":{"line":80,"column":12},"end":{"line":80,"column":28}},"loc":{"start":{"line":80,"column":34},"end":{"line":83,"column":null}},"line":80},"8":{"name":"(anonymous_8)","decl":{"start":{"line":81,"column":16},"end":{"line":81,"column":28}},"loc":{"start":{"line":81,"column":48},"end":{"line":81,"column":79}},"line":81},"9":{"name":"PollingInterval","decl":{"start":{"line":102,"column":16},"end":{"line":102,"column":32}},"loc":{"start":{"line":102,"column":73},"end":{"line":130,"column":null}},"line":102},"10":{"name":"(anonymous_10)","decl":{"start":{"line":107,"column":12},"end":{"line":107,"column":28}},"loc":{"start":{"line":107,"column":34},"end":{"line":110,"column":null}},"line":107},"11":{"name":"(anonymous_11)","decl":{"start":{"line":108,"column":16},"end":{"line":108,"column":28}},"loc":{"start":{"line":108,"column":48},"end":{"line":108,"column":95}},"line":108},"12":{"name":"AutoStartPolling","decl":{"start":{"line":132,"column":16},"end":{"line":132,"column":33}},"loc":{"start":{"line":132,"column":74},"end":{"line":156,"column":null}},"line":132},"13":{"name":"(anonymous_13)","decl":{"start":{"line":137,"column":12},"end":{"line":137,"column":28}},"loc":{"start":{"line":137,"column":34},"end":{"line":144,"column":null}},"line":137},"14":{"name":"(anonymous_14)","decl":{"start":{"line":143,"column":16},"end":{"line":143,"column":28}},"loc":{"start":{"line":143,"column":48},"end":{"line":143,"column":90}},"line":143}},"branchMap":{"0":{"loc":{"start":{"line":22,"column":8},"end":{"line":26,"column":null}},"type":"if","locations":[{"start":{"line":22,"column":8},"end":{"line":26,"column":null}},{"start":{"line":24,"column":15},"end":{"line":26,"column":null}}],"line":22},"1":{"loc":{"start":{"line":136,"column":19},"end":{"line":136,"column":null}},"type":"cond-expr","locations":[{"start":{"line":136,"column":47},"end":{"line":136,"column":54}},{"start":{"line":136,"column":54},"end":{"line":136,"column":null}}],"line":136},"2":{"loc":{"start":{"line":138,"column":16},"end":{"line":142,"column":null}},"type":"if","locations":[{"start":{"line":138,"column":16},"end":{"line":142,"column":null}},{"start":{"line":140,"column":23},"end":{"line":142,"column":null}}],"line":138}},"s":{"0":9,"1":6,"2":9,"3":9,"4":9,"5":6,"6":6,"7":6,"8":0,"9":9,"10":1,"11":1,"12":1,"13":9,"14":1,"15":1,"16":9,"17":9,"18":0,"19":0,"20":0,"21":9,"22":9,"23":1,"24":1,"25":1,"26":9,"27":9,"28":1,"29":0,"30":1,"31":1,"32":1},"f":{"0":9,"1":6,"2":6,"3":1,"4":1,"5":0,"6":9,"7":0,"8":0,"9":9,"10":1,"11":1,"12":9,"13":1,"14":1},"b":{"0":[6,0],"1":[8,1],"2":[0,1]},"meta":{"lastBranch":3,"lastFunction":15,"lastStatement":33,"seen":{"f:15:24:15:35":0,"s:16:21:16:Infinity":0,"f:16:35:16:60":1,"s:16:60:16:96":1,"s:17:4:17:Infinity":2,"s:18:46:18:Infinity":3,"s:20:4:27:Infinity":4,"f:20:4:20:20":2,"s:21:8:21:Infinity":5,"b:22:8:26:Infinity:24:15:26:Infinity":0,"s:22:8:26:Infinity":6,"s:23:12:23:Infinity":7,"s:25:12:25:Infinity":8,"s:29:10:37:Infinity":9,"f:29:10:29:25":3,"s:30:8:34:Infinity":10,"s:35:8:35:Infinity":11,"s:36:8:36:Infinity":12,"s:39:4:70:Infinity":13,"f:60:20:60:35":4,"s:61:24:61:Infinity":14,"s:62:24:67:Infinity":15,"f:65:32:65:47":5,"f:74:16:74:30":6,"s:75:12:75:Infinity":16,"s:77:4:98:Infinity":17,"f:80:12:80:28":7,"s:81:16:81:Infinity":18,"f:81:16:81:28":8,"s:81:48:81:79":19,"s:82:16:82:Infinity":20,"f:102:16:102:32":9,"s:103:12:103:Infinity":21,"s:104:4:128:Infinity":22,"f:107:12:107:28":10,"s:108:16:108:Infinity":23,"f:108:16:108:28":11,"s:108:48:108:95":24,"s:109:16:109:Infinity":25,"f:132:16:132:33":12,"s:133:26:133:Infinity":26,"s:134:4:154:Infinity":27,"b:136:47:136:54:136:54:136:Infinity":1,"f:137:12:137:28":13,"b:138:16:142:Infinity:140:23:142:Infinity":2,"s:138:16:142:Infinity":28,"s:139:20:139:Infinity":29,"s:141:20:141:Infinity":30,"s:143:16:143:Infinity":31,"f:143:16:143:28":14,"s:143:48:143:90":32}}}
,"/home/abishur/code/sel-programming-challenge/web/src/components/skeletons/DataTableSkeleton.tsx": {"path":"/home/abishur/code/sel-programming-challenge/web/src/components/skeletons/DataTableSkeleton.tsx","statementMap":{"0":{"start":{"line":12,"column":23},"end":{"line":12,"column":null}},"1":{"start":{"line":14,"column":2},"end":{"line":65,"column":null}},"2":{"start":{"line":41,"column":14},"end":{"line":47,"column":null}}},"fnMap":{"0":{"name":"TableSkeleton","decl":{"start":{"line":11,"column":24},"end":{"line":11,"column":40}},"loc":{"start":{"line":11,"column":40},"end":{"line":67,"column":null}},"line":11},"1":{"name":"(anonymous_1)","decl":{"start":{"line":40,"column":26},"end":{"line":40,"column":31}},"loc":{"start":{"line":41,"column":14},"end":{"line":47,"column":null}},"line":41}},"branchMap":{},"s":{"0":1,"1":1,"2":10},"f":{"0":1,"1":10},"b":{},"meta":{"lastBranch":0,"lastFunction":2,"lastStatement":3,"seen":{"f:11:24:11:40":0,"s:12:23:12:Infinity":0,"s:14:2:65:Infinity":1,"f:40:26:40:31":1,"s:41:14:47:Infinity":2}}}
,"/home/abishur/code/sel-programming-challenge/web/src/components/ui/badge.tsx": {"path":"/home/abishur/code/sel-programming-challenge/web/src/components/ui/badge.tsx","statementMap":{"0":{"start":{"line":7,"column":6},"end":{"line":28,"column":null}},"1":{"start":{"line":37,"column":15},"end":{"line":37,"column":null}},"2":{"start":{"line":39,"column":2},"end":{"line":45,"column":null}}},"fnMap":{"0":{"name":"Badge","decl":{"start":{"line":30,"column":9},"end":{"line":30,"column":15}},"loc":{"start":{"line":36,"column":62},"end":{"line":47,"column":null}},"line":36}},"branchMap":{"0":{"loc":{"start":{"line":32,"column":2},"end":{"line":32,"column":null}},"type":"default-arg","locations":[{"start":{"line":32,"column":12},"end":{"line":32,"column":null}}],"line":32},"1":{"loc":{"start":{"line":33,"column":2},"end":{"line":33,"column":null}},"type":"default-arg","locations":[{"start":{"line":33,"column":12},"end":{"line":33,"column":null}}],"line":33},"2":{"loc":{"start":{"line":37,"column":15},"end":{"line":37,"column":null}},"type":"cond-expr","locations":[{"start":{"line":37,"column":25},"end":{"line":37,"column":37}},{"start":{"line":37,"column":37},"end":{"line":37,"column":null}}],"line":37}},"s":{"0":1,"1":2,"2":2},"f":{"0":2},"b":{"0":[2],"1":[2],"2":[0,2]},"meta":{"lastBranch":3,"lastFunction":1,"lastStatement":3,"seen":{"s:7:6:28:Infinity":0,"f:30:9:30:15":0,"b:32:12:32:Infinity":0,"b:33:12:33:Infinity":1,"s:37:15:37:Infinity":1,"b:37:25:37:37:37:37:37:Infinity":2,"s:39:2:45:Infinity":2}}}
,"/home/abishur/code/sel-programming-challenge/web/src/components/ui/button.tsx": {"path":"/home/abishur/code/sel-programming-challenge/web/src/components/ui/button.tsx","statementMap":{"0":{"start":{"line":7,"column":6},"end":{"line":42,"column":null}},"1":{"start":{"line":54,"column":15},"end":{"line":54,"column":null}},"2":{"start":{"line":56,"column":2},"end":{"line":63,"column":null}}},"fnMap":{"0":{"name":"Button","decl":{"start":{"line":44,"column":9},"end":{"line":44,"column":16}},"loc":{"start":{"line":53,"column":5},"end":{"line":65,"column":null}},"line":53}},"branchMap":{"0":{"loc":{"start":{"line":46,"column":2},"end":{"line":46,"column":null}},"type":"default-arg","locations":[{"start":{"line":46,"column":12},"end":{"line":46,"column":null}}],"line":46},"1":{"loc":{"start":{"line":47,"column":2},"end":{"line":47,"column":null}},"type":"default-arg","locations":[{"start":{"line":47,"column":9},"end":{"line":47,"column":null}}],"line":47},"2":{"loc":{"start":{"line":48,"column":2},"end":{"line":48,"column":null}},"type":"default-arg","locations":[{"start":{"line":48,"column":12},"end":{"line":48,"column":null}}],"line":48},"3":{"loc":{"start":{"line":54,"column":15},"end":{"line":54,"column":null}},"type":"cond-expr","locations":[{"start":{"line":54,"column":25},"end":{"line":54,"column":37}},{"start":{"line":54,"column":37},"end":{"line":54,"column":null}}],"line":54}},"s":{"0":4,"1":192,"2":192},"f":{"0":192},"b":{"0":[192],"1":[192],"2":[192],"3":[0,192]},"meta":{"lastBranch":4,"lastFunction":1,"lastStatement":3,"seen":{"s:7:6:42:Infinity":0,"f:44:9:44:16":0,"b:46:12:46:Infinity":0,"b:47:9:47:Infinity":1,"b:48:12:48:Infinity":2,"s:54:15:54:Infinity":1,"b:54:25:54:37:54:37:54:Infinity":3,"s:56:2:63:Infinity":2}}}
,"/home/abishur/code/sel-programming-challenge/web/src/components/ui/card.tsx": {"path":"/home/abishur/code/sel-programming-challenge/web/src/components/ui/card.tsx","statementMap":{"0":{"start":{"line":10,"column":2},"end":{"line":19,"column":null}},"1":{"start":{"line":24,"column":2},"end":{"line":32,"column":null}},"2":{"start":{"line":37,"column":2},"end":{"line":45,"column":null}},"3":{"start":{"line":50,"column":2},"end":{"line":55,"column":null}},"4":{"start":{"line":60,"column":2},"end":{"line":68,"column":null}},"5":{"start":{"line":73,"column":2},"end":{"line":78,"column":null}},"6":{"start":{"line":83,"column":2},"end":{"line":91,"column":null}}},"fnMap":{"0":{"name":"Card","decl":{"start":{"line":5,"column":9},"end":{"line":5,"column":14}},"loc":{"start":{"line":9,"column":62},"end":{"line":21,"column":null}},"line":9},"1":{"name":"CardHeader","decl":{"start":{"line":23,"column":9},"end":{"line":23,"column":20}},"loc":{"start":{"line":23,"column":74},"end":{"line":34,"column":null}},"line":23},"2":{"name":"CardTitle","decl":{"start":{"line":36,"column":9},"end":{"line":36,"column":19}},"loc":{"start":{"line":36,"column":73},"end":{"line":47,"column":null}},"line":36},"3":{"name":"CardDescription","decl":{"start":{"line":49,"column":9},"end":{"line":49,"column":25}},"loc":{"start":{"line":49,"column":79},"end":{"line":57,"column":null}},"line":49},"4":{"name":"CardAction","decl":{"start":{"line":59,"column":9},"end":{"line":59,"column":20}},"loc":{"start":{"line":59,"column":74},"end":{"line":70,"column":null}},"line":59},"5":{"name":"CardContent","decl":{"start":{"line":72,"column":9},"end":{"line":72,"column":21}},"loc":{"start":{"line":72,"column":75},"end":{"line":80,"column":null}},"line":72},"6":{"name":"CardFooter","decl":{"start":{"line":82,"column":9},"end":{"line":82,"column":20}},"loc":{"start":{"line":82,"column":74},"end":{"line":93,"column":null}},"line":82}},"branchMap":{"0":{"loc":{"start":{"line":7,"column":2},"end":{"line":7,"column":null}},"type":"default-arg","locations":[{"start":{"line":7,"column":9},"end":{"line":7,"column":null}}],"line":7}},"s":{"0":28,"1":18,"2":18,"3":0,"4":14,"5":22,"6":0},"f":{"0":28,"1":18,"2":18,"3":0,"4":14,"5":22,"6":0},"b":{"0":[28]},"meta":{"lastBranch":1,"lastFunction":7,"lastStatement":7,"seen":{"f:5:9:5:14":0,"b:7:9:7:Infinity":0,"s:10:2:19:Infinity":0,"f:23:9:23:20":1,"s:24:2:32:Infinity":1,"f:36:9:36:19":2,"s:37:2:45:Infinity":2,"f:49:9:49:25":3,"s:50:2:55:Infinity":3,"f:59:9:59:20":4,"s:60:2:68:Infinity":4,"f:72:9:72:21":5,"s:73:2:78:Infinity":5,"f:82:9:82:20":6,"s:83:2:91:Infinity":6}}}
,"/home/abishur/code/sel-programming-challenge/web/src/components/ui/chart.tsx": {"path":"/home/abishur/code/sel-programming-challenge/web/src/components/ui/chart.tsx","statementMap":{"0":{"start":{"line":8,"column":15},"end":{"line":8,"column":null}},"1":{"start":{"line":10,"column":26},"end":{"line":10,"column":null}},"2":{"start":{"line":28,"column":21},"end":{"line":28,"column":null}},"3":{"start":{"line":31,"column":18},"end":{"line":31,"column":null}},"4":{"start":{"line":33,"column":2},"end":{"line":35,"column":null}},"5":{"start":{"line":34,"column":4},"end":{"line":34,"column":null}},"6":{"start":{"line":37,"column":2},"end":{"line":37,"column":null}},"7":{"start":{"line":57,"column":19},"end":{"line":57,"column":null}},"8":{"start":{"line":58,"column":18},"end":{"line":58,"column":null}},"9":{"start":{"line":60,"column":2},"end":{"line":78,"column":null}},"10":{"start":{"line":82,"column":6},"end":{"line":113,"column":null}},"11":{"start":{"line":83,"column":22},"end":{"line":85,"column":null}},"12":{"start":{"line":84,"column":20},"end":{"line":84,"column":null}},"13":{"start":{"line":87,"column":2},"end":{"line":89,"column":null}},"14":{"start":{"line":88,"column":4},"end":{"line":88,"column":null}},"15":{"start":{"line":91,"column":2},"end":{"line":111,"column":null}},"16":{"start":{"line":96,"column":33},"end":{"line":108,"column":null}},"17":{"start":{"line":101,"column":6},"end":{"line":102,"column":null}},"18":{"start":{"line":103,"column":4},"end":{"line":103,"column":null}},"19":{"start":{"line":115,"column":21},"end":{"line":115,"column":null}},"20":{"start":{"line":145,"column":21},"end":{"line":145,"column":null}},"21":{"start":{"line":147,"column":23},"end":{"line":181,"column":null}},"22":{"start":{"line":148,"column":4},"end":{"line":150,"column":null}},"23":{"start":{"line":149,"column":6},"end":{"line":149,"column":null}},"24":{"start":{"line":152,"column":19},"end":{"line":152,"column":null}},"25":{"start":{"line":153,"column":16},"end":{"line":153,"column":null}},"26":{"start":{"line":154,"column":23},"end":{"line":154,"column":null}},"27":{"start":{"line":156,"column":6},"end":{"line":158,"column":null}},"28":{"start":{"line":160,"column":4},"end":{"line":166,"column":null}},"29":{"start":{"line":161,"column":6},"end":{"line":164,"column":null}},"30":{"start":{"line":168,"column":4},"end":{"line":170,"column":null}},"31":{"start":{"line":169,"column":6},"end":{"line":169,"column":null}},"32":{"start":{"line":172,"column":4},"end":{"line":172,"column":null}},"33":{"start":{"line":183,"column":2},"end":{"line":185,"column":null}},"34":{"start":{"line":184,"column":4},"end":{"line":184,"column":null}},"35":{"start":{"line":187,"column":20},"end":{"line":187,"column":null}},"36":{"start":{"line":189,"column":2},"end":{"line":267,"column":null}},"37":{"start":{"line":199,"column":28},"end":{"line":199,"column":48}},"38":{"start":{"line":201,"column":24},"end":{"line":201,"column":null}},"39":{"start":{"line":202,"column":31},"end":{"line":202,"column":null}},"40":{"start":{"line":203,"column":35},"end":{"line":203,"column":null}},"41":{"start":{"line":205,"column":12},"end":{"line":263,"column":null}},"42":{"start":{"line":271,"column":20},"end":{"line":271,"column":null}},"43":{"start":{"line":283,"column":21},"end":{"line":283,"column":null}},"44":{"start":{"line":285,"column":2},"end":{"line":287,"column":null}},"45":{"start":{"line":286,"column":4},"end":{"line":286,"column":null}},"46":{"start":{"line":289,"column":2},"end":{"line":324,"column":null}},"47":{"start":{"line":298,"column":26},"end":{"line":298,"column":46}},"48":{"start":{"line":300,"column":22},"end":{"line":300,"column":null}},"49":{"start":{"line":301,"column":29},"end":{"line":301,"column":null}},"50":{"start":{"line":303,"column":10},"end":{"line":321,"column":null}},"51":{"start":{"line":333,"column":2},"end":{"line":335,"column":null}},"52":{"start":{"line":334,"column":4},"end":{"line":334,"column":null}},"53":{"start":{"line":338,"column":4},"end":{"line":342,"column":null}},"54":{"start":{"line":344,"column":31},"end":{"line":344,"column":null}},"55":{"start":{"line":346,"column":2},"end":{"line":359,"column":null}},"56":{"start":{"line":350,"column":4},"end":{"line":350,"column":null}},"57":{"start":{"line":351,"column":9},"end":{"line":359,"column":null}},"58":{"start":{"line":356,"column":4},"end":{"line":357,"column":null}},"59":{"start":{"line":361,"column":2},"end":{"line":361,"column":null}}},"fnMap":{"0":{"name":"useChart","decl":{"start":{"line":30,"column":9},"end":{"line":30,"column":20}},"loc":{"start":{"line":30,"column":20},"end":{"line":38,"column":null}},"line":30},"1":{"name":"ChartContainer","decl":{"start":{"line":40,"column":9},"end":{"line":40,"column":24}},"loc":{"start":{"line":56,"column":3},"end":{"line":80,"column":null}},"line":56},"2":{"name":"(anonymous_2)","decl":{"start":{"line":82,"column":6},"end":{"line":82,"column":20}},"loc":{"start":{"line":82,"column":76},"end":{"line":113,"column":null}},"line":82},"3":{"name":"(anonymous_3)","decl":{"start":{"line":83,"column":45},"end":{"line":83,"column":null}},"loc":{"start":{"line":84,"column":20},"end":{"line":84,"column":null}},"line":84},"4":{"name":"(anonymous_4)","decl":{"start":{"line":95,"column":11},"end":{"line":95,"column":null}},"loc":{"start":{"line":96,"column":33},"end":{"line":108,"column":null}},"line":96},"5":{"name":"(anonymous_5)","decl":{"start":{"line":99,"column":3},"end":{"line":99,"column":8}},"loc":{"start":{"line":99,"column":30},"end":{"line":104,"column":3}},"line":99},"6":{"name":"ChartTooltipContent","decl":{"start":{"line":117,"column":9},"end":{"line":117,"column":29}},"loc":{"start":{"line":144,"column":5},"end":{"line":269,"column":null}},"line":144},"7":{"name":"(anonymous_7)","decl":{"start":{"line":147,"column":29},"end":{"line":147,"column":43}},"loc":{"start":{"line":147,"column":43},"end":{"line":173,"column":5}},"line":147},"8":{"name":"(anonymous_8)","decl":{"start":{"line":199,"column":11},"end":{"line":199,"column":19}},"loc":{"start":{"line":199,"column":28},"end":{"line":199,"column":48}},"line":199},"9":{"name":"(anonymous_9)","decl":{"start":{"line":200,"column":11},"end":{"line":200,"column":16}},"loc":{"start":{"line":200,"column":32},"end":{"line":265,"column":11}},"line":200},"10":{"name":"ChartLegendContent","decl":{"start":{"line":273,"column":9},"end":{"line":273,"column":28}},"loc":{"start":{"line":282,"column":49},"end":{"line":326,"column":null}},"line":282},"11":{"name":"(anonymous_11)","decl":{"start":{"line":298,"column":9},"end":{"line":298,"column":17}},"loc":{"start":{"line":298,"column":26},"end":{"line":298,"column":46}},"line":298},"12":{"name":"(anonymous_12)","decl":{"start":{"line":299,"column":9},"end":{"line":299,"column":14}},"loc":{"start":{"line":299,"column":30},"end":{"line":323,"column":9}},"line":299},"13":{"name":"getPayloadConfigFromPayload","decl":{"start":{"line":328,"column":9},"end":{"line":328,"column":null}},"loc":{"start":{"line":332,"column":2},"end":{"line":362,"column":null}},"line":332}},"branchMap":{"0":{"loc":{"start":{"line":33,"column":2},"end":{"line":35,"column":null}},"type":"if","locations":[{"start":{"line":33,"column":2},"end":{"line":35,"column":null}},{"start":{},"end":{}}],"line":33},"1":{"loc":{"start":{"line":45,"column":2},"end":{"line":45,"column":null}},"type":"default-arg","locations":[{"start":{"line":45,"column":21},"end":{"line":45,"column":null}}],"line":45},"2":{"loc":{"start":{"line":58,"column":27},"end":{"line":58,"column":null}},"type":"binary-expr","locations":[{"start":{"line":58,"column":27},"end":{"line":58,"column":33}},{"start":{"line":58,"column":33},"end":{"line":58,"column":null}}],"line":58},"3":{"loc":{"start":{"line":84,"column":20},"end":{"line":84,"column":null}},"type":"binary-expr","locations":[{"start":{"line":84,"column":20},"end":{"line":84,"column":36}},{"start":{"line":84,"column":36},"end":{"line":84,"column":null}}],"line":84},"4":{"loc":{"start":{"line":87,"column":2},"end":{"line":89,"column":null}},"type":"if","locations":[{"start":{"line":87,"column":2},"end":{"line":89,"column":null}},{"start":{},"end":{}}],"line":87},"5":{"loc":{"start":{"line":101,"column":6},"end":{"line":102,"column":null}},"type":"binary-expr","locations":[{"start":{"line":101,"column":6},"end":{"line":101,"column":null}},{"start":{"line":102,"column":6},"end":{"line":102,"column":null}}],"line":101},"6":{"loc":{"start":{"line":103,"column":11},"end":{"line":103,"column":null}},"type":"cond-expr","locations":[{"start":{"line":103,"column":19},"end":{"line":103,"column":51}},{"start":{"line":103,"column":51},"end":{"line":103,"column":null}}],"line":103},"7":{"loc":{"start":{"line":121,"column":2},"end":{"line":121,"column":null}},"type":"default-arg","locations":[{"start":{"line":121,"column":14},"end":{"line":121,"column":null}}],"line":121},"8":{"loc":{"start":{"line":122,"column":2},"end":{"line":122,"column":null}},"type":"default-arg","locations":[{"start":{"line":122,"column":14},"end":{"line":122,"column":null}}],"line":122},"9":{"loc":{"start":{"line":123,"column":2},"end":{"line":123,"column":null}},"type":"default-arg","locations":[{"start":{"line":123,"column":18},"end":{"line":123,"column":null}}],"line":123},"10":{"loc":{"start":{"line":148,"column":4},"end":{"line":150,"column":null}},"type":"if","locations":[{"start":{"line":148,"column":4},"end":{"line":150,"column":null}},{"start":{},"end":{}}],"line":148},"11":{"loc":{"start":{"line":148,"column":8},"end":{"line":148,"column":39}},"type":"binary-expr","locations":[{"start":{"line":148,"column":8},"end":{"line":148,"column":21}},{"start":{"line":148,"column":21},"end":{"line":148,"column":39}}],"line":148},"12":{"loc":{"start":{"line":153,"column":19},"end":{"line":153,"column":null}},"type":"binary-expr","locations":[{"start":{"line":153,"column":19},"end":{"line":153,"column":31}},{"start":{"line":153,"column":31},"end":{"line":153,"column":48}},{"start":{"line":153,"column":48},"end":{"line":153,"column":62}},{"start":{"line":153,"column":62},"end":{"line":153,"column":null}}],"line":153},"13":{"loc":{"start":{"line":156,"column":6},"end":{"line":158,"column":null}},"type":"cond-expr","locations":[{"start":{"line":157,"column":11},"end":{"line":157,"column":null}},{"start":{"line":158,"column":10},"end":{"line":158,"column":null}}],"line":156},"14":{"loc":{"start":{"line":156,"column":6},"end":{"line":156,"column":null}},"type":"binary-expr","locations":[{"start":{"line":156,"column":6},"end":{"line":156,"column":19}},{"start":{"line":156,"column":19},"end":{"line":156,"column":null}}],"line":156},"15":{"loc":{"start":{"line":157,"column":11},"end":{"line":157,"column":null}},"type":"binary-expr","locations":[{"start":{"line":157,"column":11},"end":{"line":157,"column":35}},{"start":{"line":157,"column":35},"end":{"line":157,"column":null}}],"line":157},"16":{"loc":{"start":{"line":160,"column":4},"end":{"line":166,"column":null}},"type":"if","locations":[{"start":{"line":160,"column":4},"end":{"line":166,"column":null}},{"start":{},"end":{}}],"line":160},"17":{"loc":{"start":{"line":168,"column":4},"end":{"line":170,"column":null}},"type":"if","locations":[{"start":{"line":168,"column":4},"end":{"line":170,"column":null}},{"start":{},"end":{}}],"line":168},"18":{"loc":{"start":{"line":183,"column":2},"end":{"line":185,"column":null}},"type":"if","locations":[{"start":{"line":183,"column":2},"end":{"line":185,"column":null}},{"start":{},"end":{}}],"line":183},"19":{"loc":{"start":{"line":183,"column":6},"end":{"line":183,"column":35}},"type":"binary-expr","locations":[{"start":{"line":183,"column":6},"end":{"line":183,"column":17}},{"start":{"line":183,"column":17},"end":{"line":183,"column":35}}],"line":183},"20":{"loc":{"start":{"line":187,"column":20},"end":{"line":187,"column":null}},"type":"binary-expr","locations":[{"start":{"line":187,"column":20},"end":{"line":187,"column":44}},{"start":{"line":187,"column":44},"end":{"line":187,"column":null}}],"line":187},"21":{"loc":{"start":{"line":196,"column":7},"end":{"line":196,"column":null}},"type":"cond-expr","locations":[{"start":{"line":196,"column":20},"end":{"line":196,"column":35}},{"start":{"line":196,"column":35},"end":{"line":196,"column":null}}],"line":196},"22":{"loc":{"start":{"line":201,"column":27},"end":{"line":201,"column":null}},"type":"binary-expr","locations":[{"start":{"line":201,"column":27},"end":{"line":201,"column":38}},{"start":{"line":201,"column":38},"end":{"line":201,"column":51}},{"start":{"line":201,"column":51},"end":{"line":201,"column":67}},{"start":{"line":201,"column":67},"end":{"line":201,"column":null}}],"line":201},"23":{"loc":{"start":{"line":203,"column":35},"end":{"line":203,"column":null}},"type":"binary-expr","locations":[{"start":{"line":203,"column":35},"end":{"line":203,"column":44}},{"start":{"line":203,"column":44},"end":{"line":203,"column":66}},{"start":{"line":203,"column":66},"end":{"line":203,"column":null}}],"line":203},"24":{"loc":{"start":{"line":210,"column":18},"end":{"line":210,"column":null}},"type":"binary-expr","locations":[{"start":{"line":210,"column":18},"end":{"line":210,"column":41}},{"start":{"line":210,"column":41},"end":{"line":210,"column":null}}],"line":210},"25":{"loc":{"start":{"line":213,"column":17},"end":{"line":261,"column":null}},"type":"cond-expr","locations":[{"start":{"line":214,"column":18},"end":{"line":214,"column":null}},{"start":{"line":216,"column":18},"end":{"line":261,"column":null}}],"line":213},"26":{"loc":{"start":{"line":213,"column":17},"end":{"line":213,"column":null}},"type":"binary-expr","locations":[{"start":{"line":213,"column":17},"end":{"line":213,"column":30}},{"start":{"line":213,"column":30},"end":{"line":213,"column":59}},{"start":{"line":213,"column":59},"end":{"line":213,"column":null}}],"line":213},"27":{"loc":{"start":{"line":217,"column":21},"end":{"line":241,"column":21}},"type":"cond-expr","locations":[{"start":{"line":218,"column":22},"end":{"line":220,"column":23}},{"start":{"line":220,"column":22},"end":{"line":241,"column":21}}],"line":217},"28":{"loc":{"start":{"line":220,"column":22},"end":{"line":241,"column":21}},"type":"binary-expr","locations":[{"start":{"line":220,"column":22},"end":{"line":220,"column":null}},{"start":{"line":221,"column":24},"end":{"line":241,"column":21}}],"line":220},"29":{"loc":{"start":{"line":229,"column":40},"end":{"line":229,"column":null}},"type":"binary-expr","locations":[{"start":{"line":229,"column":40},"end":{"line":229,"column":53}},{"start":{"line":229,"column":53},"end":{"line":229,"column":null}}],"line":229},"30":{"loc":{"start":{"line":244,"column":24},"end":{"line":244,"column":null}},"type":"cond-expr","locations":[{"start":{"line":244,"column":36},"end":{"line":244,"column":50}},{"start":{"line":244,"column":50},"end":{"line":244,"column":null}}],"line":244},"31":{"loc":{"start":{"line":248,"column":25},"end":{"line":248,"column":null}},"type":"cond-expr","locations":[{"start":{"line":248,"column":37},"end":{"line":248,"column":52}},{"start":{"line":248,"column":52},"end":{"line":248,"column":null}}],"line":248},"32":{"loc":{"start":{"line":250,"column":27},"end":{"line":250,"column":null}},"type":"binary-expr","locations":[{"start":{"line":250,"column":27},"end":{"line":250,"column":48}},{"start":{"line":250,"column":48},"end":{"line":250,"column":null}}],"line":250},"33":{"loc":{"start":{"line":253,"column":23},"end":{"line":260,"column":null}},"type":"binary-expr","locations":[{"start":{"line":253,"column":23},"end":{"line":253,"column":null}},{"start":{"line":254,"column":24},"end":{"line":260,"column":null}}],"line":253},"34":{"loc":{"start":{"line":255,"column":27},"end":{"line":257,"column":null}},"type":"cond-expr","locations":[{"start":{"line":256,"column":30},"end":{"line":256,"column":null}},{"start":{"line":257,"column":30},"end":{"line":257,"column":null}}],"line":255},"35":{"loc":{"start":{"line":275,"column":2},"end":{"line":275,"column":null}},"type":"default-arg","locations":[{"start":{"line":275,"column":13},"end":{"line":275,"column":null}}],"line":275},"36":{"loc":{"start":{"line":277,"column":2},"end":{"line":277,"column":null}},"type":"default-arg","locations":[{"start":{"line":277,"column":18},"end":{"line":277,"column":null}}],"line":277},"37":{"loc":{"start":{"line":285,"column":2},"end":{"line":287,"column":null}},"type":"if","locations":[{"start":{"line":285,"column":2},"end":{"line":287,"column":null}},{"start":{},"end":{}}],"line":285},"38":{"loc":{"start":{"line":293,"column":8},"end":{"line":293,"column":null}},"type":"cond-expr","locations":[{"start":{"line":293,"column":34},"end":{"line":293,"column":43}},{"start":{"line":293,"column":43},"end":{"line":293,"column":null}}],"line":293},"39":{"loc":{"start":{"line":300,"column":25},"end":{"line":300,"column":null}},"type":"binary-expr","locations":[{"start":{"line":300,"column":25},"end":{"line":300,"column":36}},{"start":{"line":300,"column":36},"end":{"line":300,"column":52}},{"start":{"line":300,"column":52},"end":{"line":300,"column":null}}],"line":300},"40":{"loc":{"start":{"line":310,"column":15},"end":{"line":320,"column":27}},"type":"cond-expr","locations":[{"start":{"line":311,"column":16},"end":{"line":313,"column":17}},{"start":{"line":313,"column":16},"end":{"line":320,"column":27}}],"line":310},"41":{"loc":{"start":{"line":310,"column":15},"end":{"line":310,"column":null}},"type":"binary-expr","locations":[{"start":{"line":310,"column":15},"end":{"line":310,"column":35}},{"start":{"line":310,"column":35},"end":{"line":310,"column":null}}],"line":310},"42":{"loc":{"start":{"line":333,"column":2},"end":{"line":335,"column":null}},"type":"if","locations":[{"start":{"line":333,"column":2},"end":{"line":335,"column":null}},{"start":{},"end":{}}],"line":333},"43":{"loc":{"start":{"line":333,"column":6},"end":{"line":333,"column":55}},"type":"binary-expr","locations":[{"start":{"line":333,"column":6},"end":{"line":333,"column":37}},{"start":{"line":333,"column":37},"end":{"line":333,"column":55}}],"line":333},"44":{"loc":{"start":{"line":338,"column":4},"end":{"line":342,"column":null}},"type":"cond-expr","locations":[{"start":{"line":341,"column":8},"end":{"line":341,"column":null}},{"start":{"line":342,"column":8},"end":{"line":342,"column":null}}],"line":338},"45":{"loc":{"start":{"line":338,"column":4},"end":{"line":340,"column":null}},"type":"binary-expr","locations":[{"start":{"line":338,"column":4},"end":{"line":338,"column":null}},{"start":{"line":339,"column":4},"end":{"line":339,"column":null}},{"start":{"line":340,"column":4},"end":{"line":340,"column":null}}],"line":338},"46":{"loc":{"start":{"line":346,"column":2},"end":{"line":359,"column":null}},"type":"if","locations":[{"start":{"line":346,"column":2},"end":{"line":359,"column":null}},{"start":{"line":351,"column":9},"end":{"line":359,"column":null}}],"line":346},"47":{"loc":{"start":{"line":347,"column":4},"end":{"line":348,"column":null}},"type":"binary-expr","locations":[{"start":{"line":347,"column":4},"end":{"line":347,"column":null}},{"start":{"line":348,"column":4},"end":{"line":348,"column":null}}],"line":347},"48":{"loc":{"start":{"line":351,"column":9},"end":{"line":359,"column":null}},"type":"if","locations":[{"start":{"line":351,"column":9},"end":{"line":359,"column":null}},{"start":{},"end":{}}],"line":351},"49":{"loc":{"start":{"line":352,"column":4},"end":{"line":354,"column":null}},"type":"binary-expr","locations":[{"start":{"line":352,"column":4},"end":{"line":352,"column":null}},{"start":{"line":353,"column":4},"end":{"line":353,"column":null}},{"start":{"line":354,"column":4},"end":{"line":354,"column":null}}],"line":352},"50":{"loc":{"start":{"line":361,"column":9},"end":{"line":361,"column":null}},"type":"cond-expr","locations":[{"start":{"line":361,"column":36},"end":{"line":361,"column":61}},{"start":{"line":361,"column":61},"end":{"line":361,"column":null}}],"line":361}},"s":{"0":1,"1":1,"2":1,"3":2,"4":2,"5":0,"6":2,"7":1,"8":1,"9":1,"10":1,"11":1,"12":1,"13":1,"14":0,"15":1,"16":2,"17":2,"18":2,"19":1,"20":2,"21":2,"22":2,"23":2,"24":0,"25":0,"26":2,"27":2,"28":2,"29":0,"30":0,"31":0,"32":0,"33":2,"34":1,"35":1,"36":2,"37":1,"38":1,"39":1,"40":1,"41":1,"42":1,"43":0,"44":0,"45":0,"46":0,"47":0,"48":0,"49":0,"50":0,"51":1,"52":0,"53":1,"54":1,"55":1,"56":0,"57":1,"58":0,"59":1},"f":{"0":2,"1":1,"2":1,"3":1,"4":2,"5":2,"6":2,"7":2,"8":1,"9":1,"10":0,"11":0,"12":0,"13":1},"b":{"0":[0,2],"1":[1],"2":[1,1],"3":[1,1],"4":[0,1],"5":[2,2],"6":[2,0],"7":[2],"8":[2],"9":[2],"10":[2,0],"11":[2,0],"12":[0,0,0,0],"13":[0,0],"14":[2,0],"15":[0,0],"16":[0,2],"17":[0,0],"18":[1,1],"19":[2,1],"20":[1,1],"21":[1,0],"22":[1,1,0,0],"23":[1,1,1],"24":[1,1],"25":[0,1],"26":[1,0,0],"27":[0,1],"28":[1,1],"29":[1,0],"30":[0,1],"31":[0,1],"32":[1,0],"33":[1,1],"34":[1,0],"35":[0],"36":[0],"37":[0,0],"38":[0,0],"39":[0,0,0],"40":[0,0],"41":[0,0],"42":[0,1],"43":[1,1],"44":[1,0],"45":[1,1,1],"46":[0,1],"47":[1,1],"48":[0,1],"49":[1,1,1],"50":[1,0]},"meta":{"lastBranch":51,"lastFunction":14,"lastStatement":60,"seen":{"s:8:15:8:Infinity":0,"s:10:26:10:Infinity":1,"s:28:21:28:Infinity":2,"f:30:9:30:20":0,"s:31:18:31:Infinity":3,"b:33:2:35:Infinity:undefined:undefined:undefined:undefined":0,"s:33:2:35:Infinity":4,"s:34:4:34:Infinity":5,"s:37:2:37:Infinity":6,"f:40:9:40:24":1,"b:45:21:45:Infinity":1,"s:57:19:57:Infinity":7,"s:58:18:58:Infinity":8,"b:58:27:58:33:58:33:58:Infinity":2,"s:60:2:78:Infinity":9,"s:82:6:113:Infinity":10,"f:82:6:82:20":2,"s:83:22:85:Infinity":11,"f:83:45:83:Infinity":3,"s:84:20:84:Infinity":12,"b:84:20:84:36:84:36:84:Infinity":3,"b:87:2:89:Infinity:undefined:undefined:undefined:undefined":4,"s:87:2:89:Infinity":13,"s:88:4:88:Infinity":14,"s:91:2:111:Infinity":15,"f:95:11:95:Infinity":4,"s:96:33:108:Infinity":16,"f:99:3:99:8":5,"s:101:6:102:Infinity":17,"b:101:6:101:Infinity:102:6:102:Infinity":5,"s:103:4:103:Infinity":18,"b:103:19:103:51:103:51:103:Infinity":6,"s:115:21:115:Infinity":19,"f:117:9:117:29":6,"b:121:14:121:Infinity":7,"b:122:14:122:Infinity":8,"b:123:18:123:Infinity":9,"s:145:21:145:Infinity":20,"s:147:23:181:Infinity":21,"f:147:29:147:43":7,"b:148:4:150:Infinity:undefined:undefined:undefined:undefined":10,"s:148:4:150:Infinity":22,"b:148:8:148:21:148:21:148:39":11,"s:149:6:149:Infinity":23,"s:152:19:152:Infinity":24,"s:153:16:153:Infinity":25,"b:153:19:153:31:153:31:153:48:153:48:153:62:153:62:153:Infinity":12,"s:154:23:154:Infinity":26,"s:156:6:158:Infinity":27,"b:157:11:157:Infinity:158:10:158:Infinity":13,"b:156:6:156:19:156:19:156:Infinity":14,"b:157:11:157:35:157:35:157:Infinity":15,"b:160:4:166:Infinity:undefined:undefined:undefined:undefined":16,"s:160:4:166:Infinity":28,"s:161:6:164:Infinity":29,"b:168:4:170:Infinity:undefined:undefined:undefined:undefined":17,"s:168:4:170:Infinity":30,"s:169:6:169:Infinity":31,"s:172:4:172:Infinity":32,"b:183:2:185:Infinity:undefined:undefined:undefined:undefined":18,"s:183:2:185:Infinity":33,"b:183:6:183:17:183:17:183:35":19,"s:184:4:184:Infinity":34,"s:187:20:187:Infinity":35,"b:187:20:187:44:187:44:187:Infinity":20,"s:189:2:267:Infinity":36,"b:196:20:196:35:196:35:196:Infinity":21,"f:199:11:199:19":8,"s:199:28:199:48":37,"f:200:11:200:16":9,"s:201:24:201:Infinity":38,"b:201:27:201:38:201:38:201:51:201:51:201:67:201:67:201:Infinity":22,"s:202:31:202:Infinity":39,"s:203:35:203:Infinity":40,"b:203:35:203:44:203:44:203:66:203:66:203:Infinity":23,"s:205:12:263:Infinity":41,"b:210:18:210:41:210:41:210:Infinity":24,"b:214:18:214:Infinity:216:18:261:Infinity":25,"b:213:17:213:30:213:30:213:59:213:59:213:Infinity":26,"b:218:22:220:23:220:22:241:21":27,"b:220:22:220:Infinity:221:24:241:21":28,"b:229:40:229:53:229:53:229:Infinity":29,"b:244:36:244:50:244:50:244:Infinity":30,"b:248:37:248:52:248:52:248:Infinity":31,"b:250:27:250:48:250:48:250:Infinity":32,"b:253:23:253:Infinity:254:24:260:Infinity":33,"b:256:30:256:Infinity:257:30:257:Infinity":34,"s:271:20:271:Infinity":42,"f:273:9:273:28":10,"b:275:13:275:Infinity":35,"b:277:18:277:Infinity":36,"s:283:21:283:Infinity":43,"b:285:2:287:Infinity:undefined:undefined:undefined:undefined":37,"s:285:2:287:Infinity":44,"s:286:4:286:Infinity":45,"s:289:2:324:Infinity":46,"b:293:34:293:43:293:43:293:Infinity":38,"f:298:9:298:17":11,"s:
[...]
"(anonymous_17)","decl":{"start":{"line":192,"column":10},"end":{"line":192,"column":42}},"loc":{"start":{"line":192,"column":42},"end":{"line":199,"column":null}},"line":192},"18":{"name":"(anonymous_18)","decl":{"start":{"line":195,"column":24},"end":{"line":195,"column":29}},"loc":{"start":{"line":195,"column":35},"end":{"line":195,"column":52}},"line":195},"19":{"name":"(anonymous_19)","decl":{"start":{"line":195,"column":54},"end":{"line":195,"column":62}},"loc":{"start":{"line":195,"column":68},"end":{"line":195,"column":84}},"line":195},"20":{"name":"(anonymous_20)","decl":{"start":{"line":201,"column":4},"end":{"line":201,"column":12}},"loc":{"start":{"line":201,"column":49},"end":{"line":207,"column":null}},"line":201},"21":{"name":"(anonymous_21)","decl":{"start":{"line":209,"column":10},"end":{"line":209,"column":25}},"loc":{"start":{"line":209,"column":67},"end":{"line":222,"column":null}},"line":209}},"branchMap":{"0":{"loc":{"start":{"line":13,"column":16},"end":{"line":13,"column":50}},"type":"default-arg","locations":[{"start":{"line":13,"column":38},"end":{"line":13,"column":50}}],"line":13},"1":{"loc":{"start":{"line":20,"column":15},"end":{"line":20,"column":null}},"type":"binary-expr","locations":[{"start":{"line":20,"column":15},"end":{"line":20,"column":45}},{"start":{"line":20,"column":45},"end":{"line":20,"column":null}}],"line":20},"2":{"loc":{"start":{"line":31,"column":32},"end":{"line":31,"column":null}},"type":"binary-expr","locations":[{"start":{"line":31,"column":32},"end":{"line":31,"column":90}},{"start":{"line":31,"column":90},"end":{"line":31,"column":null}}],"line":31},"3":{"loc":{"start":{"line":34,"column":19},"end":{"line":34,"column":null}},"type":"binary-expr","locations":[{"start":{"line":34,"column":19},"end":{"line":34,"column":28}},{"start":{"line":34,"column":28},"end":{"line":34,"column":null}}],"line":34},"4":{"loc":{"start":{"line":35,"column":29},"end":{"line":35,"column":null}},"type":"binary-expr","locations":[{"start":{"line":35,"column":29},"end":{"line":35,"column":48}},{"start":{"line":35,"column":48},"end":{"line":35,"column":null}}],"line":35},"5":{"loc":{"start":{"line":36,"column":30},"end":{"line":36,"column":null}},"type":"binary-expr","locations":[{"start":{"line":36,"column":30},"end":{"line":36,"column":50}},{"start":{"line":36,"column":50},"end":{"line":36,"column":null}}],"line":36},"6":{"loc":{"start":{"line":39,"column":19},"end":{"line":39,"column":null}},"type":"binary-expr","locations":[{"start":{"line":39,"column":19},"end":{"line":39,"column":35}},{"start":{"line":39,"column":35},"end":{"line":39,"column":null}}],"line":39},"7":{"loc":{"start":{"line":40,"column":29},"end":{"line":40,"column":null}},"type":"binary-expr","locations":[{"start":{"line":40,"column":29},"end":{"line":40,"column":55}},{"start":{"line":40,"column":55},"end":{"line":40,"column":null}}],"line":40},"8":{"loc":{"start":{"line":41,"column":30},"end":{"line":41,"column":null}},"type":"binary-expr","locations":[{"start":{"line":41,"column":30},"end":{"line":41,"column":57}},{"start":{"line":41,"column":57},"end":{"line":41,"column":null}}],"line":41},"9":{"loc":{"start":{"line":53,"column":8},"end":{"line":55,"column":null}},"type":"if","locations":[{"start":{"line":53,"column":8},"end":{"line":55,"column":null}},{"start":{},"end":{}}],"line":53},"10":{"loc":{"start":{"line":53,"column":12},"end":{"line":53,"column":34}},"type":"binary-expr","locations":[{"start":{"line":53,"column":12},"end":{"line":53,"column":24}},{"start":{"line":53,"column":24},"end":{"line":53,"column":34}}],"line":53},"11":{"loc":{"start":{"line":74,"column":8},"end":{"line":76,"column":null}},"type":"if","locations":[{"start":{"line":74,"column":8},"end":{"line":76,"column":null}},{"start":{},"end":{}}],"line":74},"12":{"loc":{"start":{"line":74,"column":12},"end":{"line":74,"column":95}},"type":"binary-expr","locations":[{"start":{"line":74,"column":12},"end":{"line":74,"column":35}},{"start":{"line":74,"column":35},"end":{"line":74,"column":64}},{"start":{"line":74,"column":64},"end":{"line":74,"column":95}}],"line":74},"13":{"loc":{"start":{"line":81,"column":15},"end":{"line":81,"column":null}},"type":"cond-expr","locations":[{"start":{"line":81,"column":37},"end":{"line":81,"column":50}},{"start":{"line":81,"column":50},"end":{"line":81,"column":null}}],"line":81},"14":{"loc":{"start":{"line":87,"column":8},"end":{"line":87,"column":null}},"type":"if","locations":[{"start":{"line":87,"column":8},"end":{"line":87,"column":null}},{"start":{},"end":{}}],"line":87},"15":{"loc":{"start":{"line":87,"column":12},"end":{"line":87,"column":51}},"type":"binary-expr","locations":[{"start":{"line":87,"column":12},"end":{"line":87,"column":28}},{"start":{"line":87,"column":28},"end":{"line":87,"column":51}}],"line":87},"16":{"loc":{"start":{"line":89,"column":8},"end":{"line":92,"column":null}},"type":"if","locations":[{"start":{"line":89,"column":8},"end":{"line":92,"column":null}},{"start":{},"end":{}}],"line":89},"17":{"loc":{"start":{"line":101,"column":12},"end":{"line":103,"column":null}},"type":"if","locations":[{"start":{"line":101,"column":12},"end":{"line":103,"column":null}},{"start":{},"end":{}}],"line":101},"18":{"loc":{"start":{"line":105,"column":12},"end":{"line":107,"column":null}},"type":"if","locations":[{"start":{"line":105,"column":12},"end":{"line":107,"column":null}},{"start":{},"end":{}}],"line":105},"19":{"loc":{"start":{"line":114,"column":16},"end":{"line":118,"column":null}},"type":"if","locations":[{"start":{"line":114,"column":16},"end":{"line":118,"column":null}},{"start":{},"end":{}}],"line":114},"20":{"loc":{"start":{"line":117,"column":20},"end":{"line":117,"column":null}},"type":"if","locations":[{"start":{"line":117,"column":20},"end":{"line":117,"column":null}},{"start":{},"end":{}}],"line":117},"21":{"loc":{"start":{"line":125,"column":8},"end":{"line":161,"column":null}},"type":"if","locations":[{"start":{"line":125,"column":8},"end":{"line":161,"column":null}},{"start":{},"end":{}}],"line":125},"22":{"loc":{"start":{"line":127,"column":16},"end":{"line":129,"column":null}},"type":"binary-expr","locations":[{"start":{"line":127,"column":16},"end":{"line":127,"column":null}},{"start":{"line":128,"column":16},"end":{"line":128,"column":null}},{"start":{"line":129,"column":16},"end":{"line":129,"column":null}}],"line":127},"23":{"loc":{"start":{"line":129,"column":32},"end":{"line":129,"column":51}},"type":"binary-expr","locations":[{"start":{"line":129,"column":32},"end":{"line":129,"column":49}},{"start":{"line":129,"column":49},"end":{"line":129,"column":51}}],"line":129},"24":{"loc":{"start":{"line":130,"column":12},"end":{"line":135,"column":null}},"type":"if","locations":[{"start":{"line":130,"column":12},"end":{"line":135,"column":null}},{"start":{},"end":{}}],"line":130},"25":{"loc":{"start":{"line":137,"column":12},"end":{"line":142,"column":null}},"type":"if","locations":[{"start":{"line":137,"column":12},"end":{"line":142,"column":null}},{"start":{},"end":{}}],"line":137},"26":{"loc":{"start":{"line":148,"column":12},"end":{"line":154,"column":null}},"type":"if","locations":[{"start":{"line":148,"column":12},"end":{"line":154,"column":null}},{"start":{},"end":{}}],"line":148},"27":{"loc":{"start":{"line":150,"column":29},"end":{"line":150,"column":null}},"type":"binary-expr","locations":[{"start":{"line":150,"column":29},"end":{"line":150,"column":39}},{"start":{"line":150,"column":39},"end":{"line":150,"column":null}}],"line":150},"28":{"loc":{"start":{"line":157,"column":25},"end":{"line":157,"column":null}},"type":"binary-expr","locations":[{"start":{"line":157,"column":25},"end":{"line":157,"column":35}},{"start":{"line":157,"column":35},"end":{"line":157,"column":null}}],"line":157},"29":{"loc":{"start":{"line":163,"column":8},"end":{"line":169,"column":null}},"type":"if","locations":[{"start":{"line":163,"column":8},"end":{"line":169,"column":null}},{"start":{},"end":{}}],"line":163},"30":{"loc":{"start":{"line":172,"column":21},"end":{"line":172,"column":null}},"type":"cond-expr","locations":[{"start":{"line":172,"column":46},"end":{"line":172,"column":62}},{"start":{"line":172,"column":62},"end":{"line":172,"column":null}}],"line":172}},"s":{"0":14,"1":14,"2":14,"3":14,"4":14,"5":0,"6":0,"7":0,"8":0,"9":0,"10":0,"11":0,"12":0,"13":0,"14":0,"15":0,"16":0,"17":0,"18":0,"19":0,"20":0,"21":19,"22":19,"23":19,"24":19,"25":2,"26":2,"27":2,"28":2,"29":45,"30":44,"31":1,"32":42,"33":14,"34":14,"35":14,"36":13,"37":1,"38":0,"39":0,"40":1,"41":1,"42":14,"43":47,"44":6,"45":41,"46":41,"47":41,"48":41,"49":14,"50":38,"51":9,"52":2,"53":2,"54":2,"55":1,"56":9,"57":8,"58":8,"59":8,"60":1,"61":7,"62":1,"63":6,"64":6,"65":8,"66":1,"67":5,"68":0,"69":0,"70":0,"71":6,"72":6,"73":6,"74":3,"75":3,"76":3,"77":13,"78":13,"79":12,"80":36,"81":36,"82":1,"83":36,"84":26,"85":26,"86":22,"87":4,"88":2},"f":{"0":14,"1":0,"2":0,"3":0,"4":0,"5":0,"6":19,"7":2,"8":45,"9":42,"10":14,"11":14,"12":47,"13":38,"14":9,"15":8,"16":6,"17":13,"18":36,"19":36,"20":36,"21":26},"b":{"0":[14],"1":[0,0],"2":[0,0],"3":[0,0],"4":[0,0],"5":[0,0],"6":[0,0],"7":[0,0],"8":[0,0],"9":[0,0],"10":[0,0],"11":[44,1],"12":[45,44,44],"13":[42,0],"14":[13,1],"15":[14,1],"16":[0,1],"17":[6,41],"18":[41,0],"19":[2,7],"20":[1,1],"21":[8,0],"22":[8,8,7],"23":[7,0],"24":[1,7],"25":[1,6],"26":[1,7],"27":[1,0],"28":[5,4],"29":[0,0],"30":[0,0]},"meta":{"lastBranch":31,"lastFunction":22,"lastStatement":89,"seen":{"s:8:35:8:Infinity":0,"s:9:41:9:Infinity":1,"f:13:4:13:16":0,"b:13:38:13:50":0,"s:14:8:14:Infinity":2,"s:15:8:15:Infinity":3,"s:16:8:16:Infinity":4,"f:19:4:19:27":1,"s:20:8:20:Infinity":5,"b:20:15:20:45:20:45:20:Infinity":1,"f:23:4:23:16":2,"s:24:8:24:Infinity":6,"s:25:8:25:Infinity":7,"s:26:8:26:Infinity":8,"f:29:4:29:102":3,"s:30:22:30:Infinity":9,"s:31:32:31:Infinity":10,"b:31:32:31:90:31:90:31:Infinity":2,"s:32:33:32:Infinity":11,"s:33:23:37:Infinity":12,"b:34:19:34:28:34:28:34:Infinity":3,"b:35:29:35:48:35:48:35:Infinity":4,"b:36:30:36:50:36:50:36:Infinity":5,"s:38:8:42:Infinity":13,"b:39:19:39:35:39:35:39:Infinity":6,"b:40:29:40:55:40:55:40:Infinity":7,"b:41:30:41:57:41:57:41:Infinity":8,"f:45:4:45:19":4,"s:46:8:46:Infinity":14,"s:47:8:47:Infinity":15,"f:50:4:50:68":5,"s:51:25:51:Infinity":16,"s:52:25:52:Infinity":17,"b:53:8:55:Infinity:undefined:undefined:undefined:undefined":9,"s:53:8:55:Infinity":18,"b:53:12:53:24:53:24:53:34":10,"s:54:12:54:Infinity":19,"s:56:8:56:Infinity":20,"f:59:4:59:13":6,"s:60:8:60:Infinity":21,"s:61:8:61:Infinity":22,"s:62:8:62:Infinity":23,"s:63:8:63:Infinity":24,"f:66:4:66:23":7,"s:67:8:67:Infinity":25,"s:68:8:68:Infinity":26,"s:69:8:69:Infinity":27,"s:70:8:70:Infinity":28,"f:73:4:73:28":8,"b:74:8:76:Infinity:undefined:undefined:undefined:undefined":11,"s:74:8:76:Infinity":29,"b:74:12:74:35:74:35:74:64:74:64:74:95":12,"s:75:12:75:Infinity":30,"s:77:8:77:Infinity":31,"f:80:4:80:30":9,"s:81:8:81:Infinity":32,"b:81:37:81:50:81:50:81:Infinity":13,"f:84:4:84:12":10,"s:85:28:85:Infinity":33,"s:86:29:86:Infinity":34,"b:87:8:87:Infinity:undefined:undefined:undefined:undefined":14,"s:87:8:87:Infinity":35,"b:87:12:87:28:87:28:87:51":15,"s:87:51:87:Infinity":36,"b:89:8:92:Infinity:undefined:undefined:undefined:undefined":16,"s:89:8:92:Infinity":37,"s:90:12:90:Infinity":38,"s:91:12:91:Infinity":39,"s:94:8:94:Infinity":40,"s:95:8:95:Infinity":41,"f:98:4:98:12":11,"s:99:8:109:Infinity":42,"f:99:39:99:44":12,"b:101:12:103:Infinity:undefined:undefined:undefined:undefined":17,"s:101:12:103:Infinity":43,"s:102:16:102:Infinity":44,"s:104:26:104:Infinity":45,"b:105:12:107:Infinity:undefined:undefined:undefined:undefined":18,"s:105:12:107:Infinity":46,"s:106:16:106:Infinity":47,"s:108:12:108:Infinity":48,"s:111:8:121:Infinity":49,"f:111:40:111:Infinity":13,"s:112:26:112:Infinity":50,"f:112:26:112:Infinity":14,"b:114:16:118:Infinity:undefined:undefined:undefined:undefined":19,"s:114:16:118:Infinity":51,"s:115:45:115:Infinity":52,"s:116:20:116:Infinity":53,"b:117:20:117:Infinity:undefined:undefined:undefined:undefined":20,"s:117:20:117:Infinity":54,"s:117:42:117:Infinity":55,"s:119:16:119:Infinity":56,"f:124:4:124:12":15,"b:125:8:161:Infinity:undefined:undefined:undefined:undefined":21,"s:125:8:161:Infinity":57,"s:127:16:129:Infinity":58,"b:127:16:127:Infinity:128:16:128:Infinity:129:16:129:Infinity":22,"b:129:32:129:49:129:49:129:51":23,"b:130:12:135:Infinity:undefined:undefined:undefined:undefined":24,"s:130:12:135:Infinity":59,"s:131:16:134:Infinity":60,"b:137:12:142:Infinity:undefined:undefined:undefined:undefined":25,"s:137:12:142:Infinity":61,"s:138:16:141:Infinity":62,"s:144:27:144:Infinity":63,"s:146:17:146:Infinity":64,"b:148:12:154:Infinity:undefined:undefined:undefined:undefined":26,"s:148:12:154:Infinity":65,"s:149:16:153:Infinity":66,"b:150:29:150:39:150:39:150:Infinity":27,"s:156:12:160:Infinity":67,"b:157:25:157:35:157:35:157:Infinity":28,"b:163:8:169:Infinity:undefined:undefined:undefined:undefined":29,"s:163:8:169:Infinity":68,"s:164:12:168:Infinity":69,"s:171:8:174:Infinity":70,"b:172:46:172:62:172:62:172:Infinity":30,"f:177:10:177:23":16,"s:178:8:187:Infinity":71,"s:179:26:179:Infinity":72,"s:180:29:182:Infinity":73,"s:183:12:183:Infinity":74,"s:184:12:184:Infinity":75,"s:186:12:186:Infinity":76,"f:192:10:192:42":17,"s:193:8:198:Infinity":77,"s:194:29:194:Infinity":78,"s:195:12:195:Infinity":79,"f:195:24:195:29":18,"s:195:35:195:52":80,"f:195:54:195:62":19,"s:195:68:195:84":81,"s:197:12:197:Infinity":82,"f:201:4:201:12":20,"s:202:8:206:Infinity":83,"f:209:10:209:25":21,"s:210:8:221:Infinity":84,"s:211:29:211:Infinity":85,"s:212:12:218:Infinity":86,"s:220:12:220:Infinity":87,"s:225:26:225:Infinity":88}}}
,"/home/abishur/code/sel-programming-challenge/web/src/services/httpClient.ts": {"path":"/home/abishur/code/sel-programming-challenge/web/src/services/httpClient.ts","statementMap":{"0":{"start":{"line":3,"column":16},"end":{"line":3,"column":null}},"1":{"start":{"line":5,"column":26},"end":{"line":11,"column":null}}},"fnMap":{},"branchMap":{},"s":{"0":2,"1":2},"f":{},"b":{},"meta":{"lastBranch":0,"lastFunction":0,"lastStatement":2,"seen":{"s:3:16:3:Infinity":0,"s:5:26:11:Infinity":1}}}
,"/home/abishur/code/sel-programming-challenge/web/src/services/storageService.ts": {"path":"/home/abishur/code/sel-programming-challenge/web/src/services/storageService.ts","statementMap":{"0":{"start":{"line":1,"column":28},"end":{"line":9,"column":null}},"1":{"start":{"line":14,"column":4},"end":{"line":18,"column":null}},"2":{"start":{"line":15,"column":8},"end":{"line":15,"column":null}},"3":{"start":{"line":17,"column":8},"end":{"line":17,"column":null}},"4":{"start":{"line":22,"column":4},"end":{"line":26,"column":null}},"5":{"start":{"line":23,"column":8},"end":{"line":23,"column":null}},"6":{"start":{"line":25,"column":8},"end":{"line":25,"column":null}},"7":{"start":{"line":30,"column":4},"end":{"line":34,"column":null}},"8":{"start":{"line":31,"column":8},"end":{"line":31,"column":null}},"9":{"start":{"line":33,"column":8},"end":{"line":33,"column":null}},"10":{"start":{"line":37,"column":30},"end":{"line":72,"column":null}},"11":{"start":{"line":39,"column":8},"end":{"line":39,"column":null}},"12":{"start":{"line":43,"column":8},"end":{"line":43,"column":null}},"13":{"start":{"line":47,"column":8},"end":{"line":47,"column":null}},"14":{"start":{"line":51,"column":20},"end":{"line":51,"column":null}},"15":{"start":{"line":52,"column":8},"end":{"line":52,"column":null}},"16":{"start":{"line":52,"column":26},"end":{"line":52,"column":null}},"17":{"start":{"line":53,"column":18},"end":{"line":53,"column":null}},"18":{"start":{"line":54,"column":8},"end":{"line":54,"column":null}},"19":{"start":{"line":58,"column":8},"end":{"line":58,"column":null}},"20":{"start":{"line":62,"column":8},"end":{"line":62,"column":null}},"21":{"start":{"line":66,"column":8},"end":{"line":66,"column":null}},"22":{"start":{"line":70,"column":8},"end":{"line":70,"column":null}},"23":{"start":{"line":70,"column":55},"end":{"line":70,"column":null}}},"fnMap":{"0":{"name":"safeGet","decl":{"start":{"line":13,"column":9},"end":{"line":13,"column":17}},"loc":{"start":{"line":13,"column":45},"end":{"line":19,"column":null}},"line":13},"1":{"name":"safeSet","decl":{"start":{"line":21,"column":9},"end":{"line":21,"column":17}},"loc":{"start":{"line":21,"column":51},"end":{"line":27,"column":null}},"line":21},"2":{"name":"safeRemove","decl":{"start":{"line":29,"column":9},"end":{"line":29,"column":20}},"loc":{"start":{"line":29,"column":39},"end":{"line":35,"column":null}},"line":29},"3":{"name":"(anonymous_3)","decl":{"start":{"line":38,"column":4},"end":{"line":38,"column":8}},"loc":{"start":{"line":38,"column":40},"end":{"line":40,"column":null}},"line":38},"4":{"name":"(anonymous_4)","decl":{"start":{"line":42,"column":4},"end":{"line":42,"column":8}},"loc":{"start":{"line":42,"column":46},"end":{"line":44,"column":null}},"line":42},"5":{"name":"(anonymous_5)","decl":{"start":{"line":46,"column":4},"end":{"line":46,"column":11}},"loc":{"start":{"line":46,"column":34},"end":{"line":48,"column":null}},"line":46},"6":{"name":"(anonymous_6)","decl":{"start":{"line":50,"column":4},"end":{"line":50,"column":14}},"loc":{"start":{"line":50,"column":46},"end":{"line":55,"column":null}},"line":50},"7":{"name":"(anonymous_7)","decl":{"start":{"line":57,"column":4},"end":{"line":57,"column":14}},"loc":{"start":{"line":57,"column":52},"end":{"line":59,"column":null}},"line":57},"8":{"name":"(anonymous_8)","decl":{"start":{"line":61,"column":4},"end":{"line":61,"column":15}},"loc":{"start":{"line":61,"column":41},"end":{"line":63,"column":null}},"line":61},"9":{"name":"(anonymous_9)","decl":{"start":{"line":65,"column":4},"end":{"line":65,"column":15}},"loc":{"start":{"line":65,"column":54},"end":{"line":67,"column":null}},"line":65},"10":{"name":"(anonymous_10)","decl":{"start":{"line":69,"column":4},"end":{"line":69,"column":21}},"loc":{"start":{"line":69,"column":21},"end":{"line":71,"column":null}},"line":69}},"branchMap":{"0":{"loc":{"start":{"line":52,"column":8},"end":{"line":52,"column":null}},"type":"if","locations":[{"start":{"line":52,"column":8},"end":{"line":52,"column":null}},{"start":{},"end":{}}],"line":52},"1":{"loc":{"start":{"line":54,"column":15},"end":{"line":54,"column":null}},"type":"cond-expr","locations":[{"start":{"line":54,"column":36},"end":{"line":54,"column":40}},{"start":{"line":54,"column":40},"end":{"line":54,"column":null}}],"line":54}},"s":{"0":2,"1":28,"2":28,"3":0,"4":38,"5":38,"6":0,"7":4,"8":4,"9":0,"10":2,"11":14,"12":19,"13":4,"14":14,"15":14,"16":13,"17":1,"18":1,"19":19,"20":0,"21":0,"22":0,"23":0},"f":{"0":28,"1":38,"2":4,"3":14,"4":19,"5":4,"6":14,"7":19,"8":0,"9":0,"10":0},"b":{"0":[13,1],"1":[1,0]},"meta":{"lastBranch":2,"lastFunction":11,"lastStatement":24,"seen":{"s:1:28:9:Infinity":0,"f:13:9:13:17":0,"s:14:4:18:Infinity":1,"s:15:8:15:Infinity":2,"s:17:8:17:Infinity":3,"f:21:9:21:17":1,"s:22:4:26:Infinity":4,"s:23:8:23:Infinity":5,"s:25:8:25:Infinity":6,"f:29:9:29:20":2,"s:30:4:34:Infinity":7,"s:31:8:31:Infinity":8,"s:33:8:33:Infinity":9,"s:37:30:72:Infinity":10,"f:38:4:38:8":3,"s:39:8:39:Infinity":11,"f:42:4:42:8":4,"s:43:8:43:Infinity":12,"f:46:4:46:11":5,"s:47:8:47:Infinity":13,"f:50:4:50:14":6,"s:51:20:51:Infinity":14,"b:52:8:52:Infinity:undefined:undefined:undefined:undefined":0,"s:52:8:52:Infinity":15,"s:52:26:52:Infinity":16,"s:53:18:53:Infinity":17,"s:54:8:54:Infinity":18,"b:54:36:54:40:54:40:54:Infinity":1,"f:57:4:57:14":7,"s:58:8:58:Infinity":19,"f:61:4:61:15":8,"s:62:8:62:Infinity":20,"f:65:4:65:15":9,"s:66:8:66:Infinity":21,"f:69:4:69:21":10,"s:70:8:70:Infinity":22,"s:70:55:70:Infinity":23}}}
,"/home/abishur/code/sel-programming-challenge/web/src/types/api.ts": {"path":"/home/abishur/code/sel-programming-challenge/web/src/types/api.ts","statementMap":{},"fnMap":{},"branchMap":{},"s":{},"f":{},"b":{},"meta":{"lastBranch":0,"lastFunction":0,"lastStatement":0,"seen":{}}}
}
