{"/home/abishur/code/sel-programming-challenge/web/src/components/AuthenticationForm.tsx": {"path":"/home/abishur/code/sel-programming-challenge/web/src/components/AuthenticationForm.tsx","statementMap":{"0":{"start":{"line":24,"column":19},"end":{"line":32,"column":null}},"1":{"start":{"line":25,"column":28},"end":{"line":25,"column":null}},"2":{"start":{"line":26,"column":4},"end":{"line":31,"column":null}},"3":{"start":{"line":33,"column":22},"end":{"line":37,"column":null}},"4":{"start":{"line":38,"column":22},"end":{"line":38,"column":null}},"5":{"start":{"line":39,"column":23},"end":{"line":39,"column":null}},"6":{"start":{"line":40,"column":9},"end":{"line":40,"column":null}},"7":{"start":{"line":40,"column":46},"end":{"line":40,"column":75}},"8":{"start":{"line":42,"column":8},"end":{"line":45,"column":null}},"9":{"start":{"line":43,"column":26},"end":{"line":43,"column":null}},"10":{"start":{"line":44,"column":4},"end":{"line":44,"column":null}},"11":{"start":{"line":44,"column":27},"end":{"line":44,"column":52}},"12":{"start":{"line":47,"column":23},"end":{"line":81,"column":null}},"13":{"start":{"line":48,"column":4},"end":{"line":48,"column":null}},"14":{"start":{"line":49,"column":4},"end":{"line":49,"column":null}},"15":{"start":{"line":51,"column":23},"end":{"line":51,"column":null}},"16":{"start":{"line":52,"column":24},"end":{"line":52,"column":null}},"17":{"start":{"line":53,"column":24},"end":{"line":53,"column":null}},"18":{"start":{"line":55,"column":4},"end":{"line":59,"column":null}},"19":{"start":{"line":61,"column":4},"end":{"line":61,"column":null}},"20":{"start":{"line":61,"column":53},"end":{"line":61,"column":null}},"21":{"start":{"line":63,"column":4},"end":{"line":63,"column":null}},"22":{"start":{"line":64,"column":4},"end":{"line":80,"column":null}},"23":{"start":{"line":65,"column":6},"end":{"line":69,"column":null}},"24":{"start":{"line":70,"column":6},"end":{"line":72,"column":null}},"25":{"start":{"line":71,"column":8},"end":{"line":71,"column":null}},"26":{"start":{"line":73,"column":6},"end":{"line":73,"column":null}},"27":{"start":{"line":75,"column":21},"end":{"line":75,"column":null}},"28":{"start":{"line":76,"column":6},"end":{"line":76,"column":null}},"29":{"start":{"line":79,"column":6},"end":{"line":79,"column":null}},"30":{"start":{"line":83,"column":2},"end":{"line":87,"column":null}},"31":{"start":{"line":84,"column":4},"end":{"line":85,"column":null}},"32":{"start":{"line":89,"column":2},"end":{"line":167,"column":null}},"33":{"start":{"line":145,"column":48},"end":{"line":145,"column":null}}},"fnMap":{"0":{"name":"AuthenticationForm","decl":{"start":{"line":23,"column":24},"end":{"line":23,"column":43}},"loc":{"start":{"line":23,"column":83},"end":{"line":169,"column":null}},"line":23},"1":{"name":"(anonymous_1)","decl":{"start":{"line":24,"column":34},"end":{"line":24,"column":49}},"loc":{"start":{"line":24,"column":49},"end":{"line":32,"column":3}},"line":24},"2":{"name":"(anonymous_2)","decl":{"start":{"line":40,"column":31},"end":{"line":40,"column":46}},"loc":{"start":{"line":40,"column":46},"end":{"line":40,"column":75}},"line":40},"3":{"name":"(anonymous_3)","decl":{"start":{"line":42,"column":8},"end":{"line":42,"column":24}},"loc":{"start":{"line":42,"column":73},"end":{"line":45,"column":null}},"line":42},"4":{"name":"(anonymous_4)","decl":{"start":{"line":44,"column":4},"end":{"line":44,"column":17}},"loc":{"start":{"line":44,"column":27},"end":{"line":44,"column":52}},"line":44},"5":{"name":"(anonymous_5)","decl":{"start":{"line":47,"column":23},"end":{"line":47,"column":30}},"loc":{"start":{"line":47,"column":68},"end":{"line":81,"column":null}},"line":47},"6":{"name":"(anonymous_6)","decl":{"start":{"line":145,"column":20},"end":{"line":145,"column":38}},"loc":{"start":{"line":145,"column":48},"end":{"line":145,"column":null}},"line":145}},"branchMap":{"0":{"loc":{"start":{"line":28,"column":16},"end":{"line":28,"column":null}},"type":"binary-expr","locations":[{"start":{"line":28,"column":16},"end":{"line":28,"column":45}},{"start":{"line":28,"column":45},"end":{"line":28,"column":null}}],"line":28},"1":{"loc":{"start":{"line":29,"column":16},"end":{"line":29,"column":null}},"type":"binary-expr","locations":[{"start":{"line":29,"column":16},"end":{"line":29,"column":45}},{"start":{"line":29,"column":45},"end":{"line":29,"column":null}}],"line":29},"2":{"loc":{"start":{"line":61,"column":4},"end":{"line":61,"column":null}},"type":"if","locations":[{"start":{"line":61,"column":4},"end":{"line":61,"column":null}},{"start":{},"end":{}}],"line":61},"3":{"loc":{"start":{"line":61,"column":10},"end":{"line":61,"column":53}},"type":"binary-expr","locations":[{"start":{"line":61,"column":10},"end":{"line":61,"column":24}},{"start":{"line":61,"column":24},"end":{"line":61,"column":39}},{"start":{"line":61,"column":39},"end":{"line":61,"column":53}}],"line":61},"4":{"loc":{"start":{"line":70,"column":6},"end":{"line":72,"column":null}},"type":"if","locations":[{"start":{"line":70,"column":6},"end":{"line":72,"column":null}},{"start":{},"end":{}}],"line":70},"5":{"loc":{"start":{"line":76,"column":21},"end":{"line":76,"column":62}},"type":"binary-expr","locations":[{"start":{"line":76,"column":21},"end":{"line":76,"column":39}},{"start":{"line":76,"column":39},"end":{"line":76,"column":62}}],"line":76},"6":{"loc":{"start":{"line":83,"column":2},"end":{"line":87,"column":null}},"type":"if","locations":[{"start":{"line":83,"column":2},"end":{"line":87,"column":null}},{"start":{},"end":{}}],"line":83},"7":{"loc":{"start":{"line":107,"column":15},"end":{"line":108,"column":null}},"type":"binary-expr","locations":[{"start":{"line":107,"column":15},"end":{"line":107,"column":null}},{"start":{"line":108,"column":16},"end":{"line":108,"column":null}}],"line":107},"8":{"loc":{"start":{"line":121,"column":15},"end":{"line":122,"column":null}},"type":"binary-expr","locations":[{"start":{"line":121,"column":15},"end":{"line":121,"column":null}},{"start":{"line":122,"column":16},"end":{"line":122,"column":null}}],"line":121},"9":{"loc":{"start":{"line":136,"column":15},"end":{"line":137,"column":null}},"type":"binary-expr","locations":[{"start":{"line":136,"column":15},"end":{"line":136,"column":null}},{"start":{"line":137,"column":16},"end":{"line":137,"column":null}}],"line":136},"10":{"loc":{"start":{"line":140,"column":13},"end":{"line":152,"column":null}},"type":"binary-expr","locations":[{"start":{"line":140,"column":13},"end":{"line":140,"column":null}},{"start":{"line":141,"column":14},"end":{"line":152,"column":null}}],"line":140},"11":{"loc":{"start":{"line":145,"column":84},"end":{"line":145,"column":126}},"type":"cond-expr","locations":[{"start":{"line":145,"column":112},"end":{"line":145,"column":120}},{"start":{"line":145,"column":120},"end":{"line":145,"column":126}}],"line":145},"12":{"loc":{"start":{"line":155,"column":11},"end":{"line":158,"column":null}},"type":"binary-expr","locations":[{"start":{"line":155,"column":11},"end":{"line":155,"column":null}},{"start":{"line":156,"column":12},"end":{"line":158,"column":null}}],"line":155}},"s":{"0":28,"1":7,"2":7,"3":28,"4":28,"5":28,"6":28,"7":7,"8":28,"9":12,"10":12,"11":12,"12":28,"13":5,"14":5,"15":5,"16":5,"17":5,"18":5,"19":5,"20":1,"21":4,"22":4,"23":4,"24":3,"25":1,"26":3,"27":1,"28":1,"29":4,"30":28,"31":4,"32":24,"33":1},"f":{"0":28,"1":7,"2":7,"3":12,"4":12,"5":5,"6":1},"b":{"0":[7,6],"1":[7,6],"2":[1,4],"3":[5,4,4],"4":[1,2],"5":[1,0],"6":[4,24],"7":[24,1],"8":[28,1],"9":[28,1],"10":[28,23],"11":[0,1],"12":[28,1]},"meta":{"lastBranch":13,"lastFunction":7,"lastStatement":34,"seen":{"f:23:24:23:43":0,"s:24:19:32:Infinity":0,"f:24:34:24:49":1,"s:25:28:25:Infinity":1,"s:26:4:31:Infinity":2,"b:28:16:28:45:28:45:28:Infinity":0,"b:29:16:29:45:29:45:29:Infinity":1,"s:33:22:37:Infinity":3,"s:38:22:38:Infinity":4,"s:39:23:39:Infinity":5,"s:40:9:40:Infinity":6,"f:40:31:40:46":2,"s:40:46:40:75":7,"s:42:8:45:Infinity":8,"f:42:8:42:24":3,"s:43:26:43:Infinity":9,"s:44:4:44:Infinity":10,"f:44:4:44:17":4,"s:44:27:44:52":11,"s:47:23:81:Infinity":12,"f:47:23:47:30":5,"s:48:4:48:Infinity":13,"s:49:4:49:Infinity":14,"s:51:23:51:Infinity":15,"s:52:24:52:Infinity":16,"s:53:24:53:Infinity":17,"s:55:4:59:Infinity":18,"b:61:4:61:Infinity:undefined:undefined:undefined:undefined":2,"s:61:4:61:Infinity":19,"b:61:10:61:24:61:24:61:39:61:39:61:53":3,"s:61:53:61:Infinity":20,"s:63:4:63:Infinity":21,"s:64:4:80:Infinity":22,"s:65:6:69:Infinity":23,"b:70:6:72:Infinity:undefined:undefined:undefined:undefined":4,"s:70:6:72:Infinity":24,"s:71:8:71:Infinity":25,"s:73:6:73:Infinity":26,"s:75:21:75:Infinity":27,"s:76:6:76:Infinity":28,"b:76:21:76:39:76:39:76:62":5,"s:79:6:79:Infinity":29,"b:83:2:87:Infinity:undefined:undefined:undefined:undefined":6,"s:83:2:87:Infinity":30,"s:84:4:85:Infinity":31,"s:89:2:167:Infinity":32,"b:107:15:107:Infinity:108:16:108:Infinity":7,"b:121:15:121:Infinity:122:16:122:Infinity":8,"b:136:15:136:Infinity:137:16:137:Infinity":9,"b:140:13:140:Infinity:141:14:152:Infinity":10,"f:145:20:145:38":6,"s:145:48:145:Infinity":33,"b:145:112:145:120:145:120:145:126":11,"b:155:11:155:Infinity:156:12:158:Infinity":12}}}
,"/home/abishur/code/sel-programming-challenge/web/src/components/ConnectionStatus.tsx": {"path":"/home/abishur/code/sel-programming-challenge/web/src/components/ConnectionStatus.tsx","statementMap":{"0":{"start":{"line":15,"column":30},"end":{"line":15,"column":null}},"1":{"start":{"line":16,"column":11},"end":{"line":19,"column":null}},"2":{"start":{"line":20,"column":24},"end":{"line":20,"column":null}},"3":{"start":{"line":22,"column":4},"end":{"line":37,"column":null}},"4":{"start":{"line":23,"column":31},"end":{"line":23,"column":null}},"5":{"start":{"line":24,"column":8},"end":{"line":27,"column":null}},"6":{"start":{"line":25,"column":12},"end":{"line":25,"column":null}},"7":{"start":{"line":26,"column":12},"end":{"line":26,"column":null}},"8":{"start":{"line":31,"column":12},"end":{"line":31,"column":null}},"9":{"start":{"line":34,"column":8},"end":{"line":34,"column":null}},"10":{"start":{"line":35,"column":19},"end":{"line":35,"column":null}},"11":{"start":{"line":36,"column":8},"end":{"line":36,"column":null}},"12":{"start":{"line":36,"column":21},"end":{"line":36,"column":null}},"13":{"start":{"line":40,"column":8},"end":{"line":40,"column":null}},"14":{"start":{"line":41,"column":8},"end":{"line":41,"column":null}},"15":{"start":{"line":44,"column":4},"end":{"line":96,"column":null}},"16":{"start":{"line":87,"column":57},"end":{"line":87,"column":null}},"17":{"start":{"line":91,"column":57},"end":{"line":91,"column":null}}},"fnMap":{"0":{"name":"ConnectionStatus","decl":{"start":{"line":14,"column":24},"end":{"line":14,"column":43}},"loc":{"start":{"line":14,"column":43},"end":{"line":98,"column":null}},"line":14},"1":{"name":"(anonymous_1)","decl":{"start":{"line":22,"column":4},"end":{"line":22,"column":20}},"loc":{"start":{"line":22,"column":20},"end":{"line":37,"column":7}},"line":22},"2":{"name":"tick","decl":{"start":{"line":29,"column":17},"end":{"line":29,"column":24}},"loc":{"start":{"line":29,"column":24},"end":{"line":32,"column":null}},"line":29},"3":{"name":"(anonymous_3)","decl":{"start":{"line":36,"column":8},"end":{"line":36,"column":21}},"loc":{"start":{"line":36,"column":21},"end":{"line":36,"column":null}},"line":36},"4":{"name":"logout","decl":{"start":{"line":39,"column":19},"end":{"line":39,"column":28}},"loc":{"start":{"line":39,"column":28},"end":{"line":42,"column":null}},"line":39},"5":{"name":"(anonymous_5)","decl":{"start":{"line":87,"column":42},"end":{"line":87,"column":57}},"loc":{"start":{"line":87,"column":57},"end":{"line":87,"column":null}},"line":87},"6":{"name":"(anonymous_6)","decl":{"start":{"line":91,"column":42},"end":{"line":91,"column":57}},"loc":{"start":{"line":91,"column":57},"end":{"line":91,"column":null}},"line":91}},"branchMap":{"0":{"loc":{"start":{"line":17,"column":14},"end":{"line":17,"column":null}},"type":"binary-expr","locations":[{"start":{"line":17,"column":14},"end":{"line":17,"column":55}},{"start":{"line":17,"column":55},"end":{"line":17,"column":null}}],"line":17},"1":{"loc":{"start":{"line":18,"column":17},"end":{"line":18,"column":null}},"type":"binary-expr","locations":[{"start":{"line":18,"column":17},"end":{"line":18,"column":94}},{"start":{"line":18,"column":94},"end":{"line":18,"column":null}}],"line":18},"2":{"loc":{"start":{"line":24,"column":8},"end":{"line":27,"column":null}},"type":"if","locations":[{"start":{"line":24,"column":8},"end":{"line":27,"column":null}},{"start":{},"end":{}}],"line":24},"3":{"loc":{"start":{"line":57,"column":75},"end":{"line":57,"column":null}},"type":"cond-expr","locations":[{"start":{"line":57,"column":106},"end":{"line":57,"column":137}},{"start":{"line":57,"column":137},"end":{"line":57,"column":null}}],"line":57},"4":{"loc":{"start":{"line":61,"column":41},"end":{"line":61,"column":null}},"type":"cond-expr","locations":[{"start":{"line":61,"column":72},"end":{"line":61,"column":86}},{"start":{"line":61,"column":86},"end":{"line":61,"column":null}}],"line":61},"5":{"loc":{"start":{"line":67,"column":37},"end":{"line":67,"column":null}},"type":"cond-expr","locations":[{"start":{"line":67,"column":68},"end":{"line":67,"column":96}},{"start":{"line":67,"column":96},"end":{"line":67,"column":null}}],"line":67}},"s":{"0":5,"1":5,"2":5,"3":5,"4":5,"5":5,"6":5,"7":5,"8":0,"9":0,"10":0,"11":0,"12":0,"13":1,"14":1,"15":5,"16":1,"17":1},"f":{"0":5,"1":5,"2":0,"3":0,"4":1,"5":1,"6":1},"b":{"0":[5,0],"1":[5,0],"2":[5,0],"3":[4,1],"4":[4,1],"5":[4,1]},"meta":{"lastBranch":6,"lastFunction":7,"lastStatement":18,"seen":{"f:14:24:14:43":0,"s:15:30:15:Infinity":0,"s:16:11:19:Infinity":1,"b:17:14:17:55:17:55:17:Infinity":0,"b:18:17:18:94:18:94:18:Infinity":1,"s:20:24:20:Infinity":2,"s:22:4:37:Infinity":3,"f:22:4:22:20":1,"s:23:31:23:Infinity":4,"b:24:8:27:Infinity:undefined:undefined:undefined:undefined":2,"s:24:8:27:Infinity":5,"s:25:12:25:Infinity":6,"s:26:12:26:Infinity":7,"f:29:17:29:24":2,"s:31:12:31:Infinity":8,"s:34:8:34:Infinity":9,"s:35:19:35:Infinity":10,"s:36:8:36:Infinity":11,"f:36:8:36:21":3,"s:36:21:36:Infinity":12,"f:39:19:39:28":4,"s:40:8:40:Infinity":13,"s:41:8:41:Infinity":14,"s:44:4:96:Infinity":15,"b:57:106:57:137:57:137:57:Infinity":3,"b:61:72:61:86:61:86:61:Infinity":4,"b:67:68:67:96:67:96:67:Infinity":5,"f:87:42:87:57":5,"s:87:57:87:Infinity":16,"f:91:42:91:57":6,"s:91:57:91:Infinity":17}}}
,"/home/abishur/code/sel-programming-challenge/web/src/components/SymbolDetailView.tsx": {"path":"/home/abishur/code/sel-programming-challenge/web/src/components/SymbolDetailView.tsx","statementMap":{"0":{"start":{"line":14,"column":4},"end":{"line":18,"column":null}},"1":{"start":{"line":23,"column":64},"end":{"line":23,"column":null}},"2":{"start":{"line":24,"column":20},"end":{"line":24,"column":null}},"3":{"start":{"line":25,"column":18},"end":{"line":25,"column":null}},"4":{"start":{"line":26,"column":19},"end":{"line":26,"column":null}},"5":{"start":{"line":26,"column":37},"end":{"line":26,"column":52}},"6":{"start":{"line":28,"column":4},"end":{"line":53,"column":null}},"7":{"start":{"line":29,"column":8},"end":{"line":51,"column":null}},"8":{"start":{"line":45,"column":51},"end":{"line":45,"column":67}},"9":{"start":{"line":55,"column":4},"end":{"line":122,"column":null}},"10":{"start":{"line":112,"column":40},"end":{"line":114,"column":null}},"11":{"start":{"line":131,"column":22},"end":{"line":134,"column":null}},"12":{"start":{"line":131,"column":73},"end":{"line":134,"column":6}},"13":{"start":{"line":136,"column":24},"end":{"line":141,"column":null}},"14":{"start":{"line":143,"column":29},"end":{"line":143,"column":null}},"15":{"start":{"line":144,"column":25},"end":{"line":144,"column":null}},"16":{"start":{"line":145,"column":25},"end":{"line":145,"column":null}},"17":{"start":{"line":147,"column":10},"end":{"line":147,"column":null}},"18":{"start":{"line":148,"column":4},"end":{"line":152,"column":null}},"19":{"start":{"line":149,"column":8},"end":{"line":151,"column":null}},"20":{"start":{"line":150,"column":12},"end":{"line":150,"column":null}},"21":{"start":{"line":154,"column":4},"end":{"line":190,"column":null}},"22":{"start":{"line":174,"column":28},"end":{"line":174,"column":null}}},"fnMap":{"0":{"name":"DetailRow","decl":{"start":{"line":13,"column":9},"end":{"line":13,"column":19}},"loc":{"start":{"line":13,"column":80},"end":{"line":20,"column":null}},"line":13},"1":{"name":"SymbolDetailView","decl":{"start":{"line":22,"column":24},"end":{"line":22,"column":41}},"loc":{"start":{"line":22,"column":69},"end":{"line":124,"column":null}},"line":22},"2":{"name":"(anonymous_2)","decl":{"start":{"line":26,"column":27},"end":{"line":26,"column":32}},"loc":{"start":{"line":26,"column":37},"end":{"line":26,"column":52}},"line":26},"3":{"name":"(anonymous_3)","decl":{"start":{"line":45,"column":36},"end":{"line":45,"column":51}},"loc":{"start":{"line":45,"column":51},"end":{"line":45,"column":67}},"line":45},"4":{"name":"(anonymous_4)","decl":{"start":{"line":111,"column":126},"end":{"line":111,"column":131}},"loc":{"start":{"line":112,"column":40},"end":{"line":114,"column":null}},"line":112},"5":{"name":"SymbolDetailViewChart","decl":{"start":{"line":126,"column":16},"end":{"line":126,"column":38}},"loc":{"start":{"line":126,"column":98},"end":{"line":192,"column":null}},"line":126},"6":{"name":"(anonymous_6)","decl":{"start":{"line":131,"column":37},"end":{"line":131,"column":42}},"loc":{"start":{"line":131,"column":73},"end":{"line":134,"column":6}},"line":131},"7":{"name":"(anonymous_7)","decl":{"start":{"line":148,"column":4},"end":{"line":148,"column":20}},"loc":{"start":{"line":148,"column":20},"end":{"line":152,"column":7}},"line":148},"8":{"name":"(anonymous_8)","decl":{"start":{"line":173,"column":24},"end":{"line":173,"column":40}},"loc":{"start":{"line":174,"column":28},"end":{"line":174,"column":null}},"line":174}},"branchMap":{"0":{"loc":{"start":{"line":28,"column":4},"end":{"line":53,"column":null}},"type":"if","locations":[{"start":{"line":28,"column":4},"end":{"line":53,"column":null}},{"start":{},"end":{}}],"line":28},"1":{"loc":{"start":{"line":40,"column":29},"end":{"line":42,"column":null}},"type":"cond-expr","locations":[{"start":{"line":41,"column":34},"end":{"line":41,"column":null}},{"start":{"line":42,"column":34},"end":{"line":42,"column":null}}],"line":40},"2":{"loc":{"start":{"line":44,"column":25},"end":{"line":47,"column":null}},"type":"binary-expr","locations":[{"start":{"line":44,"column":25},"end":{"line":44,"column":null}},{"start":{"line":45,"column":28},"end":{"line":47,"column":null}}],"line":44},"3":{"loc":{"start":{"line":76,"column":32},"end":{"line":78,"column":null}},"type":"cond-expr","locations":[{"start":{"line":77,"column":38},"end":{"line":77,"column":null}},{"start":{"line":78,"column":38},"end":{"line":78,"column":null}}],"line":76},"4":{"loc":{"start":{"line":99,"column":62},"end":{"line":99,"column":90}},"type":"binary-expr","locations":[{"start":{"line":99,"column":62},"end":{"line":99,"column":85}},{"start":{"line":99,"column":85},"end":{"line":99,"column":90}}],"line":99},"5":{"loc":{"start":{"line":110,"column":34},"end":{"line":115,"column":null}},"type":"binary-expr","locations":[{"start":{"line":110,"column":34},"end":{"line":110,"column":null}},{"start":{"line":111,"column":36},"end":{"line":115,"column":null}}],"line":110},"6":{"loc":{"start":{"line":112,"column":65},"end":{"line":112,"column":null}},"type":"cond-expr","locations":[{"start":{"line":112,"column":74},"end":{"line":112,"column":95}},{"start":{"line":112,"column":95},"end":{"line":112,"column":null}}],"line":112},"7":{"loc":{"start":{"line":131,"column":22},"end":{"line":134,"column":null}},"type":"binary-expr","locations":[{"start":{"line":131,"column":22},"end":{"line":134,"column":11}},{"start":{"line":134,"column":11},"end":{"line":134,"column":null}}],"line":131},"8":{"loc":{"start":{"line":149,"column":8},"end":{"line":151,"column":null}},"type":"if","locations":[{"start":{"line":149,"column":8},"end":{"line":151,"column":null}},{"start":{},"end":{}}],"line":149},"9":{"loc":{"start":{"line":158,"column":27},"end":{"line":158,"column":null}},"type":"cond-expr","locations":[{"start":{"line":158,"column":42},"end":{"line":158,"column":51}},{"start":{"line":158,"column":51},"end":{"line":158,"column":null}}],"line":158},"10":{"loc":{"start":{"line":159,"column":23},"end":{"line":159,"column":null}},"type":"cond-expr","locations":[{"start":{"line":159,"column":38},"end":{"line":159,"column":83}},{"start":{"line":159,"column":83},"end":{"line":159,"column":null}}],"line":159}},"s":{"0":14,"1":6,"2":6,"3":6,"4":6,"5":6,"6":6,"7":4,"8":1,"9":2,"10":2,"11":2,"12":1,"13":2,"14":2,"15":2,"16":2,"17":2,"18":2,"19":2,"20":2,"21":2,"22":2},"f":{"0":14,"1":6,"2":6,"3":1,"4":2,"5":2,"6":1,"7":2,"8":2},"b":{"0":[4,2],"1":[1,3],"2":[4,3],"3":[2,0],"4":[6,1],"5":[6,1],"6":[0,2],"7":[2,0],"8":[2,0],"9":[0,2],"10":[0,2]},"meta":{"lastBranch":11,"lastFunction":9,"lastStatement":23,"seen":{"f:13:9:13:19":0,"s:14:4:18:Infinity":0,"f:22:24:22:41":1,"s:23:64:23:Infinity":1,"s:24:20:24:Infinity":2,"s:25:18:25:Infinity":3,"s:26:19:26:Infinity":4,"f:26:27:26:32":2,"s:26:37:26:52":5,"b:28:4:53:Infinity:undefined:undefined:undefined:undefined":0,"s:28:4:53:Infinity":6,"s:29:8:51:Infinity":7,"b:41:34:41:Infinity:42:34:42:Infinity":1,"b:44:25:44:Infinity:45:28:47:Infinity":2,"f:45:36:45:51":3,"s:45:51:45:67":8,"s:55:4:122:Infinity":9,"b:77:38:77:Infinity:78:38:78:Infinity":3,"b:99:62:99:85:99:85:99:90":4,"b:110:34:110:Infinity:111:36:115:Infinity":5,"f:111:126:111:131":4,"s:112:40:114:Infinity":10,"b:112:74:112:95:112:95:112:Infinity":6,"f:126:16:126:38":5,"s:131:22:134:Infinity":11,"b:131:22:134:11:134:11:134:Infinity":7,"f:131:37:131:42":6,"s:131:73:134:6":12,"s:136:24:141:Infinity":13,"s:143:29:143:Infinity":14,"s:144:25:144:Infinity":15,"s:145:25:145:Infinity":16,"s:147:10:147:Infinity":17,"s:148:4:152:Infinity":18,"f:148:4:148:20":7,"b:149:8:151:Infinity:undefined:undefined:undefined:undefined":8,"s:149:8:151:Infinity":19,"s:150:12:150:Infinity":20,"s:154:4:190:Infinity":21,"b:158:42:158:51:158:51:158:Infinity":9,"b:159:38:159:83:159:83:159:Infinity":10,"f:173:24:173:40":8,"s:174:28:174:Infinity":22}}}
,"/home/abishur/code/sel-programming-challenge/web/src/components/SymbolsDashboard.tsx": {"path":"/home/abishur/code/sel-programming-challenge/web/src/components/SymbolsDashboard.tsx","statementMap":{"0":{"start":{"line":29,"column":8},"end":{"line":30,"column":null}},"1":{"start":{"line":32,"column":29},"end":{"line":32,"column":null}},"2":{"start":{"line":33,"column":27},"end":{"line":33,"column":null}},"3":{"start":{"line":34,"column":4},"end":{"line":38,"column":null}},"4":{"start":{"line":35,"column":8},"end":{"line":37,"column":null}},"5":{"start":{"line":36,"column":12},"end":{"line":36,"column":null}},"6":{"start":{"line":40,"column":4},"end":{"line":45,"column":null}},"7":{"start":{"line":41,"column":8},"end":{"line":44,"column":null}},"8":{"start":{"line":41,"column":51},"end":{"line":41,"column":null}},"9":{"start":{"line":43,"column":12},"end":{"line":43,"column":null}},"10":{"start":{"line":47,"column":30},"end":{"line":57,"column":null}},"11":{"start":{"line":48,"column":22},"end":{"line":48,"column":null}},"12":{"start":{"line":49,"column":8},"end":{"line":56,"column":null}},"13":{"start":{"line":59,"column":4},"end":{"line":61,"column":null}},"14":{"start":{"line":60,"column":8},"end":{"line":60,"column":null}},"15":{"start":{"line":63,"column":4},"end":{"line":90,"column":null}},"16":{"start":{"line":69,"column":41},"end":{"line":69,"column":null}},"17":{"start":{"line":71,"column":43},"end":{"line":71,"column":null}},"18":{"start":{"line":76,"column":31},"end":{"line":76,"column":null}},"19":{"start":{"line":84,"column":31},"end":{"line":84,"column":null}},"20":{"start":{"line":93,"column":47},"end":{"line":166,"column":null}},"21":{"start":{"line":97,"column":12},"end":{"line":103,"column":null}},"22":{"start":{"line":99,"column":31},"end":{"line":99,"column":null}},"23":{"start":{"line":109,"column":12},"end":{"line":115,"column":null}},"24":{"start":{"line":111,"column":31},"end":{"line":111,"column":null}},"25":{"start":{"line":118,"column":22},"end":{"line":118,"column":null}},"26":{"start":{"line":119,"column":12},"end":{"line":119,"column":null}},"27":{"start":{"line":125,"column":12},"end":{"line":131,"column":null}},"28":{"start":{"line":127,"column":31},"end":{"line":127,"column":null}},"29":{"start":{"line":133,"column":27},"end":{"line":133,"column":null}},"30":{"start":{"line":138,"column":12},"end":{"line":144,"column":null}},"31":{"start":{"line":140,"column":31},"end":{"line":140,"column":null}},"32":{"start":{"line":147,"column":32},"end":{"line":147,"column":null}},"33":{"start":{"line":148,"column":12},"end":{"line":148,"column":null}},"34":{"start":{"line":148,"column":30},"end":{"line":148,"column":null}},"35":{"start":{"line":149,"column":31},"end":{"line":149,"column":null}},"36":{"start":{"line":150,"column":12},"end":{"line":153,"column":null}},"37":{"start":{"line":160,"column":12},"end":{"line":160,"column":null}},"38":{"start":{"line":162,"column":32},"end":{"line":162,"column":null}},"39":{"start":{"line":163,"column":32},"end":{"line":163,"column":null}},"40":{"start":{"line":168,"column":13},"end":{"line":184,"column":null}},"41":{"start":{"line":169,"column":4},"end":{"line":182,"column":null}},"42":{"start":{"line":177,"column":50},"end":{"line":177,"column":84}},"43":{"start":{"line":178,"column":50},"end":{"line":178,"column":83}},"44":{"start":{"line":179,"column":50},"end":{"line":179,"column":82}},"45":{"start":{"line":180,"column":50},"end":{"line":180,"column":85}}},"fnMap":{"0":{"name":"SymbolsDashboard","decl":{"start":{"line":20,"column":24},"end":{"line":20,"column":41}},"loc":{"start":{"line":20,"column":83},"end":{"line":92,"column":null}},"line":20},"1":{"name":"(anonymous_1)","decl":{"start":{"line":34,"column":4},"end":{"line":34,"column":20}},"loc":{"start":{"line":34,"column":20},"end":{"line":38,"column":7}},"line":34},"2":{"name":"(anonymous_2)","decl":{"start":{"line":40,"column":4},"end":{"line":40,"column":20}},"loc":{"start":{"line":40,"column":20},"end":{"line":45,"column":7}},"line":40},"3":{"name":"(anonymous_3)","decl":{"start":{"line":47,"column":38},"end":{"line":47,"column":43}},"loc":{"start":{"line":47,"column":49},"end":{"line":57,"column":5}},"line":47},"4":{"name":"(anonymous_4)","decl":{"start":{"line":69,"column":20},"end":{"line":69,"column":33}},"loc":{"start":{"line":69,"column":41},"end":{"line":69,"column":null}},"line":69},"5":{"name":"(anonymous_5)","decl":{"start":{"line":71,"column":20},"end":{"line":71,"column":35}},"loc":{"start":{"line":71,"column":43},"end":{"line":71,"column":null}},"line":71},"6":{"name":"(anonymous_6)","decl":{"start":{"line":76,"column":16},"end":{"line":76,"column":31}},"loc":{"start":{"line":76,"column":31},"end":{"line":76,"column":null}},"line":76},"7":{"name":"(anonymous_7)","decl":{"start":{"line":84,"column":16},"end":{"line":84,"column":31}},"loc":{"start":{"line":84,"column":31},"end":{"line":84,"column":null}},"line":84},"8":{"name":"(anonymous_8)","decl":{"start":{"line":96,"column":8},"end":{"line":96,"column":17}},"loc":{"start":{"line":97,"column":12},"end":{"line":103,"column":null}},"line":97},"9":{"name":"(anonymous_9)","decl":{"start":{"line":99,"column":16},"end":{"line":99,"column":31}},"loc":{"start":{"line":99,"column":31},"end":{"line":99,"column":null}},"line":99},"10":{"name":"(anonymous_10)","decl":{"start":{"line":108,"column":8},"end":{"line":108,"column":17}},"loc":{"start":{"line":109,"column":12},"end":{"line":115,"column":null}},"line":109},"11":{"name":"(anonymous_11)","decl":{"start":{"line":111,"column":16},"end":{"line":111,"column":31}},"loc":{"start":{"line":111,"column":31},"end":{"line":111,"column":null}},"line":111},"12":{"name":"(anonymous_12)","decl":{"start":{"line":117,"column":8},"end":{"line":117,"column":15}},"loc":{"start":{"line":117,"column":27},"end":{"line":120,"column":null}},"line":117},"13":{"name":"(anonymous_13)","decl":{"start":{"line":124,"column":8},"end":{"line":124,"column":17}},"loc":{"start":{"line":125,"column":12},"end":{"line":131,"column":null}},"line":125},"14":{"name":"(anonymous_14)","decl":{"start":{"line":127,"column":16},"end":{"line":127,"column":31}},"loc":{"start":{"line":127,"column":31},"end":{"line":127,"column":null}},"line":127},"15":{"name":"(anonymous_15)","decl":{"start":{"line":133,"column":8},"end":{"line":133,"column":15}},"loc":{"start":{"line":133,"column":27},"end":{"line":133,"column":null}},"line":133},"16":{"name":"(anonymous_16)","decl":{"start":{"line":137,"column":8},"end":{"line":137,"column":17}},"loc":{"start":{"line":138,"column":12},"end":{"line":144,"column":null}},"line":138},"17":{"name":"(anonymous_17)","decl":{"start":{"line":140,"column":16},"end":{"line":140,"column":31}},"loc":{"start":{"line":140,"column":31},"end":{"line":140,"column":null}},"line":140},"18":{"name":"(anonymous_18)","decl":{"start":{"line":146,"column":8},"end":{"line":146,"column":15}},"loc":{"start":{"line":146,"column":27},"end":{"line":155,"column":null}},"line":146},"19":{"name":"(anonymous_19)","decl":{"start":{"line":159,"column":8},"end":{"line":159,"column":21}},"loc":{"start":{"line":160,"column":12},"end":{"line":160,"column":null}},"line":160},"20":{"name":"(anonymous_20)","decl":{"start":{"line":162,"column":8},"end":{"line":162,"column":17}},"loc":{"start":{"line":162,"column":32},"end":{"line":162,"column":null}},"line":162},"21":{"name":"(anonymous_21)","decl":{"start":{"line":163,"column":8},"end":{"line":163,"column":15}},"loc":{"start":{"line":163,"column":32},"end":{"line":163,"column":null}},"line":163},"22":{"name":"(anonymous_22)","decl":{"start":{"line":168,"column":13},"end":{"line":168,"column":31}},"loc":{"start":{"line":168,"column":86},"end":{"line":184,"column":null}},"line":168},"23":{"name":"(anonymous_23)","decl":{"start":{"line":177,"column":34},"end":{"line":177,"column":50}},"loc":{"start":{"line":177,"column":50},"end":{"line":177,"column":84}},"line":177},"24":{"name":"(anonymous_24)","decl":{"start":{"line":178,"column":34},"end":{"line":178,"column":50}},"loc":{"start":{"line":178,"column":50},"end":{"line":178,"column":83}},"line":178},"25":{"name":"(anonymous_25)","decl":{"start":{"line":179,"column":34},"end":{"line":179,"column":50}},"loc":{"start":{"line":179,"column":50},"end":{"line":179,"column":82}},"line":179},"26":{"name":"(anonymous_26)","decl":{"start":{"line":180,"column":34},"end":{"line":180,"column":50}},"loc":{"start":{"line":180,"column":50},"end":{"line":180,"column":85}},"line":180}},"branchMap":{"0":{"loc":{"start":{"line":35,"column":8},"end":{"line":37,"column":null}},"type":"if","locations":[{"start":{"line":35,"column":8},"end":{"line":37,"column":null}},{"start":{},"end":{}}],"line":35},"1":{"loc":{"start":{"line":35,"column":12},"end":{"line":35,"column":72}},"type":"binary-expr","locations":[{"start":{"line":35,"column":12},"end":{"line":35,"column":24}},{"start":{"line":35,"column":24},"end":{"line":35,"column":48}},{"start":{"line":35,"column":48},"end":{"line":35,"column":72}}],"line":35},"2":{"loc":{"start":{"line":41,"column":8},"end":{"line":44,"column":null}},"type":"if","locations":[{"start":{"line":41,"column":8},"end":{"line":44,"column":null}},{"start":{"line":42,"column":13},"end":{"line":44,"column":null}}],"line":41},"3":{"loc":{"start":{"line":59,"column":4},"end":{"line":61,"column":null}},"type":"if","locations":[{"start":{"line":59,"column":4},"end":{"line":61,"column":null}},{"start":{},"end":{}}],"line":59},"4":{"loc":{"start":{"line":59,"column":8},"end":{"line":59,"column":38}},"type":"binary-expr","locations":[{"start":{"line":59,"column":8},"end":{"line":59,"column":19}},{"start":{"line":59,"column":19},"end":{"line":59,"column":38}}],"line":59},"5":{"loc":{"start":{"line":71,"column":43},"end":{"line":71,"column":null}},"type":"cond-expr","locations":[{"start":{"line":71,"column":48},"end":{"line":71,"column":65}},{"start":{"line":71,"column":65},"end":{"line":71,"column":null}}],"line":71},"6":{"loc":{"start":{"line":78,"column":25},"end":{"line":78,"column":null}},"type":"binary-expr","locations":[{"start":{"line":78,"column":25},"end":{"line":78,"column":51}},{"start":{"line":78,"column":51},"end":{"line":78,"column":null}}],"line":78},"7":{"loc":{"start":{"line":86,"column":25},"end":{"line":86,"column":null}},"type":"binary-expr","locations":[{"start":{"line":86,"column":25},"end":{"line":86,"column":43}},{"start":{"line":86,"column":43},"end":{"line":86,"column":null}}],"line":86},"8":{"loc":{"start":{"line":119,"column":25},"end":{"line":119,"column":39}},"type":"binary-expr","locations":[{"start":{"line":119,"column":25},"end":{"line":119,"column":30}},{"start":{"line":119,"column":30},"end":{"line":119,"column":39}}],"line":119},"9":{"loc":{"start":{"line":133,"column":33},"end":{"line":133,"column":60}},"type":"binary-expr","locations":[{"start":{"line":133,"column":33},"end":{"line":133,"column":51}},{"start":{"line":133,"column":51},"end":{"line":133,"column":60}}],"line":133},"10":{"loc":{"start":{"line":148,"column":12},"end":{"line":148,"column":null}},"type":"if","locations":[{"start":{"line":148,"column":12},"end":{"line":148,"column":null}},{"start":{},"end":{}}],"line":148},"11":{"loc":{"start":{"line":160,"column":12},"end":{"line":160,"column":null}},"type":"cond-expr","locations":[{"start":{"line":160,"column":16},"end":{"line":160,"column":65}},{"start":{"line":160,"column":65},"end":{"line":160,"column":null}}],"line":160}},"s":{"0":12,"1":12,"2":12,"3":12,"4":10,"5":1,"6":12,"7":10,"8":1,"9":9,"10":12,"11":26,"12":26,"13":12,"14":1,"15":11,"16":1,"17":0,"18":0,"19":0,"20":1,"21":21,"22":1,"23":21,"24":0,"25":48,"26":48,"27":21,"28":0,"29":48,"30":21,"31":0,"32":48,"33":48,"34":2,"35":46,"36":46,"37":26,"38":21,"39":48,"40":1,"41":21,"42":0,"43":0,"44":0,"45":0},"f":{"0":12,"1":10,"2":10,"3":26,"4":1,"5":0,"6":0,"7":0,"8":21,"9":1,"10":21,"11":0,"12":48,"13":21,"14":0,"15":48,"16":21,"17":0,"18":48,"19":26,"20":21,"21":48,"22":21,"23":0,"24":0,"25":0,"26":0},"b":{"0":[1,9],"1":[10,9,1],"2":[1,9],"3":[1,11],"4":[12,1],"5":[0,0],"6":[11,9],"7":[12,9],"8":[48,2],"9":[48,2],"10":[2,46],"11":[25,1]},"meta":{"lastBranch":12,"lastFunction":27,"lastStatement":46,"seen":{"f:20:24:20:41":0,"s:29:8:30:Infinity":0,"s:32:29:32:Infinity":1,"s:33:27:33:Infinity":2,"s:34:4:38:Infinity":3,"f:34:4:34:20":1,"b:35:8:37:Infinity:undefined:undefined:undefined:undefined":0,"s:35:8:37:Infinity":4,"b:35:12:35:24:35:24:35:48:35:48:35:72":1,"s:36:12:36:Infinity":5,"s:40:4:45:Infinity":6,"f:40:4:40:20":2,"b:41:8:44:Infinity:42:13:44:Infinity":2,"s:41:8:44:Infinity":7,"s:41:51:41:Infinity":8,"s:43:12:43:Infinity":9,"s:47:30:57:Infinity":10,"f:47:38:47:43":3,"s:48:22:48:Infinity":11,"s:49:8:56:Infinity":12,"b:59:4:61:Infinity:undefined:undefined:undefined:undefined":3,"s:59:4:61:Infinity":13,"b:59:8:59:19:59:19:59:38":4,"s:60:8:60:Infinity":14,"s:63:4:90:Infinity":15,"f:69:20:69:33":4,"s:69:41:69:Infinity":16,"f:71:20:71:35":5,"s:71:43:71:Infinity":17,"b:71:48:71:65:71:65:71:Infinity":5,"f:76:16:76:31":6,"s:76:31:76:Infinity":18,"b:78:25:78:51:78:51:78:Infinity":6,"f:84:16:84:31":7,"s:84:31:84:Infinity":19,"b:86:25:86:43:86:43:86:Infinity":7,"s:93:47:166:Infinity":20,"f:96:8:96:17":8,"s:97:12:103:Infinity":21,"f:99:16:99:31":9,"s:99:31:99:Infinity":22,"f:108:8:108:17":10,"s:109:12:115:Infinity":23,"f:111:16:111:31":11,"s:111:31:111:Infinity":24,"f:117:8:117:15":12,"s:118:22:118:Infinity":25,"s:119:12:119:Infinity":26,"b:119:25:119:30:119:30:119:39":8,"f:124:8:124:17":13,"s:125:12:131:Infinity":27,"f:127:16:127:31":14,"s:127:31:127:Infinity":28,"f:133:8:133:15":15,"s:133:27:133:Infinity":29,"b:133:33:133:51:133:51:133:60":9,"f:137:8:137:17":16,"s:138:12:144:Infinity":30,"f:140:16:140:31":17,"s:140:31:140:Infinity":31,"f:146:8:146:15":18,"s:147:32:147:Infinity":32,"b:148:12:148:Infinity:undefined:undefined:undefined:undefined":10,"s:148:12:148:Infinity":33,"s:148:30:148:Infinity":34,"s:149:31:149:Infinity":35,"s:150:12:153:Infinity":36,"f:159:8:159:21":19,"s:160:12:160:Infinity":37,"b:160:16:160:65:160:65:160:Infinity":11,"f:162:8:162:17":20,"s:162:32:162:Infinity":38,"f:163:8:163:15":21,"s:163:32:163:Infinity":39,"s:168:13:184:Infinity":40,"f:168:13:168:31":22,"s:169:4:182:Infinity":41,"f:177:34:177:50":23,"s:177:50:177:84":42,"f:178:34:178:50":24,"s:178:50:178:83":43,"f:179:34:179:50":25,"s:179:50:179:82":44,"f:180:34:180:50":26,"s:180:50:180:85":45}}}
,"/home/abishur/code/sel-programming-challenge/web/src/components/UserMenu.tsx": {"path":"/home/abishur/code/sel-programming-challenge/web/src/components/UserMenu.tsx","statementMap":{"0":{"start":{"line":15,"column":21},"end":{"line":15,"column":null}},"1":{"start":{"line":15,"column":60},"end":{"line":15,"column":96}},"2":{"start":{"line":16,"column":46},"end":{"line":16,"column":null}},"3":{"start":{"line":18,"column":4},"end":{"line":25,"column":null}},"4":{"start":{"line":19,"column":8},"end":{"line":19,"column":null}},"5":{"start":{"line":20,"column":8},"end":{"line":24,"column":null}},"6":{"start":{"line":21,"column":12},"end":{"line":21,"column":null}},"7":{"start":{"line":23,"column":12},"end":{"line":23,"column":null}},"8":{"start":{"line":27,"column":10},"end":{"line":34,"column":null}},"9":{"start":{"line":28,"column":8},"end":{"line":32,"column":null}},"10":{"start":{"line":33,"column":8},"end":{"line":33,"column":null}},"11":{"start":{"line":36,"column":4},"end":{"line":67,"column":null}},"12":{"start":{"line":58,"column":24},"end":{"line":58,"column":null}},"13":{"start":{"line":59,"column":24},"end":{"line":64,"column":null}},"14":{"start":{"line":72,"column":12},"end":{"line":72,"column":null}},"15":{"start":{"line":74,"column":4},"end":{"line":95,"column":null}},"16":{"start":{"line":78,"column":16},"end":{"line":78,"column":null}},"17":{"start":{"line":78,"column":48},"end":{"line":78,"column":79}},"18":{"start":{"line":79,"column":16},"end":{"line":79,"column":null}},"19":{"start":{"line":100,"column":12},"end":{"line":100,"column":null}},"20":{"start":{"line":101,"column":4},"end":{"line":125,"column":null}},"21":{"start":{"line":105,"column":16},"end":{"line":105,"column":null}},"22":{"start":{"line":105,"column":48},"end":{"line":105,"column":95}},"23":{"start":{"line":106,"column":16},"end":{"line":106,"column":null}},"24":{"start":{"line":130,"column":26},"end":{"line":130,"column":null}},"25":{"start":{"line":131,"column":4},"end":{"line":151,"column":null}},"26":{"start":{"line":135,"column":16},"end":{"line":139,"column":null}},"27":{"start":{"line":136,"column":20},"end":{"line":136,"column":null}},"28":{"start":{"line":138,"column":20},"end":{"line":138,"column":null}},"29":{"start":{"line":140,"column":16},"end":{"line":140,"column":null}},"30":{"start":{"line":140,"column":48},"end":{"line":140,"column":90}}},"fnMap":{"0":{"name":"UserMenu","decl":{"start":{"line":14,"column":24},"end":{"line":14,"column":35}},"loc":{"start":{"line":14,"column":35},"end":{"line":69,"column":null}},"line":14},"1":{"name":"(anonymous_1)","decl":{"start":{"line":15,"column":35},"end":{"line":15,"column":60}},"loc":{"start":{"line":15,"column":60},"end":{"line":15,"column":96}},"line":15},"2":{"name":"(anonymous_2)","decl":{"start":{"line":18,"column":4},"end":{"line":18,"column":20}},"loc":{"start":{"line":18,"column":20},"end":{"line":25,"column":7}},"line":18},"3":{"name":"(anonymous_3)","decl":{"start":{"line":27,"column":10},"end":{"line":27,"column":25}},"loc":{"start":{"line":27,"column":25},"end":{"line":34,"column":null}},"line":27},"4":{"name":"(anonymous_4)","decl":{"start":{"line":57,"column":20},"end":{"line":57,"column":35}},"loc":{"start":{"line":57,"column":35},"end":{"line":65,"column":23}},"line":57},"5":{"name":"(anonymous_5)","decl":{"start":{"line":62,"column":32},"end":{"line":62,"column":47}},"loc":{"start":{"line":62,"column":47},"end":{"line":62,"column":null}},"line":62},"6":{"name":"ThemeSelector","decl":{"start":{"line":71,"column":16},"end":{"line":71,"column":30}},"loc":{"start":{"line":71,"column":71},"end":{"line":97,"column":null}},"line":71},"7":{"name":"(anonymous_7)","decl":{"start":{"line":77,"column":12},"end":{"line":77,"column":28}},"loc":{"start":{"line":77,"column":34},"end":{"line":80,"column":null}},"line":77},"8":{"name":"(anonymous_8)","decl":{"start":{"line":78,"column":16},"end":{"line":78,"column":28}},"loc":{"start":{"line":78,"column":48},"end":{"line":78,"column":79}},"line":78},"9":{"name":"PollingInterval","decl":{"start":{"line":99,"column":16},"end":{"line":99,"column":32}},"loc":{"start":{"line":99,"column":73},"end":{"line":127,"column":null}},"line":99},"10":{"name":"(anonymous_10)","decl":{"start":{"line":104,"column":12},"end":{"line":104,"column":28}},"loc":{"start":{"line":104,"column":34},"end":{"line":107,"column":null}},"line":104},"11":{"name":"(anonymous_11)","decl":{"start":{"line":105,"column":16},"end":{"line":105,"column":28}},"loc":{"start":{"line":105,"column":48},"end":{"line":105,"column":95}},"line":105},"12":{"name":"AutoStartPolling","decl":{"start":{"line":129,"column":16},"end":{"line":129,"column":33}},"loc":{"start":{"line":129,"column":74},"end":{"line":153,"column":null}},"line":129},"13":{"name":"(anonymous_13)","decl":{"start":{"line":134,"column":12},"end":{"line":134,"column":28}},"loc":{"start":{"line":134,"column":34},"end":{"line":141,"column":null}},"line":134},"14":{"name":"(anonymous_14)","decl":{"start":{"line":140,"column":16},"end":{"line":140,"column":28}},"loc":{"start":{"line":140,"column":48},"end":{"line":140,"column":90}},"line":140}},"branchMap":{"0":{"loc":{"start":{"line":20,"column":8},"end":{"line":24,"column":null}},"type":"if","locations":[{"start":{"line":20,"column":8},"end":{"line":24,"column":null}},{"start":{"line":22,"column":15},"end":{"line":24,"column":null}}],"line":20},"1":{"loc":{"start":{"line":133,"column":19},"end":{"line":133,"column":null}},"type":"cond-expr","locations":[{"start":{"line":133,"column":47},"end":{"line":133,"column":54}},{"start":{"line":133,"column":54},"end":{"line":133,"column":null}}],"line":133},"2":{"loc":{"start":{"line":135,"column":16},"end":{"line":139,"column":null}},"type":"if","locations":[{"start":{"line":135,"column":16},"end":{"line":139,"column":null}},{"start":{"line":137,"column":23},"end":{"line":139,"column":null}}],"line":135}},"s":{"0":13,"1":8,"2":13,"3":13,"4":8,"5":8,"6":7,"7":1,"8":13,"9":1,"10":1,"11":13,"12":1,"13":1,"14":13,"15":13,"16":1,"17":1,"18":1,"19":13,"20":13,"21":1,"22":1,"23":1,"24":13,"25":13,"26":2,"27":1,"28":1,"29":2,"30":2},"f":{"0":13,"1":8,"2":8,"3":1,"4":1,"5":0,"6":13,"7":1,"8":1,"9":13,"10":1,"11":1,"12":13,"13":2,"14":2},"b":{"0":[7,1],"1":[11,2],"2":[1,1]},"meta":{"lastBranch":3,"lastFunction":15,"lastStatement":31,"seen":{"f:14:24:14:35":0,"s:15:21:15:Infinity":0,"f:15:35:15:60":1,"s:15:60:15:96":1,"s:16:46:16:Infinity":2,"s:18:4:25:Infinity":3,"f:18:4:18:20":2,"s:19:8:19:Infinity":4,"b:20:8:24:Infinity:22:15:24:Infinity":0,"s:20:8:24:Infinity":5,"s:21:12:21:Infinity":6,"s:23:12:23:Infinity":7,"s:27:10:34:Infinity":8,"f:27:10:27:25":3,"s:28:8:32:Infinity":9,"s:33:8:33:Infinity":10,"s:36:4:67:Infinity":11,"f:57:20:57:35":4,"s:58:24:58:Infinity":12,"s:59:24:64:Infinity":13,"f:62:32:62:47":5,"f:71:16:71:30":6,"s:72:12:72:Infinity":14,"s:74:4:95:Infinity":15,"f:77:12:77:28":7,"s:78:16:78:Infinity":16,"f:78:16:78:28":8,"s:78:48:78:79":17,"s:79:16:79:Infinity":18,"f:99:16:99:32":9,"s:100:12:100:Infinity":19,"s:101:4:125:Infinity":20,"f:104:12:104:28":10,"s:105:16:105:Infinity":21,"f:105:16:105:28":11,"s:105:48:105:95":22,"s:106:16:106:Infinity":23,"f:129:16:129:33":12,"s:130:26:130:Infinity":24,"s:131:4:151:Infinity":25,"b:133:47:133:54:133:54:133:Infinity":1,"f:134:12:134:28":13,"b:135:16:139:Infinity:137:23:139:Infinity":2,"s:135:16:139:Infinity":26,"s:136:20:136:Infinity":27,"s:138:20:138:Infinity":28,"s:140:16:140:Infinity":29,"f:140:16:140:28":14,"s:140:48:140:90":30}}}
,"/home/abishur/code/sel-programming-challenge/web/src/hooks/useSymbolPolling.ts": {"path":"/home/abishur/code/sel-programming-challenge/web/src/hooks/useSymbolPolling.ts","statementMap":{"0":{"start":{"line":5,"column":27},"end":{"line":5,"column":null}},"1":{"start":{"line":6,"column":20},"end":{"line":6,"column":null}},"2":{"start":{"line":7,"column":26},"end":{"line":7,"column":null}},"3":{"start":{"line":10,"column":20},"end":{"line":10,"column":null}},"4":{"start":{"line":11,"column":25},"end":{"line":11,"column":null}},"5":{"start":{"line":12,"column":26},"end":{"line":12,"column":null}},"6":{"start":{"line":13,"column":29},"end":{"line":13,"column":null}},"7":{"start":{"line":14,"column":25},"end":{"line":17,"column":null}},"8":{"start":{"line":18,"column":20},"end":{"line":18,"column":null}},"9":{"start":{"line":19,"column":18},"end":{"line":19,"column":null}},"10":{"start":{"line":21,"column":10},"end":{"line":21,"column":null}},"11":{"start":{"line":22,"column":10},"end":{"line":22,"column":null}},"12":{"start":{"line":23,"column":4},"end":{"line":23,"column":null}},"13":{"start":{"line":28,"column":10},"end":{"line":76,"column":null}},"14":{"start":{"line":29,"column":22},"end":{"line":29,"column":null}},"15":{"start":{"line":29,"column":52},"end":{"line":29,"column":58}},"16":{"start":{"line":34,"column":24},"end":{"line":36,"column":null}},"17":{"start":{"line":35,"column":32},"end":{"line":35,"column":63}},"18":{"start":{"line":38,"column":8},"end":{"line":51,"column":null}},"19":{"start":{"line":39,"column":36},"end":{"line":39,"column":null}},"20":{"start":{"line":40,"column":12},"end":{"line":42,"column":null}},"21":{"start":{"line":41,"column":16},"end":{"line":41,"column":null}},"22":{"start":{"line":41,"column":46},"end":{"line":41,"column":null}},"23":{"start":{"line":43,"column":29},"end":{"line":43,"column":null}},"24":{"start":{"line":43,"column":49},"end":{"line":43,"column":72}},"25":{"start":{"line":45,"column":12},"end":{"line":49,"column":null}},"26":{"start":{"line":46,"column":16},"end":{"line":46,"column":null}},"27":{"start":{"line":47,"column":19},"end":{"line":49,"column":null}},"28":{"start":{"line":48,"column":16},"end":{"line":48,"column":null}},"29":{"start":{"line":50,"column":12},"end":{"line":50,"column":null}},"30":{"start":{"line":53,"column":8},"end":{"line":75,"column":null}},"31":{"start":{"line":54,"column":36},"end":{"line":54,"column":null}},"32":{"start":{"line":55,"column":12},"end":{"line":73,"column":null}},"33":{"start":{"line":56,"column":16},"end":{"line":56,"column":null}},"34":{"start":{"line":56,"column":46},"end":{"line":56,"column":null}},"35":{"start":{"line":58,"column":29},"end":{"line":58,"column":null}},"36":{"start":{"line":59,"column":50},"end":{"line":63,"column":null}},"37":{"start":{"line":64,"column":33},"end":{"line":64,"column":null}},"38":{"start":{"line":65,"column":35},"end":{"line":65,"column":null}},"39":{"start":{"line":66,"column":16},"end":{"line":71,"column":null}},"40":{"start":{"line":70,"column":20},"end":{"line":70,"column":null}},"41":{"start":{"line":72,"column":16},"end":{"line":72,"column":null}},"42":{"start":{"line":74,"column":12},"end":{"line":74,"column":null}},"43":{"start":{"line":78,"column":10},"end":{"line":90,"column":null}},"44":{"start":{"line":79,"column":8},"end":{"line":79,"column":null}},"45":{"start":{"line":80,"column":8},"end":{"line":89,"column":null}},"46":{"start":{"line":81,"column":25},"end":{"line":81,"column":null}},"47":{"start":{"line":82,"column":12},"end":{"line":82,"column":null}},"48":{"start":{"line":83,"column":12},"end":{"line":83,"column":null}},"49":{"start":{"line":85,"column":12},"end":{"line":85,"column":null}},"50":{"start":{"line":86,"column":12},"end":{"line":86,"column":null}},"51":{"start":{"line":88,"column":12},"end":{"line":88,"column":null}},"52":{"start":{"line":93,"column":10},"end":{"line":95,"column":null}},"53":{"start":{"line":94,"column":8},"end":{"line":94,"column":null}},"54":{"start":{"line":94,"column":32},"end":{"line":94,"column":106}},"55":{"start":{"line":97,"column":10},"end":{"line":99,"column":null}},"56":{"start":{"line":98,"column":8},"end":{"line":98,"column":null}},"57":{"start":{"line":98,"column":32},"end":{"line":98,"column":108}},"58":{"start":{"line":101,"column":10},"end":{"line":106,"column":null}},"59":{"start":{"line":102,"column":8},"end":{"line":105,"column":null}},"60":{"start":{"line":102,"column":33},"end":{"line":105,"column":10}},"61":{"start":{"line":108,"column":4},"end":{"line":116,"column":null}},"62":{"start":{"line":109,"column":8},"end":{"line":109,"column":null}},"63":{"start":{"line":109,"column":37},"end":{"line":109,"column":null}},"64":{"start":{"line":111,"column":8},"end":{"line":111,"column":null}},"65":{"start":{"line":112,"column":8},"end":{"line":112,"column":null}},"66":{"start":{"line":113,"column":8},"end":{"line":115,"column":null}},"67":{"start":{"line":114,"column":12},"end":{"line":114,"column":null}},"68":{"start":{"line":114,"column":46},"end":{"line":114,"column":null}},"69":{"start":{"line":118,"column":4},"end":{"line":118,"column":null}},"70":{"start":{"line":118,"column":22},"end":{"line":118,"column":37}},"71":{"start":{"line":120,"column":10},"end":{"line":126,"column":null}},"72":{"start":{"line":121,"column":8},"end":{"line":121,"column":null}},"73":{"start":{"line":122,"column":8},"end":{"line":122,"column":null}},"74":{"start":{"line":123,"column":8},"end":{"line":123,"column":null}},"75":{"start":{"line":124,"column":8},"end":{"line":124,"column":null}},"76":{"start":{"line":125,"column":8},"end":{"line":125,"column":null}},"77":{"start":{"line":128,"column":4},"end":{"line":143,"column":null}}},"fnMap":{"0":{"name":"useSymbolPolling","decl":{"start":{"line":9,"column":24},"end":{"line":9,"column":43}},"loc":{"start":{"line":9,"column":43},"end":{"line":144,"column":null}},"line":9},"1":{"name":"(anonymous_1)","decl":{"start":{"line":28,"column":33},"end":{"line":28,"column":45}},"loc":{"start":{"line":28,"column":45},"end":{"line":76,"column":7}},"line":28},"2":{"name":"(anonymous_2)","decl":{"start":{"line":29,"column":41},"end":{"line":29,"column":46}},"loc":{"start":{"line":29,"column":52},"end":{"line":29,"column":58}},"line":29},"3":{"name":"(anonymous_3)","decl":{"start":{"line":35,"column":18},"end":{"line":35,"column":23}},"loc":{"start":{"line":35,"column":32},"end":{"line":35,"column":63}},"line":35},"4":{"name":"(anonymous_4)","decl":{"start":{"line":38,"column":8},"end":{"line":38,"column":25}},"loc":{"start":{"line":38,"column":34},"end":{"line":51,"column":9}},"line":38},"5":{"name":"(anonymous_5)","decl":{"start":{"line":40,"column":20},"end":{"line":40,"column":29}},"loc":{"start":{"line":40,"column":38},"end":{"line":42,"column":13}},"line":40},"6":{"name":"(anonymous_6)","decl":{"start":{"line":43,"column":37},"end":{"line":43,"column":44}},"loc":{"start":{"line":43,"column":49},"end":{"line":43,"column":72}},"line":43},"7":{"name":"(anonymous_7)","decl":{"start":{"line":53,"column":8},"end":{"line":53,"column":26}},"loc":{"start":{"line":53,"column":35},"end":{"line":75,"column":9}},"line":53},"8":{"name":"(anonymous_8)","decl":{"start":{"line":55,"column":20},"end":{"line":55,"column":29}},"loc":{"start":{"line":55,"column":38},"end":{"line":73,"column":13}},"line":55},"9":{"name":"(anonymous_9)","decl":{"start":{"line":78,"column":36},"end":{"line":78,"column":48}},"loc":{"start":{"line":78,"column":48},"end":{"line":90,"column":7}},"line":78},"10":{"name":"(anonymous_10)","decl":{"start":{"line":93,"column":25},"end":{"line":93,"column":43}},"loc":{"start":{"line":93,"column":43},"end":{"line":95,"column":7}},"line":93},"11":{"name":"(anonymous_11)","decl":{"start":{"line":94,"column":8},"end":{"line":94,"column":24}},"loc":{"start":{"line":94,"column":32},"end":{"line":94,"column":106}},"line":94},"12":{"name":"(anonymous_12)","decl":{"start":{"line":97,"column":24},"end":{"line":97,"column":42}},"loc":{"start":{"line":97,"column":42},"end":{"line":99,"column":7}},"line":97},"13":{"name":"(anonymous_13)","decl":{"start":{"line":98,"column":8},"end":{"line":98,"column":24}},"loc":{"start":{"line":98,"column":32},"end":{"line":98,"column":108}},"line":98},"14":{"name":"(anonymous_14)","decl":{"start":{"line":101,"column":31},"end":{"line":101,"column":44}},"loc":{"start":{"line":101,"column":65},"end":{"line":106,"column":7}},"line":101},"15":{"name":"(anonymous_15)","decl":{"start":{"line":102,"column":8},"end":{"line":102,"column":24}},"loc":{"start":{"line":102,"column":33},"end":{"line":105,"column":10}},"line":102},"16":{"name":"(anonymous_16)","decl":{"start":{"line":108,"column":4},"end":{"line":108,"column":20}},"loc":{"start":{"line":108,"column":20},"end":{"line":116,"column":7}},"line":108},"17":{"name":"(anonymous_17)","decl":{"start":{"line":113,"column":8},"end":{"line":113,"column":21}},"loc":{"start":{"line":113,"column":21},"end":{"line":115,"column":null}},"line":113},"18":{"name":"(anonymous_18)","decl":{"start":{"line":118,"column":4},"end":{"line":118,"column":20}},"loc":{"start":{"line":118,"column":20},"end":{"line":118,"column":40}},"line":118},"19":{"name":"(anonymous_19)","decl":{"start":{"line":120,"column":23},"end":{"line":120,"column":41}},"loc":{"start":{"line":120,"column":41},"end":{"line":126,"column":7}},"line":120}},"branchMap":{"0":{"loc":{"start":{"line":41,"column":16},"end":{"line":41,"column":null}},"type":"if","locations":[{"start":{"line":41,"column":16},"end":{"line":41,"column":null}},{"start":{},"end":{}}],"line":41},"1":{"loc":{"start":{"line":45,"column":12},"end":{"line":49,"column":null}},"type":"if","locations":[{"start":{"line":45,"column":12},"end":{"line":49,"column":null}},{"start":{"line":47,"column":19},"end":{"line":49,"column":null}}],"line":45},"2":{"loc":{"start":{"line":45,"column":16},"end":{"line":45,"column":74}},"type":"binary-expr","locations":[{"start":{"line":45,"column":16},"end":{"line":45,"column":54}},{"start":{"line":45,"column":54},"end":{"line":45,"column":74}}],"line":45},"3":{"loc":{"start":{"line":47,"column":19},"end":{"line":49,"column":null}},"type":"if","locations":[{"start":{"line":47,"column":19},"end":{"line":49,"column":null}},{"start":{},"end":{}}],"line":47},"4":{"loc":{"start":{"line":47,"column":23},"end":{"line":47,"column":55}},"type":"binary-expr","locations":[{"start":{"line":47,"column":23},"end":{"line":47,"column":48}},{"start":{"line":47,"column":48},"end":{"line":47,"column":55}}],"line":47},"5":{"loc":{"start":{"line":56,"column":16},"end":{"line":56,"column":null}},"type":"if","locations":[{"start":{"line":56,"column":16},"end":{"line":56,"column":null}},{"start":{},"end":{}}],"line":56},"6":{"loc":{"start":{"line":64,"column":33},"end":{"line":64,"column":null}},"type":"binary-expr","locations":[{"start":{"line":64,"column":33},"end":{"line":64,"column":62}},{"start":{"line":64,"column":62},"end":{"line":64,"column":null}}],"line":64},"7":{"loc":{"start":{"line":67,"column":20},"end":{"line":68,"column":null}},"type":"binary-expr","locations":[{"start":{"line":67,"column":20},"end":{"line":67,"column":null}},{"start":{"line":68,"column":20},"end":{"line":68,"column":null}}],"line":67},"8":{"loc":{"start":{"line":94,"column":32},"end":{"line":94,"column":106}},"type":"cond-expr","locations":[{"start":{"line":94,"column":49},"end":{"line":94,"column":56}},{"start":{"line":94,"column":56},"end":{"line":94,"column":106}}],"line":94},"9":{"loc":{"start":{"line":98,"column":32},"end":{"line":98,"column":108}},"type":"cond-expr","locations":[{"start":{"line":98,"column":50},"end":{"line":98,"column":57}},{"start":{"line":98,"column":57},"end":{"line":98,"column":108}}],"line":98},"10":{"loc":{"start":{"line":109,"column":8},"end":{"line":109,"column":null}},"type":"if","locations":[{"start":{"line":109,"column":8},"end":{"line":109,"column":null}},{"start":{},"end":{}}],"line":109},"11":{"loc":{"start":{"line":114,"column":12},"end":{"line":114,"column":null}},"type":"if","locations":[{"start":{"line":114,"column":12},"end":{"line":114,"column":null}},{"start":{},"end":{}}],"line":114}},"s":{"0":1,"1":1,"2":1,"3":59,"4":59,"5":59,"6":59,"7":59,"8":59,"9":59,"10":59,"11":59,"12":59,"13":59,"14":19,"15":38,"16":19,"17":38,"18":19,"19":17,"20":17,"21":34,"22":31,"23":17,"24":34,"25":17,"26":1,"27":16,"28":0,"29":17,"30":19,"31":16,"32":16,"33":32,"34":3,"35":29,"36":29,"37":29,"38":32,"39":32,"40":1,"41":29,"42":16,"43":59,"44":11,"45":11,"46":11,"47":11,"48":11,"49":0,"50":0,"51":11,"52":59,"53":4,"54":4,"55":59,"56":3,"57":3,"58":59,"59":2,"60":2,"61":59,"62":20,"63":16,"64":4,"65":4,"66":4,"67":4,"68":4,"69":59,"70":11,"71":59,"72":1,"73":1,"74":1,"75":1,"76":1,"77":59},"f":{"0":59,"1":19,"2":38,"3":38,"4":17,"5":34,"6":34,"7":16,"8":32,"9":11,"10":4,"11":4,"12":3,"13":3,"14":2,"15":2,"16":20,"17":4,"18":11,"19":1},"b":{"0":[31,3],"1":[1,16],"2":[17,1],"3":[0,16],"4":[16,15],"5":[3,29],"6":[29,11],"7":[32,19],"8":[0,4],"9":[0,3],"10":[16,4],"11":[4,0]},"meta":{"lastBranch":12,"lastFunction":20,"lastStatement":78,"seen":{"s:5:27:5:Infinity":0,"s:6:20:6:Infinity":1,"s:7:26:7:Infinity":2,"f:9:24:9:43":0,"s:10:20:10:Infinity":3,"s:11:25:11:Infinity":4,"s:12:26:12:Infinity":5,"s:13:29:13:Infinity":6,"s:14:25:17:Infinity":7,"s:18:20:18:Infinity":8,"s:19:18:19:Infinity":9,"s:21:10:21:Infinity":10,"s:22:10:22:Infinity":11,"s:23:4:23:Infinity":12,"s:28:10:76:Infinity":13,"f:28:33:28:45":1,"s:29:22:29:Infinity":14,"f:29:41:29:46":2,"s:29:52:29:58":15,"s:34:24:36:Infinity":16,"f:35:18:35:23":3,"s:35:32:35:63":17,"s:38:8:51:Infinity":18,"f:38:8:38:25":4,"s:39:36:39:Infinity":19,"s:40:12:42:Infinity":20,"f:40:20:40:29":5,"b:41:16:41:Infinity:undefined:undefined:undefined:undefined":0,"s:41:16:41:Infinity":21,"s:41:46:41:Infinity":22,"s:43:29:43:Infinity":23,"f:43:37:43:44":6,"s:43:49:43:72":24,"b:45:12:49:Infinity:47:19:49:Infinity":1,"s:45:12:49:Infinity":25,"b:45:16:45:54:45:54:45:74":2,"s:46:16:46:Infinity":26,"b:47:19:49:Infinity:undefined:undefined:undefined:undefined":3,"s:47:19:49:Infinity":27,"b:47:23:47:48:47:48:47:55":4,"s:48:16:48:Infinity":28,"s:50:12:50:Infinity":29,"s:53:8:75:Infinity":30,"f:53:8:53:26":7,"s:54:36:54:Infinity":31,"s:55:12:73:Infinity":32,"f:55:20:55:29":8,"b:56:16:56:Infinity:undefined:undefined:undefined:undefined":5,"s:56:16:56:Infinity":33,"s:56:46:56:Infinity":34,"s:58:29:58:Infinity":35,"s:59:50:63:Infinity":36,"s:64:33:64:Infinity":37,"b:64:33:64:62:64:62:64:Infinity":6,"s:65:35:65:Infinity":38,"s:66:16:71:Infinity":39,"b:67:20:67:Infinity:68:20:68:Infinity":7,"s:70:20:70:Infinity":40,"s:72:16:72:Infinity":41,"s:74:12:74:Infinity":42,"s:78:10:90:Infinity":43,"f:78:36:78:48":9,"s:79:8:79:Infinity":44,"s:80:8:89:Infinity":45,"s:81:25:81:Infinity":46,"s:82:12:82:Infinity":47,"s:83:12:83:Infinity":48,"s:85:12:85:Infinity":49,"s:86:12:86:Infinity":50,"s:88:12:88:Infinity":51,"s:93:10:95:Infinity":52,"f:93:25:93:43":10,"s:94:8:94:Infinity":53,"f:94:8:94:24":11,"s:94:32:94:106":54,"b:94:49:94:56:94:56:94:106":8,"s:97:10:99:Infinity":55,"f:97:24:97:42":12,"s:98:8:98:Infinity":56,"f:98:8:98:24":13,"s:98:32:98:108":57,"b:98:50:98:57:98:57:98:108":9,"s:101:10:106:Infinity":58,"f:101:31:101:44":14,"s:102:8:105:Infinity":59,"f:102:8:102:24":15,"s:102:33:105:10":60,"s:108:4:116:Infinity":61,"f:108:4:108:20":16,"b:109:8:109:Infinity:undefined:undefined:undefined:undefined":10,"s:109:8:109:Infinity":62,"s:109:37:109:Infinity":63,"s:111:8:111:Infinity":64,"s:112:8:112:Infinity":65,"s:113:8:115:Infinity":66,"f:113:8:113:21":17,"b:114:12:114:Infinity:undefined:undefined:undefined:undefined":11,"s:114:12:114:Infinity":67,"s:114:46:114:Infinity":68,"s:118:4:118:Infinity":69,"f:118:4:118:20":18,"s:118:22:118:37":70,"s:120:10:126:Infinity":71,"f:120:23:120:41":19,"s:121:8:121:Infinity":72,"s:122:8:122:Infinity":73,"s:123:8:123:Infinity":74,"s:124:8:124:Infinity":75,"s:125:8:125:Infinity":76,"s:128:4:143:Infinity":77}}}
,"/home/abishur/code/sel-programming-challenge/web/src/lib/utils.ts": {"path":"/home/abishur/code/sel-programming-challenge/web/src/lib/utils.ts","statementMap":{"0":{"start":{"line":5,"column":2},"end":{"line":5,"column":null}},"1":{"start":{"line":9,"column":14},"end":{"line":9,"column":null}},"2":{"start":{"line":10,"column":8},"end":{"line":10,"column":null}},"3":{"start":{"line":11,"column":2},"end":{"line":11,"column":null}}},"fnMap":{"0":{"name":"cn","decl":{"start":{"line":4,"column":16},"end":{"line":4,"column":19}},"loc":{"start":{"line":4,"column":44},"end":{"line":6,"column":null}},"line":4},"1":{"name":"statusGenerator","decl":{"start":{"line":8,"column":16},"end":{"line":8,"column":32}},"loc":{"start":{"line":8,"column":59},"end":{"line":12,"column":null}},"line":8}},"branchMap":{"0":{"loc":{"start":{"line":11,"column":10},"end":{"line":11,"column":null}},"type":"cond-expr","locations":[{"start":{"line":11,"column":31},"end":{"line":11,"column":42}},{"start":{"line":11,"column":42},"end":{"line":11,"column":null}}],"line":11},"1":{"loc":{"start":{"line":11,"column":42},"end":{"line":11,"column":null}},"type":"cond-expr","locations":[{"start":{"line":11,"column":63},"end":{"line":11,"column":73}},{"start":{"line":11,"column":73},"end":{"line":11,"column":null}}],"line":11}},"s":{"0":2210,"1":28,"2":28,"3":28},"f":{"0":2210,"1":28},"b":{"0":[26,2],"1":[1,1]},"meta":{"lastBranch":2,"lastFunction":2,"lastStatement":4,"seen":{"f:4:16:4:19":0,"s:5:2:5:Infinity":0,"f:8:16:8:32":1,"s:9:14:9:Infinity":1,"s:10:8:10:Infinity":2,"s:11:2:11:Infinity":3,"b:11:31:11:42:11:42:11:Infinity":0,"b:11:63:11:73:11:73:11:Infinity":1}}}
,"/home/abishur/code/sel-programming-challenge/web/src/services/apiService.ts": {"path":"/home/abishur/code/sel-programming-challenge/web/src/services/apiService.ts","statementMap":{"0":{"start":{"line":8,"column":35},"end":{"line":8,"column":null}},"1":{"start":{"line":9,"column":41},"end":{"line":9,"column":null}},"2":{"start":{"line":14,"column":8},"end":{"line":14,"column":null}},"3":{"start":{"line":15,"column":8},"end":{"line":15,"column":null}},"4":{"start":{"line":16,"column":8},"end":{"line":16,"column":null}},"5":{"start":{"line":20,"column":8},"end":{"line":20,"column":null}},"6":{"start":{"line":24,"column":8},"end":{"line":24,"column":null}},"7":{"start":{"line":25,"column":8},"end":{"line":25,"column":null}},"8":{"start":{"line":26,"column":8},"end":{"line":26,"column":null}},"9":{"start":{"line":30,"column":22},"end":{"line":30,"column":null}},"10":{"start":{"line":31,"column":32},"end":{"line":31,"column":null}},"11":{"start":{"line":32,"column":33},"end":{"line":32,"column":null}},"12":{"start":{"line":33,"column":23},"end":{"line":37,"column":null}},"13":{"start":{"line":38,"column":8},"end":{"line":42,"column":null}},"14":{"start":{"line":46,"column":8},"end":{"line":46,"column":null}},"15":{"start":{"line":47,"column":8},"end":{"line":47,"column":null}},"16":{"start":{"line":51,"column":25},"end":{"line":51,"column":null}},"17":{"start":{"line":52,"column":25},"end":{"line":52,"column":null}},"18":{"start":{"line":53,"column":8},"end":{"line":55,"column":null}},"19":{"start":{"line":54,"column":12},"end":{"line":54,"column":null}},"20":{"start":{"line":56,"column":8},"end":{"line":56,"column":null}},"21":{"start":{"line":60,"column":8},"end":{"line":60,"column":null}},"22":{"start":{"line":61,"column":8},"end":{"line":61,"column":null}},"23":{"start":{"line":62,"column":8},"end":{"line":62,"column":null}},"24":{"start":{"line":63,"column":8},"end":{"line":63,"column":null}},"25":{"start":{"line":67,"column":8},"end":{"line":67,"column":null}},"26":{"start":{"line":68,"column":8},"end":{"line":68,"column":null}},"27":{"start":{"line":69,"column":8},"end":{"line":69,"column":null}},"28":{"start":{"line":70,"column":8},"end":{"line":70,"column":null}},"29":{"start":{"line":74,"column":8},"end":{"line":76,"column":null}},"30":{"start":{"line":75,"column":12},"end":{"line":75,"column":null}},"31":{"start":{"line":77,"column":8},"end":{"line":77,"column":null}},"32":{"start":{"line":81,"column":8},"end":{"line":81,"column":null}},"33":{"start":{"line":85,"column":28},"end":{"line":85,"column":null}},"34":{"start":{"line":86,"column":29},"end":{"line":86,"column":null}},"35":{"start":{"line":87,"column":8},"end":{"line":87,"column":null}},"36":{"start":{"line":87,"column":51},"end":{"line":87,"column":null}},"37":{"start":{"line":89,"column":8},"end":{"line":92,"column":null}},"38":{"start":{"line":90,"column":12},"end":{"line":90,"column":null}},"39":{"start":{"line":91,"column":12},"end":{"line":91,"column":null}},"40":{"start":{"line":94,"column":8},"end":{"line":94,"column":null}},"41":{"start":{"line":95,"column":8},"end":{"line":95,"column":null}},"42":{"start":{"line":99,"column":8},"end":{"line":109,"column":null}},"43":{"start":{"line":101,"column":12},"end":{"line":103,"column":null}},"44":{"start":{"line":102,"column":16},"end":{"line":102,"column":null}},"45":{"start":{"line":104,"column":26},"end":{"line":104,"column":null}},"46":{"start":{"line":105,"column":12},"end":{"line":107,"column":null}},"47":{"start":{"line":106,"column":16},"end":{"line":106,"column":null}},"48":{"start":{"line":108,"column":12},"end":{"line":108,"column":null}},"49":{"start":{"line":111,"column":8},"end":{"line":144,"column":null}},"50":{"start":{"line":112,"column":26},"end":{"line":112,"column":null}},"51":{"start":{"line":114,"column":16},"end":{"line":141,"column":null}},"52":{"start":{"line":115,"column":45},"end":{"line":115,"column":null}},"53":{"start":{"line":116,"column":20},"end":{"line":116,"column":null}},"54":{"start":{"line":117,"column":20},"end":{"line":117,"column":null}},"55":{"start":{"line":117,"column":42},"end":{"line":117,"column":null}},"56":{"start":{"line":119,"column":21},"end":{"line":141,"column":null}},"57":{"start":{"line":124,"column":35},"end":{"line":124,"column":null}},"58":{"start":{"line":126,"column":20},"end":{"line":128,"column":null}},"59":{"start":{"line":127,"column":24},"end":{"line":127,"column":null}},"60":{"start":{"line":130,"column":20},"end":{"line":130,"column":null}},"61":{"start":{"line":132,"column":20},"end":{"line":132,"column":null}},"62":{"start":{"line":134,"column":20},"end":{"line":140,"column":null}},"63":{"start":{"line":135,"column":24},"end":{"line":135,"column":null}},"64":{"start":{"line":137,"column":24},"end":{"line":137,"column":null}},"65":{"start":{"line":138,"column":24},"end":{"line":138,"column":null}},"66":{"start":{"line":138,"column":55},"end":{"line":138,"column":79}},"67":{"start":{"line":139,"column":24},"end":{"line":139,"column":null}},"68":{"start":{"line":142,"column":16},"end":{"line":142,"column":null}},"69":{"start":{"line":148,"column":8},"end":{"line":184,"column":null}},"70":{"start":{"line":150,"column":16},"end":{"line":152,"column":null}},"71":{"start":{"line":153,"column":12},"end":{"line":158,"column":null}},"72":{"start":{"line":154,"column":16},"end":{"line":157,"column":null}},"73":{"start":{"line":160,"column":12},"end":{"line":165,"column":null}},"74":{"start":{"line":161,"column":16},"end":{"line":164,"column":null}},"75":{"start":{"line":167,"column":27},"end":{"line":167,"column":null}},"76":{"start":{"line":169,"column":17},"end":{"line":169,"column":null}},"77":{"start":{"line":171,"column":12},"end":{"line":177,"column":null}},"78":{"start":{"line":172,"column":16},"end":{"line":176,"column":null}},"79":{"start":{"line":179,"column":12},"end":{"line":183,"column":null}},"80":{"start":{"line":186,"column":8},"end":{"line":192,"column":null}},"81":{"start":{"line":187,"column":12},"end":{"line":191,"column":null}},"82":{"start":{"line":194,"column":8},"end":{"line":197,"column":null}},"83":{"start":{"line":201,"column":8},"end":{"line":210,"column":null}},"84":{"start":{"line":202,"column":26},"end":{"line":202,"column":null}},"85":{"start":{"line":203,"column":29},"end":{"line":205,"column":null}},"86":{"start":{"line":206,"column":12},"end":{"line":206,"column":null}},"87":{"start":{"line":207,"column":12},"end":{"line":207,"column":null}},"88":{"start":{"line":209,"column":12},"end":{"line":209,"column":null}},"89":{"start":{"line":214,"column":8},"end":{"line":219,"column":null}},"90":{"start":{"line":215,"column":29},"end":{"line":215,"column":null}},"91":{"start":{"line":216,"column":12},"end":{"line":216,"column":null}},"92":{"start":{"line":216,"column":35},"end":{"line":216,"column":52}},"93":{"start":{"line":216,"column":68},"end":{"line":216,"column":84}},"94":{"start":{"line":218,"column":12},"end":{"line":218,"column":null}},"95":{"start":{"line":223,"column":8},"end":{"line":227,"column":null}},"96":{"start":{"line":231,"column":8},"end":{"line":242,"column":null}},"97":{"start":{"line":232,"column":29},"end":{"line":232,"column":null}},"98":{"start":{"line":233,"column":12},"end":{"line":239,"column":null}},"99":{"start":{"line":241,"column":12},"end":{"line":241,"column":null}},"100":{"start":{"line":246,"column":26},"end":{"line":246,"column":null}}},"fnMap":{"0":{"name":"(anonymous_0)","decl":{"start":{"line":13,"column":4},"end":{"line":13,"column":16}},"loc":{"start":{"line":13,"column":50},"end":{"line":17,"column":null}},"line":13},"1":{"name":"(anonymous_1)","decl":{"start":{"line":19,"column":4},"end":{"line":19,"column":27}},"loc":{"start":{"line":19,"column":27},"end":{"line":21,"column":null}},"line":19},"2":{"name":"(anonymous_2)","decl":{"start":{"line":23,"column":4},"end":{"line":23,"column":16}},"loc":{"start":{"line":23,"column":102},"end":{"line":27,"column":null}},"line":23},"3":{"name":"(anonymous_3)","decl":{"start":{"line":29,"column":4},"end":{"line":29,"column":102}},"loc":{"start":{"line":29,"column":102},"end":{"line":43,"column":null}},"line":29},"4":{"name":"(anonymous_4)","decl":{"start":{"line":45,"column":4},"end":{"line":45,"column":19}},"loc":{"start":{"line":45,"column":61},"end":{"line":48,"column":null}},"line":45},"5":{"name":"(anonymous_5)","decl":{"start":{"line":50,"column":4},"end":{"line":50,"column":68}},"loc":{"start":{"line":50,"column":68},"end":{"line":57,"column":null}},"line":50},"6":{"name":"(anonymous_6)","decl":{"start":{"line":59,"column":4},"end":{"line":59,"column":13}},"loc":{"start":{"line":59,"column":60},"end":{"line":64,"column":null}},"line":59},"7":{"name":"(anonymous_7)","decl":{"start":{"line":66,"column":4},"end":{"line":66,"column":23}},"loc":{"start":{"line":66,"column":23},"end":{"line":71,"column":null}},"line":66},"8":{"name":"(anonymous_8)","decl":{"start":{"line":73,"column":4},"end":{"line":73,"column":28}},"loc":{"start":{"line":73,"column":28},"end":{"line":78,"column":null}},"line":73},"9":{"name":"(anonymous_9)","decl":{"start":{"line":80,"column":4},"end":{"line":80,"column":30}},"loc":{"start":{"line":80,"column":30},"end":{"line":82,"column":null}},"line":80},"10":{"name":"(anonymous_10)","decl":{"start":{"line":84,"column":4},"end":{"line":84,"column":12}},"loc":{"start":{"line":84,"column":39},"end":{"line":96,"column":null}},"line":84},"11":{"name":"(anonymous_11)","decl":{"start":{"line":98,"column":4},"end":{"line":98,"column":12}},"loc":{"start":{"line":98,"column":40},"end":{"line":145,"column":null}},"line":98},"12":{"name":"(anonymous_12)","decl":{"start":{"line":99,"column":39},"end":{"line":99,"column":44}},"loc":{"start":{"line":99,"column":55},"end":{"line":109,"column":9}},"line":99},"13":{"name":"(anonymous_13)","decl":{"start":{"line":111,"column":40},"end":{"line":111,"column":null}},"loc":{"start":{"line":112,"column":26},"end":{"line":112,"column":null}},"line":112},"14":{"name":"(anonymous_14)","decl":{"start":{"line":113,"column":12},"end":{"line":113,"column":19}},"loc":{"start":{"line":113,"column":29},"end":{"line":143,"column":null}},"line":113},"15":{"name":"(anonymous_15)","decl":{"start":{"line":138,"column":34},"end":{"line":138,"column":43}},"loc":{"start":{"line":138,"column":55},"end":{"line":138,"column":79}},"line":138},"16":{"name":"(anonymous_16)","decl":{"start":{"line":147,"column":4},"end":{"line":147,"column":12}},"loc":{"start":{"line":147,"column":47},"end":{"line":198,"column":null}},"line":147},"17":{"name":"(anonymous_17)","decl":{"start":{"line":200,"column":10},"end":{"line":200,"column":23}},"loc":{"start":{"line":200,"column":71},"end":{"line":211,"column":null}},"line":200},"18":{"name":"(anonymous_18)","decl":{"start":{"line":213,"column":10},"end":{"line":213,"column":42}},"loc":{"start":{"line":213,"column":42},"end":{"line":220,"column":null}},"line":213},"19":{"name":"(anonymous_19)","decl":{"start":{"line":216,"column":24},"end":{"line":216,"column":29}},"loc":{"start":{"line":216,"column":35},"end":{"line":216,"column":52}},"line":216},"20":{"name":"(anonymous_20)","decl":{"start":{"line":216,"column":54},"end":{"line":216,"column":62}},"loc":{"start":{"line":216,"column":68},"end":{"line":216,"column":84}},"line":216},"21":{"name":"(anonymous_21)","decl":{"start":{"line":222,"column":4},"end":{"line":222,"column":12}},"loc":{"start":{"line":222,"column":49},"end":{"line":228,"column":null}},"line":222},"22":{"name":"(anonymous_22)","decl":{"start":{"line":230,"column":10},"end":{"line":230,"column":25}},"loc":{"start":{"line":230,"column":67},"end":{"line":243,"column":null}},"line":230}},"branchMap":{"0":{"loc":{"start":{"line":13,"column":16},"end":{"line":13,"column":50}},"type":"default-arg","locations":[{"start":{"line":13,"column":38},"end":{"line":13,"column":50}}],"line":13},"1":{"loc":{"start":{"line":20,"column":15},"end":{"line":20,"column":null}},"type":"binary-expr","locations":[{"start":{"line":20,"column":15},"end":{"line":20,"column":45}},{"start":{"line":20,"column":45},"end":{"line":20,"column":null}}],"line":20},"2":{"loc":{"start":{"line":31,"column":32},"end":{"line":31,"column":null}},"type":"binary-expr","locations":[{"start":{"line":31,"column":32},"end":{"line":31,"column":90}},{"start":{"line":31,"column":90},"end":{"line":31,"column":null}}],"line":31},"3":{"loc":{"start":{"line":34,"column":19},"end":{"line":34,"column":null}},"type":"binary-expr","locations":[{"start":{"line":34,"column":19},"end":{"line":34,"column":28}},{"start":{"line":34,"column":28},"end":{"line":34,"column":null}}],"line":34},"4":{"loc":{"start":{"line":35,"column":29},"end":{"line":35,"column":null}},"type":"binary-expr","locations":[{"start":{"line":35,"column":29},"end":{"line":35,"column":48}},{"start":{"line":35,"column":48},"end":{"line":35,"column":null}}],"line":35},"5":{"loc":{"start":{"line":36,"column":30},"end":{"line":36,"column":null}},"type":"binary-expr","locations":[{"start":{"line":36,"column":30},"end":{"line":36,"column":50}},{"start":{"line":36,"column":50},"end":{"line":36,"column":null}}],"line":36},"6":{"loc":{"start":{"line":39,"column":19},"end":{"line":39,"column":null}},"type":"binary-expr","locations":[{"start":{"line":39,"column":19},"end":{"line":39,"column":35}},{"start":{"line":39,"column":35},"end":{"line":39,"column":null}}],"line":39},"7":{"loc":{"start":{"line":40,"column":29},"end":{"line":40,"column":null}},"type":"binary-expr","locations":[{"start":{"line":40,"column":29},"end":{"line":40,"column":55}},{"start":{"line":40,"column":55},"end":{"line":40,"column":null}}],"line":40},"8":{"loc":{"start":{"line":41,"column":30},"end":{"line":41,"column":null}},"type":"binary-expr","locations":[{"start":{"line":41,"column":30},"end":{"line":41,"column":57}},{"start":{"line":41,"column":57},"end":{"line":41,"column":null}}],"line":41},"9":{"loc":{"start":{"line":53,"column":8},"end":{"line":55,"column":null}},"type":"if","locations":[{"start":{"line":53,"column":8},"end":{"line":55,"column":null}},{"start":{},"end":{}}],"line":53},"10":{"loc":{"start":{"line":53,"column":12},"end":{"line":53,"column":34}},"type":"binary-expr","locations":[{"start":{"line":53,"column":12},"end":{"line":53,"column":24}},{"start":{"line":53,"column":24},"end":{"line":53,"column":34}}],"line":53},"11":{"loc":{"start":{"line":74,"column":8},"end":{"line":76,"column":null}},"type":"if","locations":[{"start":{"line":74,"column":8},"end":{"line":76,"column":null}},{"start":{},"end":{}}],"line":74},"12":{"loc":{"start":{"line":74,"column":12},"end":{"line":74,"column":95}},"type":"binary-expr","locations":[{"start":{"line":74,"column":12},"end":{"line":74,"column":35}},{"start":{"line":74,"column":35},"end":{"line":74,"column":64}},{"start":{"line":74,"column":64},"end":{"line":74,"column":95}}],"line":74},"13":{"loc":{"start":{"line":81,"column":15},"end":{"line":81,"column":null}},"type":"cond-expr","locations":[{"start":{"line":81,"column":37},"end":{"line":81,"column":50}},{"start":{"line":81,"column":50},"end":{"line":81,"column":null}}],"line":81},"14":{"loc":{"start":{"line":87,"column":8},"end":{"line":87,"column":null}},"type":"if","locations":[{"start":{"line":87,"column":8},"end":{"line":87,"column":null}},{"start":{},"end":{}}],"line":87},"15":{"loc":{"start":{"line":87,"column":12},"end":{"line":87,"column":51}},"type":"binary-expr","locations":[{"start":{"line":87,"column":12},"end":{"line":87,"column":28}},{"start":{"line":87,"column":28},"end":{"line":87,"column":51}}],"line":87},"16":{"loc":{"start":{"line":89,"column":8},"end":{"line":92,"column":null}},"type":"if","locations":[{"start":{"line":89,"column":8},"end":{"line":92,"column":null}},{"start":{},"end":{}}],"line":89},"17":{"loc":{"start":{"line":101,"column":12},"end":{"line":103,"column":null}},"type":"if","locations":[{"start":{"line":101,"column":12},"end":{"line":103,"column":null}},{"start":{},"end":{}}],"line":101},"18":{"loc":{"start":{"line":105,"column":12},"end":{"line":107,"column":null}},"type":"if","locations":[{"start":{"line":105,"column":12},"end":{"line":107,"column":null}},{"start":{},"end":{}}],"line":105},"19":{"loc":{"start":{"line":114,"column":16},"end":{"line":141,"column":null}},"type":"if","locations":[{"start":{"line":114,"column":16},"end":{"line":141,"column":null}},{"start":{"line":119,"column":21},"end":{"line":141,"column":null}}],"line":114},"20":{"loc":{"start":{"line":117,"column":20},"end":{"line":117,"column":null}},"type":"if","locations":[{"start":{"line":117,"column":20},"end":{"line":117,"column":null}},{"start":{},"end":{}}],"line":117},"21":{"loc":{"start":{"line":119,"column":21},"end":{"line":141,"column":null}},"type":"if","locations":[{"start":{"line":119,"column":21},"end":{"line":141,"column":null}},{"start":{},"end":{}}],"line":119},"22":{"loc":{"start":{"line":119,"column":25},"end":{"line":122,"column":null}},"type":"binary-expr","locations":[{"start":{"line":119,"column":25},"end":{"line":119,"column":null}},{"start":{"line":120,"column":20},"end":{"line":120,"column":null}},{"start":{"line":121,"column":20},"end":{"line":121,"column":null}},{"start":{"line":122,"column":20},"end":{"line":122,"column":null}}],"line":119},"23":{"loc":{"start":{"line":126,"column":20},"end":{"line":128,"column":null}},"type":"if","locations":[{"start":{"line":126,"column":20},"end":{"line":128,"column":null}},{"start":{},"end":{}}],"line":126},"24":{"loc":{"start":{"line":130,"column":40},"end":{"line":130,"column":null}},"type":"binary-expr","locations":[{"start":{"line":130,"column":40},"end":{"line":130,"column":61}},{"start":{"line":130,"column":61},"end":{"line":130,"column":null}}],"line":130},"25":{"loc":{"start":{"line":134,"column":20},"end":{"line":140,"column":null}},"type":"if","locations":[{"start":{"line":134,"column":20},"end":{"line":140,"column":null}},{"start":{"line":136,"column":27},"end":{"line":140,"column":null}}],"line":134},"26":{"loc":{"start":{"line":148,"column":8},"end":{"line":184,"column":null}},"type":"if","locations":[{"start":{"line":148,"column":8},"end":{"line":184,"column":null}},{"start":{},"end":{}}],"line":148},"27":{"loc":{"start":{"line":150,"column":16},"end":{"line":152,"column":null}},"type":"binary-expr","locations":[{"start":{"line":150,"column":16},"end":{"line":150,"column":null}},{"start":{"line":151,"column":16},"end":{"line":151,"column":null}},{"start":{"line":152,"column":16},"end":{"line":152,"column":null}}],"line":150},"28":{"loc":{"start":{"line":152,"column":32},"end":{"line":152,"column":51}},"type":"binary-expr","locations":[{"start":{"line":152,"column":32},"end":{"line":152,"column":49}},{"start":{"line":152,"column":49},"end":{"line":152,"column":51}}],"line":152},"29":{"loc":{"start":{"line":153,"column":12},"end":{"line":158,"column":null}},"type":"if","locations":[{"start":{"line":153,"column":12},"end":{"line":158,"column":null}},{"start":{},"end":{}}],"line":153},"30":{"loc":{"start":{"line":160,"column":12},"end":{"line":165,"column":null}},"type":"if","locations":[{"start":{"line":160,"column":12},"end":{"line":165,"column":null}},{"start":{},"end":{}}],"line":160},"31":{"loc":{"start":{"line":171,"column":12},"end":{"line":177,"column":null}},"type":"if","locations":[{"start":{"line":171,"column":12},"end":{"line":177,"column":null}},{"start":{},"end":{}}],"line":171},"32":{"loc":{"start":{"line":173,"column":29},"end":{"line":173,"column":null}},"type":"binary-expr","locations":[{"start":{"line":173,"column":29},"end":{"line":173,"column":39}},{"start":{"line":173,"column":39},"end":{"line":173,"column":null}}],"line":173},"33":{"loc":{"start":{"line":180,"column":25},"end":{"line":180,"column":null}},"type":"binary-expr","locations":[{"start":{"line":180,"column":25},"end":{"line":180,"column":35}},{"start":{"line":180,"column":35},"end":{"line":180,"column":null}}],"line":180},"34":{"loc":{"start":{"line":186,"column":8},"end":{"line":192,"column":null}},"type":"if","locations":[{"start":{"line":186,"column":8},"end":{"line":192,"column":null}},{"start":{},"end":{}}],"line":186},"35":{"loc":{"start":{"line":195,"column":21},"end":{"line":195,"column":null}},"type":"cond-expr","locations":[{"start":{"line":195,"column":46},"end":{"line":195,"column":62}},{"start":{"line":195,"column":62},"end":{"line":195,"column":null}}],"line":195}},"s":{"0":24,"1":24,"2":24,"3":24,"4":24,"5":2,"6":1,"7":1,"8":1,"9":2,"10":2,"11":2,"12":2,"13":2,"14":1,"15":1,"16":2,"17":2,"18":2,"19":1,"20":1,"21":18,"22":18,"23":18,"24":18,"25":4,"26":4,"27":4,"28":4,"29":63,"30":57,"31":6,"32":59,"33":24,"34":24,"35":24,"36":22,"37":2,"38":1,"39":1,"40":1,"41":1,"42":24,"43":77,"44":19,"45":58,"46":58,"47":54,"48":58,"49":24,"50":53,"51":24,"52":3,"53":3,"54":3,"55":1,"56":21,"57":21,"58":21,"59":3,"60":18,"61":21,"62":21,"63":6,"64":12,"65":12,"66":12,"67":12,"68":3,"69":11,"70":9,"71":9,"72":2,"73":7,"74":1,"75":6,"76":6,"77":9,"78":2,"79":4,"80":2,"81":0,"82":2,"83":7,"84":7,"85":7,"86":3,"87":3,"88":4,"89":16,"90":16,"91":12,"92":36,"93":36,"94":4,"95":36,"96":39,"97":39,"98":36,"99":3,"100":2},"f":{"0":24,"1":2,"2":1,"3":2,"4":1,"5":2,"6":18,"7":4,"8":63,"9":59,"10":24,"11":24,"12":77,"13":53,"14":24,"15":12,"16":11,"17":7,"18":16,"19":36,"20":36,"21":36,"22":39},"b":{"0":[24],"1":[2,1],"2":[2,1],"3":[2,1],"4":[2,1],"5":[2,0],"6":[2,0],"7":[2,0],"8":[2,0],"9":[1,1],"10":[2,1],"11":[57,6],"12":[63,57,57],"13":[55,4],"14":[22,2],"15":[24,2],"16":[1,1],"17":[19,58],"18":[54,4],"19":[3,21],"20":[1,2],"21":[21,0],"22":[21,0,0,0],"23":[3,18],"24":[18,6],"25":[6,12],"26":[9,2],"27":[9,8,7],"28":[7,0],"29":[2,7],"30":[1,6],"31":[2,7],"32":[2,1],"33":[4,3],"34":[0,2],"35":[1,1]},"meta":{"lastBranch":36,"lastFunction":23,"lastStatement":101,"seen":{"s:8:35:8:Infinity":0,"s:9:41:9:Infinity":1,"f:13:4:13:16":0,"b:13:38:13:50":0,"s:14:8:14:Infinity":2,"s:15:8:15:Infinity":3,"s:16:8:16:Infinity":4,"f:19:4:19:27":1,"s:20:8:20:Infinity":5,"b:20:15:20:45:20:45:20:Infinity":1,"f:23:4:23:16":2,"s:24:8:24:Infinity":6,"s:25:8:25:Infinity":7,"s:26:8:26:Infinity":8,"f:29:4:29:102":3,"s:30:22:30:Infinity":9,"s:31:32:31:Infinity":10,"b:31:32:31:90:31:90:31:Infinity":2,"s:32:33:32:Infinity":11,"s:33:23:37:Infinity":12,"b:34:19:34:28:34:28:34:Infinity":3,"b:35:29:35:48:35:48:35:Infinity":4,"b:36:30:36:50:36:50:36:Infinity":5,"s:38:8:42:Infinity":13,"b:39:19:39:35:39:35:39:Infinity":6,"b:40:29:40:55:40:55:40:Infinity":7,"b:41:30:41:57:41:57:41:Infinity":8,"f:45:4:45:19":4,"s:46:8:46:Infinity":14,"s:47:8:47:Infinity":15,"f:50:4:50:68":5,"s:51:25:51:Infinity":16,"s:52:25:52:Infinity":17,"b:53:8:55:Infinity:undefined:undefined:undefined:undefined":9,"s:53:8:55:Infinity":18,"b:53:12:53:24:53:24:53:34":10,"s:54:12:54:Infinity":19,"s:56:8:56:Infinity":20,"f:59:4:59:13":6,"s:60:8:60:Infinity":21,"s:61:8:61:Infinity":22,"s:62:8:62:Infinity":23,"s:63:8:63:Infinity":24,"f:66:4:66:23":7,"s:67:8:67:Infinity":25,"s:68:8:68:Infinity":26,"s:69:8:69:Infinity":27,"s:70:8:70:Infinity":28,"f:73:4:73:28":8,"b:74:8:76:Infinity:undefined:undefined:undefined:undefined":11,"s:74:8:76:Infinity":29,"b:74:12:74:35:74:35:74:64:74:64:74:95":12,"s:75:12:75:Infinity":30,"s:77:8:77:Infinity":31,"f:80:4:80:30":9,"s:81:8:81:Infinity":32,"b:81:37:81:50:81:50:81:Infinity":13,"f:84:4:84:12":10,"s:85:28:85:Infinity":33,"s:86:29:86:Infinity":34,"b:87:8:87:Infinity:undefined:undefined:undefined:undefined":14,"s:87:8:87:Infinity":35,"b:87:12:87:28:87:28:87:51":15,"s:87:51:87:Infinity":36,"b:89:8:92:Infinity:undefined:undefined:undefined:undefined":16,"s:89:8:92:Infinity":37,"s:90:12:90:Infinity":38,"s:91:12:91:Infinity":39,"s:94:8:94:Infinity":40,"s:95:8:95:Infinity":41,"f:98:4:98:12":11,"s:99:8:109:Infinity":42,"f:99:39:99:44":12,"b:101:12:103:Infinity:undefined:undefined:undefined:undefined":17,"s:101:12:103:Infinity":43,"s:102:16:102:Infinity":44,"s:104:26:104:Infinity":45,"b:105:12:107:Infinity:undefined:undefined:undefined:undefined":18,"s:105:12:107:Infinity":46,"s:106:16:106:Infinity":47,"s:108:12:108:Infinity":48,"s:111:8:144:Infinity":49,"f:111:40:111:Infinity":13,"s:112:26:112:Infinity":50,"f:113:12:113:19":14,"b:114:16:141:Infinity:119:21:141:Infinity":19,"s:114:16:141:Infinity":51,"s:115:45:115:Infinity":52,"s:116:20:116:Infinity":53,"b:117:20:117:Infinity:undefined:undefined:undefined:undefined":20,"s:117:20:117:Infinity":54,"s:117:42:117:Infinity":55,"b:119:21:141:Infinity:undefined:undefined:undefined:undefined":21,"s:119:21:141:Infinity":56,"b:119:25:119:Infinity:120:20:120:Infinity:121:20:121:Infinity:122:20:122:Infinity":22,"s:124:35:124:Infinity":57,"b:126:20:128:Infinity:undefined:undefined:undefined:undefined":23,"s:126:20:128:Infinity":58,"s:127:24:127:Infinity":59,"s:130:20:130:Infinity":60,"b:130:40:130:61:130:61:130:Infinity":24,"s:132:20:132:Infinity":61,"b:134:20:140:Infinity:136:27:140:Infinity":25,"s:134:20:140:Infinity":62,"s:135:24:135:Infinity":63,"s:137:24:137:Infinity":64,"s:138:24:138:Infinity":65,"f:138:34:138:43":15,"s:138:55:138:79":66,"s:139:24:139:Infinity":67,"s:142:16:142:Infinity":68,"f:147:4:147:12":16,"b:148:8:184:Infinity:undefined:undefined:undefined:undefined":26,"s:148:8:184:Infinity":69,"s:150:16:152:Infinity":70,"b:150:16:150:Infinity:151:16:151:Infinity:152:16:152:Infinity":27,"b:152:32:152:49:152:49:152:51":28,"b:153:12:158:Infinity:undefined:undefined:undefined:undefined":29,"s:153:12:158:Infinity":71,"s:154:16:157:Infinity":72,"b:160:12:165:Infinity:undefined:undefined:undefined:undefined":30,"s:160:12:165:Infinity":73,"s:161:16:164:Infinity":74,"s:167:27:167:Infinity":75,"s:169:17:169:Infinity":76,"b:171:12:177:Infinity:undefined:undefined:undefined:undefined":31,"s:171:12:177:Infinity":77,"s:172:16:176:Infinity":78,"b:173:29:173:39:173:39:173:Infinity":32,"s:179:12:183:Infinity":79,"b:180:25:180:35:180:35:180:Infinity":33,"b:186:8:192:Infinity:undefined:undefined:undefined:undefined":34,"s:186:8:192:Infinity":80,"s:187:12:191:Infinity":81,"s:194:8:197:Infinity":82,"b:195:46:195:62:195:62:195:Infinity":35,"f:200:10:200:23":17,"s:201:8:210:Infinity":83,"s:202:26:202:Infinity":84,"s:203:29:205:Infinity":85,"s:206:12:206:Infinity":86,"s:207:12:207:Infinity":87,"s:209:12:209:Infinity":88,"f:213:10:213:42":18,"s:214:8:219:Infinity":89,"s:215:29:215:Infinity":90,"s:216:12:216:Infinity":91,"f:216:24:216:29":19,"s:216:35:216:52":92,"f:216:54:216:62":20,"s:216:68:216:84":93,"s:218:12:218:Infinity":94,"f:222:4:222:12":21,"s:223:8:227:Infinity":95,"f:230:10:230:25":22,"s:231:8:242:Infinity":96,"s:232:29:232:Infinity":97,"s:233:12:239:Infinity":98,"s:241:12:241:Infinity":99,"s:246:26:246:Infinity":100}}}
,"/home/abishur/code/sel-programming-challenge/web/src/services/storageService.ts": {"path":"/home/abishur/code/sel-programming-challenge/web/src/services/storageService.ts","statementMap":{"0":{"start":{"line":1,"column":28},"end":{"line":9,"column":null}},"1":{"start":{"line":14,"column":4},"end":{"line":18,"column":null}},"2":{"start":{"line":15,"column":8},"end":{"line":15,"column":null}},"3":{"start":{"line":17,"column":8},"end":{"line":17,"column":null}},"4":{"start":{"line":22,"column":4},"end":{"line":26,"column":null}},"5":{"start":{"line":23,"column":8},"end":{"line":23,"column":null}},"6":{"start":{"line":25,"column":8},"end":{"line":25,"column":null}},"7":{"start":{"line":30,"column":4},"end":{"line":34,"column":null}},"8":{"start":{"line":31,"column":8},"end":{"line":31,"column":null}},"9":{"start":{"line":33,"column":8},"end":{"line":33,"column":null}},"10":{"start":{"line":37,"column":30},"end":{"line":72,"column":null}},"11":{"start":{"line":39,"column":8},"end":{"line":39,"column":null}},"12":{"start":{"line":43,"column":8},"end":{"line":43,"column":null}},"13":{"start":{"line":47,"column":8},"end":{"line":47,"column":null}},"14":{"start":{"line":51,"column":20},"end":{"line":51,"column":null}},"15":{"start":{"line":52,"column":8},"end":{"line":52,"column":null}},"16":{"start":{"line":52,"column":26},"end":{"line":52,"column":null}},"17":{"start":{"line":53,"column":18},"end":{"line":53,"column":null}},"18":{"start":{"line":54,"column":8},"end":{"line":54,"column":null}},"19":{"start":{"line":58,"column":8},"end":{"line":58,"column":null}},"20":{"start":{"line":62,"column":8},"end":{"line":62,"column":null}},"21":{"start":{"line":66,"column":8},"end":{"line":66,"column":null}},"22":{"start":{"line":70,"column":8},"end":{"line":70,"column":null}},"23":{"start":{"line":70,"column":55},"end":{"line":70,"column":null}}},"fnMap":{"0":{"name":"GetStorage","decl":{"start":{"line":13,"column":9},"end":{"line":13,"column":20}},"loc":{"start":{"line":13,"column":48},"end":{"line":19,"column":null}},"line":13},"1":{"name":"SetStorage","decl":{"start":{"line":21,"column":9},"end":{"line":21,"column":20}},"loc":{"start":{"line":21,"column":54},"end":{"line":27,"column":null}},"line":21},"2":{"name":"safeRemove","decl":{"start":{"line":29,"column":9},"end":{"line":29,"column":20}},"loc":{"start":{"line":29,"column":39},"end":{"line":35,"column":null}},"line":29},"3":{"name":"(anonymous_3)","decl":{"start":{"line":38,"column":4},"end":{"line":38,"column":8}},"loc":{"start":{"line":38,"column":40},"end":{"line":40,"column":null}},"line":38},"4":{"name":"(anonymous_4)","decl":{"start":{"line":42,"column":4},"end":{"line":42,"column":8}},"loc":{"start":{"line":42,"column":46},"end":{"line":44,"column":null}},"line":42},"5":{"name":"(anonymous_5)","decl":{"start":{"line":46,"column":4},"end":{"line":46,"column":11}},"loc":{"start":{"line":46,"column":34},"end":{"line":48,"column":null}},"line":46},"6":{"name":"(anonymous_6)","decl":{"start":{"line":50,"column":4},"end":{"line":50,"column":14}},"loc":{"start":{"line":50,"column":46},"end":{"line":55,"column":null}},"line":50},"7":{"name":"(anonymous_7)","decl":{"start":{"line":57,"column":4},"end":{"line":57,"column":14}},"loc":{"start":{"line":57,"column":52},"end":{"line":59,"column":null}},"line":57},"8":{"name":"(anonymous_8)","decl":{"start":{"line":61,"column":4},"end":{"line":61,"column":15}},"loc":{"start":{"line":61,"column":41},"end":{"line":63,"column":null}},"line":61},"9":{"name":"(anonymous_9)","decl":{"start":{"line":65,"column":4},"end":{"line":65,"column":15}},"loc":{"start":{"line":65,"column":54},"end":{"line":67,"column":null}},"line":65},"10":{"name":"(anonymous_10)","decl":{"start":{"line":69,"column":4},"end":{"line":69,"column":21}},"loc":{"start":{"line":69,"column":21},"end":{"line":71,"column":null}},"line":69}},"branchMap":{"0":{"loc":{"start":{"line":52,"column":8},"end":{"line":52,"column":null}},"type":"if","locations":[{"start":{"line":52,"column":8},"end":{"line":52,"column":null}},{"start":{},"end":{}}],"line":52},"1":{"loc":{"start":{"line":54,"column":15},"end":{"line":54,"column":null}},"type":"cond-expr","locations":[{"start":{"line":54,"column":36},"end":{"line":54,"column":40}},{"start":{"line":54,"column":40},"end":{"line":54,"column":null}}],"line":54}},"s":{"0":3,"1":69,"2":69,"3":0,"4":48,"5":48,"6":0,"7":16,"8":16,"9":0,"10":3,"11":35,"12":25,"13":9,"14":29,"15":29,"16":24,"17":5,"18":5,"19":20,"20":5,"21":3,"22":1,"23":7},"f":{"0":69,"1":48,"2":16,"3":35,"4":25,"5":9,"6":29,"7":20,"8":5,"9":3,"10":1},"b":{"0":[24,5],"1":[4,1]},"meta":{"lastBranch":2,"lastFunction":11,"lastStatement":24,"seen":{"s:1:28:9:Infinity":0,"f:13:9:13:20":0,"s:14:4:18:Infinity":1,"s:15:8:15:Infinity":2,"s:17:8:17:Infinity":3,"f:21:9:21:20":1,"s:22:4:26:Infinity":4,"s:23:8:23:Infinity":5,"s:25:8:25:Infinity":6,"f:29:9:29:20":2,"s:30:4:34:Infinity":7,"s:31:8:31:Infinity":8,"s:33:8:33:Infinity":9,"s:37:30:72:Infinity":10,"f:38:4:38:8":3,"s:39:8:39:Infinity":11,"f:42:4:42:8":4,"s:43:8:43:Infinity":12,"f:46:4:46:11":5,"s:47:8:47:Infinity":13,"f:50:4:50:14":6,"s:51:20:51:Infinity":14,"b:52:8:52:Infinity:undefined:undefined:undefined:undefined":0,"s:52:8:52:Infinity":15,"s:52:26:52:Infinity":16,"s:53:18:53:Infinity":17,"s:54:8:54:Infinity":18,"b:54:36:54:40:54:40:54:Infinity":1,"f:57:4:57:14":7,"s:58:8:58:Infinity":19,"f:61:4:61:15":8,"s:62:8:62:Infinity":20,"f:65:4:65:15":9,"s:66:8:66:Infinity":21,"f:69:4:69:21":10,"s:70:8:70:Infinity":22,"s:70:55:70:Infinity":23}}}
}
